[ 2016-06-06T17:03:38+08:00 ] ::1 /leader/admin
INFO: [ app_init ] --START--
INFO: Run Behavior\BuildLiteBehavior [ RunTime:0.000013s ]
INFO: [ app_init ] --END-- [ RunTime:0.000422s ]
INFO: [ app_begin ] --START--
INFO: Run Behavior\ReadHtmlCacheBehavior [ RunTime:0.000594s ]
INFO: [ app_begin ] --END-- [ RunTime:0.000641s ]

[ 2016-06-06T17:03:38+08:00 ] ::1 /leader/Admin/Login/index.html
INFO: [ app_init ] --START--
INFO: Run Behavior\BuildLiteBehavior [ RunTime:0.000013s ]
INFO: [ app_init ] --END-- [ RunTime:0.000414s ]
INFO: [ app_begin ] --START--
INFO: Run Behavior\ReadHtmlCacheBehavior [ RunTime:0.000578s ]
INFO: [ app_begin ] --END-- [ RunTime:0.000628s ]
INFO: [ view_parse ] --START--
INFO: [ template_filter ] --START--
INFO: Run Behavior\ContentReplaceBehavior [ RunTime:0.000053s ]
INFO: [ template_filter ] --END-- [ RunTime:0.000103s ]
INFO: Run Behavior\ParseTemplateBehavior [ RunTime:0.005716s ]
INFO: [ view_parse ] --END-- [ RunTime:0.005782s ]
INFO: [ view_filter ] --START--
INFO: Run Behavior\WriteHtmlCacheBehavior [ RunTime:0.000447s ]
INFO: [ view_filter ] --END-- [ RunTime:0.000490s ]
INFO: [ app_end ] --START--
INFO: Run Behavior\ShowPageTraceBehavior [ RunTime:0.000649s ]
INFO: [ app_end ] --END-- [ RunTime:0.000709s ]

[ 2016-06-06T17:03:40+08:00 ] ::1 /leader/Admin/Login/login.html
INFO: [ app_init ] --START--
INFO: Run Behavior\BuildLiteBehavior [ RunTime:0.000013s ]
INFO: [ app_init ] --END-- [ RunTime:0.000419s ]
INFO: [ app_begin ] --START--
INFO: Run Behavior\ReadHtmlCacheBehavior [ RunTime:0.000610s ]
INFO: [ app_begin ] --END-- [ RunTime:0.000661s ]
ERR: SQLSTATE[28000] [1045] Access denied for user 'root'@'localhost' (using password: YES)

[ 2016-06-06T17:15:13+08:00 ] ::1 /leader/Admin/Login/login.html
INFO: [ app_init ] --START--
INFO: Run Behavior\BuildLiteBehavior [ RunTime:0.000013s ]
INFO: [ app_init ] --END-- [ RunTime:0.000449s ]
INFO: [ app_begin ] --START--
INFO: Run Behavior\ReadHtmlCacheBehavior [ RunTime:0.000700s ]
INFO: [ app_begin ] --END-- [ RunTime:0.000769s ]
ERR: SQLSTATE[28000] [1045] Access denied for user 'root'@'localhost' (using password: YES)

[ 2016-06-06T17:15:35+08:00 ] ::1 /leader/Admin/Login/login.html
INFO: [ app_init ] --START--
INFO: Run Behavior\BuildLiteBehavior [ RunTime:0.000025s ]
INFO: [ app_init ] --END-- [ RunTime:0.000838s ]
INFO: [ app_begin ] --START--
INFO: Run Behavior\ReadHtmlCacheBehavior [ RunTime:0.001008s ]
INFO: [ app_begin ] --END-- [ RunTime:0.001102s ]
ERR: SQLSTATE[42000] [1049] Unknown database 'admin'

[ 2016-06-06T17:18:41+08:00 ] ::1 /leader/admin
INFO: [ app_init ] --START--
INFO: Run Behavior\BuildLiteBehavior [ RunTime:0.000013s ]
INFO: [ app_init ] --END-- [ RunTime:0.000447s ]
INFO: [ app_begin ] --START--
INFO: Run Behavior\ReadHtmlCacheBehavior [ RunTime:0.000600s ]
INFO: [ app_begin ] --END-- [ RunTime:0.000648s ]

[ 2016-06-06T17:18:41+08:00 ] ::1 /leader/Admin/Login/index.html
INFO: [ app_init ] --START--
INFO: Run Behavior\BuildLiteBehavior [ RunTime:0.000013s ]
INFO: [ app_init ] --END-- [ RunTime:0.000392s ]
INFO: [ app_begin ] --START--
INFO: Run Behavior\ReadHtmlCacheBehavior [ RunTime:0.000618s ]
INFO: [ app_begin ] --END-- [ RunTime:0.000679s ]
INFO: [ view_parse ] --START--
INFO: [ template_filter ] --START--
INFO: Run Behavior\ContentReplaceBehavior [ RunTime:0.000046s ]
INFO: [ template_filter ] --END-- [ RunTime:0.000109s ]
INFO: Run Behavior\ParseTemplateBehavior [ RunTime:0.005723s ]
INFO: [ view_parse ] --END-- [ RunTime:0.005779s ]
INFO: [ view_filter ] --START--
INFO: Run Behavior\WriteHtmlCacheBehavior [ RunTime:0.000512s ]
INFO: [ view_filter ] --END-- [ RunTime:0.000559s ]
INFO: [ app_end ] --START--
INFO: Run Behavior\ShowPageTraceBehavior [ RunTime:0.000704s ]
INFO: [ app_end ] --END-- [ RunTime:0.000745s ]

[ 2016-06-06T17:18:43+08:00 ] ::1 /leader/Admin/Login/login.html
INFO: [ app_init ] --START--
INFO: Run Behavior\BuildLiteBehavior [ RunTime:0.000012s ]
INFO: [ app_init ] --END-- [ RunTime:0.000429s ]
INFO: [ app_begin ] --START--
INFO: Run Behavior\ReadHtmlCacheBehavior [ RunTime:0.000588s ]
INFO: [ app_begin ] --END-- [ RunTime:0.000640s ]
ERR: SQLSTATE[42000] [1049] Unknown database 'admin'

[ 2016-06-06T17:19:00+08:00 ] ::1 /leader/Admin/Login/login.html
INFO: [ app_init ] --START--
INFO: Run Behavior\BuildLiteBehavior [ RunTime:0.000020s ]
INFO: [ app_init ] --END-- [ RunTime:0.000603s ]
INFO: [ app_begin ] --START--
INFO: Run Behavior\ReadHtmlCacheBehavior [ RunTime:0.000675s ]
INFO: [ app_begin ] --END-- [ RunTime:0.000807s ]
SQL: SHOW COLUMNS FROM `zz_admin` [ RunTime:0.0411s ]
SQL: SELECT * FROM `zz_admin` WHERE ( account = 'admin' ) LIMIT 1   [ RunTime:0.0018s ]
NOTIC: [8] Undefined index: href C:\PHPstudy\WWW\leader\App\Admin\Controller\LoginController.class.php 第 20 行.
SQL: SHOW COLUMNS FROM `zz_log` [ RunTime:0.0267s ]
SQL: INSERT INTO `zz_log` (`user`,`ip`,`log`) VALUES ('admin','::1','登录成功') [ RunTime:0.0307s ]

[ 2016-06-06T17:19:01+08:00 ] ::1 /leader/Admin/Index/index.html
INFO: [ app_init ] --START--
INFO: Run Behavior\BuildLiteBehavior [ RunTime:0.000021s ]
INFO: [ app_init ] --END-- [ RunTime:0.000703s ]
INFO: [ app_begin ] --START--
INFO: Run Behavior\ReadHtmlCacheBehavior [ RunTime:0.001181s ]
INFO: [ app_begin ] --END-- [ RunTime:0.001283s ]
SQL: SHOW COLUMNS FROM `zz_log` [ RunTime:0.0107s ]
SQL: SELECT * FROM `zz_log` ORDER BY time desc  [ RunTime:0.0011s ]
INFO: [ view_parse ] --START--
INFO: [ template_filter ] --START--
INFO: Run Behavior\ContentReplaceBehavior [ RunTime:0.000233s ]
INFO: [ template_filter ] --END-- [ RunTime:0.000365s ]
NOTIC: [8] Undefined index: href C:\PHPstudy\WWW\leader\App\Runtime\Cache\Admin\9df924d9a2d217daa77a359c5bee0c33.php 第 82 行.
NOTIC: [8] Undefined index: href C:\PHPstudy\WWW\leader\App\Runtime\Cache\Admin\9df924d9a2d217daa77a359c5bee0c33.php 第 88 行.
NOTIC: [8] Undefined variable: page C:\PHPstudy\WWW\leader\App\Runtime\Cache\Admin\9df924d9a2d217daa77a359c5bee0c33.php 第 209 行.
INFO: Run Behavior\ParseTemplateBehavior [ RunTime:0.036201s ]
INFO: [ view_parse ] --END-- [ RunTime:0.036426s ]
INFO: [ view_filter ] --START--
INFO: Run Behavior\WriteHtmlCacheBehavior [ RunTime:0.001129s ]
INFO: [ view_filter ] --END-- [ RunTime:0.001230s ]
INFO: [ app_end ] --START--
INFO: Run Behavior\ShowPageTraceBehavior [ RunTime:0.002392s ]
INFO: [ app_end ] --END-- [ RunTime:0.002529s ]

[ 2016-06-06T17:19:08+08:00 ] ::1 /leader/Admin/User/index.html
INFO: [ app_init ] --START--
INFO: Run Behavior\BuildLiteBehavior [ RunTime:0.000014s ]
INFO: [ app_init ] --END-- [ RunTime:0.000393s ]
INFO: [ app_begin ] --START--
INFO: Run Behavior\ReadHtmlCacheBehavior [ RunTime:0.000604s ]
INFO: [ app_begin ] --END-- [ RunTime:0.000654s ]
ERR: 1146:Table 'zhds.zz_user' doesn't exist
 [ SQL语句 ] : SHOW COLUMNS FROM `zz_user`
ERR: 1146:Table 'zhds.zz_user' doesn't exist
 [ SQL语句 ] : SHOW COLUMNS FROM `zz_user`

[ 2016-06-06T17:21:53+08:00 ] ::1 /leader/Admin/Index/index.html
INFO: [ app_init ] --START--
INFO: Run Behavior\BuildLiteBehavior [ RunTime:0.000015s ]
INFO: [ app_init ] --END-- [ RunTime:0.000512s ]
INFO: [ app_begin ] --START--
INFO: Run Behavior\ReadHtmlCacheBehavior [ RunTime:0.000704s ]
INFO: [ app_begin ] --END-- [ RunTime:0.000755s ]
ERR: SQLSTATE[42000] [1049] Unknown database 'admin'

[ 2016-06-06T17:21:59+08:00 ] ::1 /leader/Admin/Login/login.html
INFO: [ app_init ] --START--
INFO: Run Behavior\BuildLiteBehavior [ RunTime:0.000013s ]
INFO: [ app_init ] --END-- [ RunTime:0.000429s ]
INFO: [ app_begin ] --START--
INFO: Run Behavior\ReadHtmlCacheBehavior [ RunTime:0.000541s ]
INFO: [ app_begin ] --END-- [ RunTime:0.000590s ]
ERR: SQLSTATE[42000] [1049] Unknown database 'admin'

[ 2016-06-06T17:22:07+08:00 ] ::1 /leader/Admin/Login/login.html
INFO: [ app_init ] --START--
INFO: Run Behavior\BuildLiteBehavior [ RunTime:0.000013s ]
INFO: [ app_init ] --END-- [ RunTime:0.000437s ]
INFO: [ app_begin ] --START--
INFO: Run Behavior\ReadHtmlCacheBehavior [ RunTime:0.000576s ]
INFO: [ app_begin ] --END-- [ RunTime:0.000624s ]
SQL: SHOW COLUMNS FROM `zz_admin` [ RunTime:0.0042s ]
SQL: SELECT * FROM `zz_admin` WHERE ( account = 'admin' ) LIMIT 1   [ RunTime:0.0003s ]
NOTIC: [8] Undefined index: href C:\PHPstudy\WWW\leader\App\Admin\Controller\LoginController.class.php 第 20 行.
SQL: SHOW COLUMNS FROM `zz_log` [ RunTime:0.0048s ]
SQL: INSERT INTO `zz_log` (`user`,`ip`,`log`) VALUES ('admin','::1','登录成功') [ RunTime:0.0253s ]

[ 2016-06-06T17:22:08+08:00 ] ::1 /leader/Admin/Index/index.html
INFO: [ app_init ] --START--
INFO: Run Behavior\BuildLiteBehavior [ RunTime:0.000023s ]
INFO: [ app_init ] --END-- [ RunTime:0.000638s ]
INFO: [ app_begin ] --START--
INFO: Run Behavior\ReadHtmlCacheBehavior [ RunTime:0.000943s ]
INFO: [ app_begin ] --END-- [ RunTime:0.001041s ]
SQL: SHOW COLUMNS FROM `zz_log` [ RunTime:0.0033s ]
SQL: SELECT * FROM `zz_log` ORDER BY time desc  [ RunTime:0.0005s ]
INFO: [ view_parse ] --START--
INFO: [ template_filter ] --START--
INFO: Run Behavior\ContentReplaceBehavior [ RunTime:0.000096s ]
INFO: [ template_filter ] --END-- [ RunTime:0.000163s ]
NOTIC: [8] Undefined index: href C:\PHPstudy\WWW\leader\App\Runtime\Cache\Admin\9df924d9a2d217daa77a359c5bee0c33.php 第 82 行.
NOTIC: [8] Undefined index: href C:\PHPstudy\WWW\leader\App\Runtime\Cache\Admin\9df924d9a2d217daa77a359c5bee0c33.php 第 88 行.
NOTIC: [8] Undefined variable: page C:\PHPstudy\WWW\leader\App\Runtime\Cache\Admin\9df924d9a2d217daa77a359c5bee0c33.php 第 209 行.
INFO: Run Behavior\ParseTemplateBehavior [ RunTime:0.014945s ]
INFO: [ view_parse ] --END-- [ RunTime:0.015043s ]
INFO: [ view_filter ] --START--
INFO: Run Behavior\WriteHtmlCacheBehavior [ RunTime:0.000722s ]
INFO: [ view_filter ] --END-- [ RunTime:0.000778s ]
INFO: [ app_end ] --START--
INFO: Run Behavior\ShowPageTraceBehavior [ RunTime:0.000984s ]
INFO: [ app_end ] --END-- [ RunTime:0.001066s ]

[ 2016-06-06T17:29:14+08:00 ] ::1 /leader/Admin/User/index.html
INFO: [ app_init ] --START--
INFO: Run Behavior\BuildLiteBehavior [ RunTime:0.000012s ]
INFO: [ app_init ] --END-- [ RunTime:0.000462s ]
INFO: [ app_begin ] --START--
INFO: Run Behavior\ReadHtmlCacheBehavior [ RunTime:0.000633s ]
INFO: [ app_begin ] --END-- [ RunTime:0.000681s ]
ERR: 1146:Table 'zhds.zz_user' doesn't exist
 [ SQL语句 ] : SHOW COLUMNS FROM `zz_user`
ERR: 1146:Table 'zhds.zz_user' doesn't exist
 [ SQL语句 ] : SHOW COLUMNS FROM `zz_user`

[ 2016-06-06T17:31:03+08:00 ] ::1 /leader/Admin/Admin/index.html
INFO: [ app_init ] --START--
INFO: Run Behavior\BuildLiteBehavior [ RunTime:0.000013s ]
INFO: [ app_init ] --END-- [ RunTime:0.000451s ]
INFO: [ app_begin ] --START--
INFO: Run Behavior\ReadHtmlCacheBehavior [ RunTime:0.000686s ]
INFO: [ app_begin ] --END-- [ RunTime:0.000741s ]
SQL: SHOW COLUMNS FROM `zz_admin` [ RunTime:0.0096s ]
SQL: SELECT COUNT(*) AS tp_count FROM `zz_admin` LIMIT 1   [ RunTime:0.0007s ]
SQL: SELECT * FROM `zz_admin` ORDER BY id asc LIMIT 0,8   [ RunTime:0.0007s ]
INFO: [ view_parse ] --START--
INFO: [ template_filter ] --START--
INFO: Run Behavior\ContentReplaceBehavior [ RunTime:0.000165s ]
INFO: [ template_filter ] --END-- [ RunTime:0.000274s ]
NOTIC: [8] Undefined index: href C:\PHPstudy\WWW\leader\App\Runtime\Cache\Admin\7d5bae8f2106a04379ef690681e93072.php 第 81 行.
NOTIC: [8] Undefined index: href C:\PHPstudy\WWW\leader\App\Runtime\Cache\Admin\7d5bae8f2106a04379ef690681e93072.php 第 87 行.
NOTIC: [8] Undefined index: nick C:\PHPstudy\WWW\leader\App\Runtime\Cache\Admin\7d5bae8f2106a04379ef690681e93072.php 第 227 行.
NOTIC: [8] Undefined index: nick C:\PHPstudy\WWW\leader\App\Runtime\Cache\Admin\7d5bae8f2106a04379ef690681e93072.php 第 227 行.
INFO: Run Behavior\ParseTemplateBehavior [ RunTime:0.027307s ]
INFO: [ view_parse ] --END-- [ RunTime:0.027436s ]
INFO: [ view_filter ] --START--
INFO: Run Behavior\WriteHtmlCacheBehavior [ RunTime:0.001320s ]
INFO: [ view_filter ] --END-- [ RunTime:0.001409s ]
INFO: [ app_end ] --START--
INFO: Run Behavior\ShowPageTraceBehavior [ RunTime:0.002274s ]
INFO: [ app_end ] --END-- [ RunTime:0.002422s ]

[ 2016-06-06T17:31:04+08:00 ] ::1 /leader/Admin/Admin/add.html
INFO: [ app_init ] --START--
INFO: Run Behavior\BuildLiteBehavior [ RunTime:0.000028s ]
INFO: [ app_init ] --END-- [ RunTime:0.000683s ]
INFO: [ app_begin ] --START--
INFO: Run Behavior\ReadHtmlCacheBehavior [ RunTime:0.000705s ]
INFO: [ app_begin ] --END-- [ RunTime:0.000771s ]
INFO: [ view_parse ] --START--
INFO: [ template_filter ] --START--
INFO: Run Behavior\ContentReplaceBehavior [ RunTime:0.000084s ]
INFO: [ template_filter ] --END-- [ RunTime:0.000140s ]
NOTIC: [8] Undefined index: href C:\PHPstudy\WWW\leader\App\Runtime\Cache\Admin\b9ec24b5c106c485a504a5007a5fc82e.php 第 84 行.
NOTIC: [8] Undefined index: href C:\PHPstudy\WWW\leader\App\Runtime\Cache\Admin\b9ec24b5c106c485a504a5007a5fc82e.php 第 90 行.
INFO: Run Behavior\ParseTemplateBehavior [ RunTime:0.009227s ]
INFO: [ view_parse ] --END-- [ RunTime:0.009276s ]
INFO: [ view_filter ] --START--
INFO: Run Behavior\WriteHtmlCacheBehavior [ RunTime:0.000610s ]
INFO: [ view_filter ] --END-- [ RunTime:0.000653s ]
INFO: [ app_end ] --START--
INFO: Run Behavior\ShowPageTraceBehavior [ RunTime:0.001907s ]
INFO: [ app_end ] --END-- [ RunTime:0.002019s ]

[ 2016-06-06T17:31:08+08:00 ] ::1 /leader/Admin/List/index.html
INFO: [ app_init ] --START--
INFO: Run Behavior\BuildLiteBehavior [ RunTime:0.000012s ]
INFO: [ app_init ] --END-- [ RunTime:0.000472s ]
INFO: [ app_begin ] --START--
INFO: Run Behavior\ReadHtmlCacheBehavior [ RunTime:0.000736s ]
INFO: [ app_begin ] --END-- [ RunTime:0.000786s ]
ERR: 1146:Table 'zhds.zz_list' doesn't exist
 [ SQL语句 ] : SHOW COLUMNS FROM `zz_list`
ERR: 1146:Table 'zhds.zz_list' doesn't exist
 [ SQL语句 ] : SHOW COLUMNS FROM `zz_list`

[ 2016-06-06T17:31:12+08:00 ] ::1 /leader/Admin/User/index.html
INFO: [ app_init ] --START--
INFO: Run Behavior\BuildLiteBehavior [ RunTime:0.000012s ]
INFO: [ app_init ] --END-- [ RunTime:0.000443s ]
INFO: [ app_begin ] --START--
INFO: Run Behavior\ReadHtmlCacheBehavior [ RunTime:0.001874s ]
INFO: [ app_begin ] --END-- [ RunTime:0.002054s ]
ERR: 1146:Table 'zhds.zz_user' doesn't exist
 [ SQL语句 ] : SHOW COLUMNS FROM `zz_user`
ERR: 1146:Table 'zhds.zz_user' doesn't exist
 [ SQL语句 ] : SHOW COLUMNS FROM `zz_user`

[ 2016-06-06T17:31:44+08:00 ] ::1 /leader/Admin/Index/index.html
INFO: [ app_init ] --START--
INFO: Run Behavior\BuildLiteBehavior [ RunTime:0.000014s ]
INFO: [ app_init ] --END-- [ RunTime:0.000487s ]
INFO: [ app_begin ] --START--
INFO: Run Behavior\ReadHtmlCacheBehavior [ RunTime:0.000734s ]
INFO: [ app_begin ] --END-- [ RunTime:0.000795s ]
SQL: SHOW COLUMNS FROM `zz_log` [ RunTime:0.0086s ]
SQL: SELECT * FROM `zz_log` ORDER BY time desc  [ RunTime:0.0011s ]
INFO: [ view_parse ] --START--
INFO: [ template_filter ] --START--
INFO: Run Behavior\ContentReplaceBehavior [ RunTime:0.000174s ]
INFO: [ template_filter ] --END-- [ RunTime:0.000279s ]
NOTIC: [8] Undefined index: href C:\PHPstudy\WWW\leader\App\Runtime\Cache\Admin\9df924d9a2d217daa77a359c5bee0c33.php 第 82 行.
NOTIC: [8] Undefined index: href C:\PHPstudy\WWW\leader\App\Runtime\Cache\Admin\9df924d9a2d217daa77a359c5bee0c33.php 第 88 行.
NOTIC: [8] Undefined variable: page C:\PHPstudy\WWW\leader\App\Runtime\Cache\Admin\9df924d9a2d217daa77a359c5bee0c33.php 第 209 行.
INFO: Run Behavior\ParseTemplateBehavior [ RunTime:0.023474s ]
INFO: [ view_parse ] --END-- [ RunTime:0.023641s ]
INFO: [ view_filter ] --START--
INFO: Run Behavior\WriteHtmlCacheBehavior [ RunTime:0.001858s ]
INFO: [ view_filter ] --END-- [ RunTime:0.002003s ]
INFO: [ app_end ] --START--
INFO: Run Behavior\ShowPageTraceBehavior [ RunTime:0.007100s ]
INFO: [ app_end ] --END-- [ RunTime:0.007328s ]

[ 2016-06-06T17:32:05+08:00 ] ::1 /leader/Admin/User/index.html
INFO: [ app_init ] --START--
INFO: Run Behavior\BuildLiteBehavior [ RunTime:0.000012s ]
INFO: [ app_init ] --END-- [ RunTime:0.000436s ]
INFO: [ app_begin ] --START--
INFO: Run Behavior\ReadHtmlCacheBehavior [ RunTime:0.000674s ]
INFO: [ app_begin ] --END-- [ RunTime:0.000723s ]
ERR: 1146:Table 'zhds.zz_user' doesn't exist
 [ SQL语句 ] : SHOW COLUMNS FROM `zz_user`
ERR: 1146:Table 'zhds.zz_user' doesn't exist
 [ SQL语句 ] : SHOW COLUMNS FROM `zz_user`

[ 2016-06-06T17:33:10+08:00 ] ::1 /leader/Admin/Index/index.html
INFO: [ app_init ] --START--
INFO: Run Behavior\BuildLiteBehavior [ RunTime:0.000013s ]
INFO: [ app_init ] --END-- [ RunTime:0.000443s ]
INFO: [ app_begin ] --START--
INFO: Run Behavior\ReadHtmlCacheBehavior [ RunTime:0.000727s ]
INFO: [ app_begin ] --END-- [ RunTime:0.000778s ]
SQL: SHOW COLUMNS FROM `zz_log` [ RunTime:0.0137s ]
SQL: SELECT * FROM `zz_log` ORDER BY time desc  [ RunTime:0.0012s ]
INFO: [ view_parse ] --START--
INFO: [ template_filter ] --START--
INFO: Run Behavior\ContentReplaceBehavior [ RunTime:0.000341s ]
INFO: [ template_filter ] --END-- [ RunTime:0.000507s ]
NOTIC: [8] Undefined index: href C:\PHPstudy\WWW\leader\App\Runtime\Cache\Admin\9df924d9a2d217daa77a359c5bee0c33.php 第 82 行.
NOTIC: [8] Undefined index: href C:\PHPstudy\WWW\leader\App\Runtime\Cache\Admin\9df924d9a2d217daa77a359c5bee0c33.php 第 88 行.
NOTIC: [8] Undefined variable: page C:\PHPstudy\WWW\leader\App\Runtime\Cache\Admin\9df924d9a2d217daa77a359c5bee0c33.php 第 199 行.
INFO: Run Behavior\ParseTemplateBehavior [ RunTime:0.040039s ]
INFO: [ view_parse ] --END-- [ RunTime:0.040194s ]
INFO: [ view_filter ] --START--
INFO: Run Behavior\WriteHtmlCacheBehavior [ RunTime:0.001387s ]
INFO: [ view_filter ] --END-- [ RunTime:0.001490s ]
INFO: [ app_end ] --START--
INFO: Run Behavior\ShowPageTraceBehavior [ RunTime:0.003338s ]
INFO: [ app_end ] --END-- [ RunTime:0.003585s ]

[ 2016-06-06T17:33:39+08:00 ] ::1 /leader/Admin/Index/index.html
INFO: [ app_init ] --START--
INFO: Run Behavior\BuildLiteBehavior [ RunTime:0.000014s ]
INFO: [ app_init ] --END-- [ RunTime:0.000446s ]
INFO: [ app_begin ] --START--
INFO: Run Behavior\ReadHtmlCacheBehavior [ RunTime:0.001396s ]
INFO: [ app_begin ] --END-- [ RunTime:0.001513s ]
SQL: SHOW COLUMNS FROM `zz_log` [ RunTime:0.0108s ]
SQL: SELECT * FROM `zz_log` ORDER BY time desc  [ RunTime:0.0014s ]
INFO: [ view_parse ] --START--
INFO: [ template_filter ] --START--
INFO: Run Behavior\ContentReplaceBehavior [ RunTime:0.000172s ]
INFO: [ template_filter ] --END-- [ RunTime:0.000273s ]
NOTIC: [8] Undefined index: href C:\PHPstudy\WWW\leader\App\Runtime\Cache\Admin\9df924d9a2d217daa77a359c5bee0c33.php 第 82 行.
NOTIC: [8] Undefined index: href C:\PHPstudy\WWW\leader\App\Runtime\Cache\Admin\9df924d9a2d217daa77a359c5bee0c33.php 第 88 行.
NOTIC: [8] Undefined variable: page C:\PHPstudy\WWW\leader\App\Runtime\Cache\Admin\9df924d9a2d217daa77a359c5bee0c33.php 第 199 行.
INFO: Run Behavior\ParseTemplateBehavior [ RunTime:0.030845s ]
INFO: [ view_parse ] --END-- [ RunTime:0.031055s ]
INFO: [ view_filter ] --START--
INFO: Run Behavior\WriteHtmlCacheBehavior [ RunTime:0.001309s ]
INFO: [ view_filter ] --END-- [ RunTime:0.001411s ]
INFO: [ app_end ] --START--
INFO: Run Behavior\ShowPageTraceBehavior [ RunTime:0.002374s ]
INFO: [ app_end ] --END-- [ RunTime:0.002529s ]

[ 2016-06-06T17:33:44+08:00 ] ::1 /leader/Admin/List/index.html
INFO: [ app_init ] --START--
INFO: Run Behavior\BuildLiteBehavior [ RunTime:0.000013s ]
INFO: [ app_init ] --END-- [ RunTime:0.000432s ]
INFO: [ app_begin ] --START--
INFO: Run Behavior\ReadHtmlCacheBehavior [ RunTime:0.000729s ]
INFO: [ app_begin ] --END-- [ RunTime:0.000780s ]
ERR: 1146:Table 'zhds.zz_list' doesn't exist
 [ SQL语句 ] : SHOW COLUMNS FROM `zz_list`
ERR: 1146:Table 'zhds.zz_list' doesn't exist
 [ SQL语句 ] : SHOW COLUMNS FROM `zz_list`

[ 2016-06-06T17:33:56+08:00 ] ::1 /leader/Admin/List/index.html
INFO: [ app_init ] --START--
INFO: Run Behavior\BuildLiteBehavior [ RunTime:0.000013s ]
INFO: [ app_init ] --END-- [ RunTime:0.000404s ]
INFO: [ app_begin ] --START--
INFO: Run Behavior\ReadHtmlCacheBehavior [ RunTime:0.000725s ]
INFO: [ app_begin ] --END-- [ RunTime:0.000777s ]
ERR: 1146:Table 'zhds.zz_list' doesn't exist
 [ SQL语句 ] : SHOW COLUMNS FROM `zz_list`
ERR: 1146:Table 'zhds.zz_list' doesn't exist
 [ SQL语句 ] : SHOW COLUMNS FROM `zz_list`

[ 2016-06-06T17:34:32+08:00 ] ::1 /leader/Admin/List/index.html
INFO: [ app_init ] --START--
INFO: Run Behavior\BuildLiteBehavior [ RunTime:0.000015s ]
INFO: [ app_init ] --END-- [ RunTime:0.000490s ]
INFO: [ app_begin ] --START--
INFO: Run Behavior\ReadHtmlCacheBehavior [ RunTime:0.000748s ]
INFO: [ app_begin ] --END-- [ RunTime:0.000800s ]
ERR: 1146:Table 'zhds.zz_list' doesn't exist
 [ SQL语句 ] : SHOW COLUMNS FROM `zz_list`
ERR: 1146:Table 'zhds.zz_list' doesn't exist
 [ SQL语句 ] : SHOW COLUMNS FROM `zz_list`

[ 2016-06-06T17:35:09+08:00 ] ::1 /leader/Admin/List/index.html
INFO: [ app_init ] --START--
INFO: Run Behavior\BuildLiteBehavior [ RunTime:0.000014s ]
INFO: [ app_init ] --END-- [ RunTime:0.000471s ]
INFO: [ app_begin ] --START--
INFO: Run Behavior\ReadHtmlCacheBehavior [ RunTime:0.000688s ]
INFO: [ app_begin ] --END-- [ RunTime:0.000736s ]
ERR: 无法加载控制器:List

[ 2016-06-06T17:35:12+08:00 ] ::1 /leader/Admin/List/index.html
INFO: [ app_init ] --START--
INFO: Run Behavior\BuildLiteBehavior [ RunTime:0.000029s ]
INFO: [ app_init ] --END-- [ RunTime:0.000745s ]
INFO: [ app_begin ] --START--
INFO: Run Behavior\ReadHtmlCacheBehavior [ RunTime:0.000845s ]
INFO: [ app_begin ] --END-- [ RunTime:0.000946s ]
ERR: 无法加载控制器:List

[ 2016-06-06T17:43:33+08:00 ] ::1 /leader/Admin/List/add.html
INFO: [ app_init ] --START--
INFO: Run Behavior\BuildLiteBehavior [ RunTime:0.000014s ]
INFO: [ app_init ] --END-- [ RunTime:0.000505s ]
INFO: [ app_begin ] --START--
INFO: Run Behavior\ReadHtmlCacheBehavior [ RunTime:0.000653s ]
INFO: [ app_begin ] --END-- [ RunTime:0.000701s ]
ERR: 无法加载控制器:List

