[ 2016-06-07T09:18:21+08:00 ] ::1 /leader/admin
INFO: [ app_init ] --START--
INFO: Run Behavior\BuildLiteBehavior [ RunTime:0.000020s ]
INFO: [ app_init ] --END-- [ RunTime:0.000414s ]
INFO: [ app_begin ] --START--
INFO: Run Behavior\ReadHtmlCacheBehavior [ RunTime:0.000462s ]
INFO: [ app_begin ] --END-- [ RunTime:0.000519s ]

[ 2016-06-07T09:18:21+08:00 ] ::1 /leader/Admin/Login/index.html
INFO: [ app_init ] --START--
INFO: Run Behavior\BuildLiteBehavior [ RunTime:0.000020s ]
INFO: [ app_init ] --END-- [ RunTime:0.000373s ]
INFO: [ app_begin ] --START--
INFO: Run Behavior\ReadHtmlCacheBehavior [ RunTime:0.000427s ]
INFO: [ app_begin ] --END-- [ RunTime:0.000494s ]
INFO: [ view_parse ] --START--
INFO: [ template_filter ] --START--
INFO: Run Behavior\ContentReplaceBehavior [ RunTime:0.000041s ]
INFO: [ template_filter ] --END-- [ RunTime:0.000092s ]
INFO: Run Behavior\ParseTemplateBehavior [ RunTime:0.003951s ]
INFO: [ view_parse ] --END-- [ RunTime:0.004004s ]
INFO: [ view_filter ] --START--
INFO: Run Behavior\WriteHtmlCacheBehavior [ RunTime:0.000297s ]
INFO: [ view_filter ] --END-- [ RunTime:0.000334s ]
INFO: [ app_end ] --START--
INFO: Run Behavior\ShowPageTraceBehavior [ RunTime:0.000426s ]
INFO: [ app_end ] --END-- [ RunTime:0.000465s ]

[ 2016-06-07T09:18:24+08:00 ] ::1 /leader/Admin/Login/login.html
INFO: [ app_init ] --START--
INFO: Run Behavior\BuildLiteBehavior [ RunTime:0.000018s ]
INFO: [ app_init ] --END-- [ RunTime:0.000378s ]
INFO: [ app_begin ] --START--
INFO: Run Behavior\ReadHtmlCacheBehavior [ RunTime:0.000393s ]
INFO: [ app_begin ] --END-- [ RunTime:0.000444s ]
SQL: SHOW COLUMNS FROM `zz_admin` [ RunTime:0.0303s ]
SQL: SELECT * FROM `zz_admin` WHERE ( account = 'admin' ) LIMIT 1   [ RunTime:0.0005s ]
NOTIC: [8] Undefined index: href C:\PHPstudy\WWW\leader\App\Admin\Controller\LoginController.class.php 第 20 行.
SQL: SHOW COLUMNS FROM `zz_log` [ RunTime:0.0203s ]
SQL: INSERT INTO `zz_log` (`user`,`ip`,`log`) VALUES ('admin','::1','登录成功') [ RunTime:0.0272s ]

[ 2016-06-07T09:18:25+08:00 ] ::1 /leader/Admin/Index/index.html
INFO: [ app_init ] --START--
INFO: Run Behavior\BuildLiteBehavior [ RunTime:0.000017s ]
INFO: [ app_init ] --END-- [ RunTime:0.000530s ]
INFO: [ app_begin ] --START--
INFO: Run Behavior\ReadHtmlCacheBehavior [ RunTime:0.000553s ]
INFO: [ app_begin ] --END-- [ RunTime:0.000635s ]
SQL: SHOW COLUMNS FROM `zz_log` [ RunTime:0.0112s ]
SQL: SELECT * FROM `zz_log` ORDER BY time desc  [ RunTime:0.0014s ]
INFO: [ view_parse ] --START--
INFO: [ template_filter ] --START--
INFO: Run Behavior\ContentReplaceBehavior [ RunTime:0.000212s ]
INFO: [ template_filter ] --END-- [ RunTime:0.000334s ]
NOTIC: [8] Undefined index: href C:\PHPstudy\WWW\leader\App\Runtime\Cache\Admin\9df924d9a2d217daa77a359c5bee0c33.php 第 82 行.
NOTIC: [8] Undefined index: href C:\PHPstudy\WWW\leader\App\Runtime\Cache\Admin\9df924d9a2d217daa77a359c5bee0c33.php 第 88 行.
NOTIC: [8] Undefined variable: page C:\PHPstudy\WWW\leader\App\Runtime\Cache\Admin\9df924d9a2d217daa77a359c5bee0c33.php 第 198 行.
INFO: Run Behavior\ParseTemplateBehavior [ RunTime:0.022834s ]
INFO: [ view_parse ] --END-- [ RunTime:0.023053s ]
INFO: [ view_filter ] --START--
INFO: Run Behavior\WriteHtmlCacheBehavior [ RunTime:0.000633s ]
INFO: [ view_filter ] --END-- [ RunTime:0.000724s ]
INFO: [ app_end ] --START--
INFO: Run Behavior\ShowPageTraceBehavior [ RunTime:0.001342s ]
INFO: [ app_end ] --END-- [ RunTime:0.001497s ]

[ 2016-06-07T09:18:29+08:00 ] ::1 /leader/Admin/Index/index.html
INFO: [ app_init ] --START--
INFO: Run Behavior\BuildLiteBehavior [ RunTime:0.000027s ]
INFO: [ app_init ] --END-- [ RunTime:0.000722s ]
INFO: [ app_begin ] --START--
INFO: Run Behavior\ReadHtmlCacheBehavior [ RunTime:0.000475s ]
INFO: [ app_begin ] --END-- [ RunTime:0.000582s ]
SQL: SHOW COLUMNS FROM `zz_log` [ RunTime:0.0029s ]
SQL: SELECT * FROM `zz_log` ORDER BY time desc  [ RunTime:0.0003s ]
INFO: [ view_parse ] --START--
INFO: [ template_filter ] --START--
INFO: Run Behavior\ContentReplaceBehavior [ RunTime:0.000096s ]
INFO: [ template_filter ] --END-- [ RunTime:0.000152s ]
NOTIC: [8] Undefined index: href C:\PHPstudy\WWW\leader\App\Runtime\Cache\Admin\9df924d9a2d217daa77a359c5bee0c33.php 第 82 行.
NOTIC: [8] Undefined index: href C:\PHPstudy\WWW\leader\App\Runtime\Cache\Admin\9df924d9a2d217daa77a359c5bee0c33.php 第 88 行.
NOTIC: [8] Undefined variable: page C:\PHPstudy\WWW\leader\App\Runtime\Cache\Admin\9df924d9a2d217daa77a359c5bee0c33.php 第 198 行.
INFO: Run Behavior\ParseTemplateBehavior [ RunTime:0.009167s ]
INFO: [ view_parse ] --END-- [ RunTime:0.009221s ]
INFO: [ view_filter ] --START--
INFO: Run Behavior\WriteHtmlCacheBehavior [ RunTime:0.000281s ]
INFO: [ view_filter ] --END-- [ RunTime:0.000322s ]
INFO: [ app_end ] --START--
INFO: Run Behavior\ShowPageTraceBehavior [ RunTime:0.001012s ]
INFO: [ app_end ] --END-- [ RunTime:0.001122s ]

[ 2016-06-07T09:20:48+08:00 ] ::1 /leader/Admin/Index/index.html
INFO: [ app_init ] --START--
INFO: Run Behavior\BuildLiteBehavior [ RunTime:0.000022s ]
INFO: [ app_init ] --END-- [ RunTime:0.000830s ]
INFO: [ app_begin ] --START--
INFO: Run Behavior\ReadHtmlCacheBehavior [ RunTime:0.000702s ]
INFO: [ app_begin ] --END-- [ RunTime:0.000779s ]
SQL: SHOW COLUMNS FROM `zz_log` [ RunTime:0.0038s ]
SQL: SELECT * FROM `zz_log` ORDER BY time desc  [ RunTime:0.0004s ]
INFO: [ view_parse ] --START--
INFO: [ template_filter ] --START--
INFO: Run Behavior\ContentReplaceBehavior [ RunTime:0.000134s ]
INFO: [ template_filter ] --END-- [ RunTime:0.000279s ]
NOTIC: [8] Undefined index: href C:\PHPstudy\WWW\leader\App\Runtime\Cache\Admin\9df924d9a2d217daa77a359c5bee0c33.php 第 82 行.
NOTIC: [8] Undefined index: href C:\PHPstudy\WWW\leader\App\Runtime\Cache\Admin\9df924d9a2d217daa77a359c5bee0c33.php 第 88 行.
NOTIC: [8] Undefined variable: page C:\PHPstudy\WWW\leader\App\Runtime\Cache\Admin\9df924d9a2d217daa77a359c5bee0c33.php 第 198 行.
INFO: Run Behavior\ParseTemplateBehavior [ RunTime:0.011999s ]
INFO: [ view_parse ] --END-- [ RunTime:0.012071s ]
INFO: [ view_filter ] --START--
INFO: Run Behavior\WriteHtmlCacheBehavior [ RunTime:0.000459s ]
INFO: [ view_filter ] --END-- [ RunTime:0.000513s ]
INFO: [ app_end ] --START--
INFO: Run Behavior\ShowPageTraceBehavior [ RunTime:0.000923s ]
INFO: [ app_end ] --END-- [ RunTime:0.001012s ]

[ 2016-06-07T09:21:23+08:00 ] ::1 /leader/Admin/Goods/index.html
INFO: [ app_init ] --START--
INFO: Run Behavior\BuildLiteBehavior [ RunTime:0.000061s ]
INFO: [ app_init ] --END-- [ RunTime:0.000810s ]
INFO: [ app_begin ] --START--
INFO: Run Behavior\ReadHtmlCacheBehavior [ RunTime:0.000666s ]
INFO: [ app_begin ] --END-- [ RunTime:0.000758s ]
SQL: SHOW COLUMNS FROM `zz_goods` [ RunTime:0.0194s ]
SQL: SELECT COUNT(*) AS tp_count FROM `zz_goods` LIMIT 1   [ RunTime:0.0009s ]
SQL: SELECT * FROM `zz_goods` ORDER BY time desc LIMIT 0,8   [ RunTime:0.0010s ]
ERR: 模板不存在:./App/Admin/View/Goods/index.html

[ 2016-06-07T09:21:56+08:00 ] ::1 /leader/Admin/Index/index.html
INFO: [ app_init ] --START--
INFO: Run Behavior\BuildLiteBehavior [ RunTime:0.000023s ]
INFO: [ app_init ] --END-- [ RunTime:0.000753s ]
INFO: [ app_begin ] --START--
INFO: Run Behavior\ReadHtmlCacheBehavior [ RunTime:0.000635s ]
INFO: [ app_begin ] --END-- [ RunTime:0.000743s ]
SQL: SHOW COLUMNS FROM `zz_log` [ RunTime:0.0103s ]
SQL: SELECT * FROM `zz_log` ORDER BY time desc  [ RunTime:0.0010s ]
INFO: [ view_parse ] --START--
INFO: [ template_filter ] --START--
INFO: Run Behavior\ContentReplaceBehavior [ RunTime:0.000312s ]
INFO: [ template_filter ] --END-- [ RunTime:0.000518s ]
NOTIC: [8] Undefined index: href C:\PHPstudy\WWW\leader\App\Runtime\Cache\Admin\9df924d9a2d217daa77a359c5bee0c33.php 第 82 行.
NOTIC: [8] Undefined index: href C:\PHPstudy\WWW\leader\App\Runtime\Cache\Admin\9df924d9a2d217daa77a359c5bee0c33.php 第 88 行.
NOTIC: [8] Undefined variable: page C:\PHPstudy\WWW\leader\App\Runtime\Cache\Admin\9df924d9a2d217daa77a359c5bee0c33.php 第 198 行.
INFO: Run Behavior\ParseTemplateBehavior [ RunTime:0.036508s ]
INFO: [ view_parse ] --END-- [ RunTime:0.036717s ]
INFO: [ view_filter ] --START--
INFO: Run Behavior\WriteHtmlCacheBehavior [ RunTime:0.001806s ]
INFO: [ view_filter ] --END-- [ RunTime:0.002045s ]
INFO: [ app_end ] --START--
INFO: Run Behavior\ShowPageTraceBehavior [ RunTime:0.002135s ]
INFO: [ app_end ] --END-- [ RunTime:0.002537s ]

[ 2016-06-07T09:22:00+08:00 ] ::1 /leader/Admin/Goods/index.html
INFO: [ app_init ] --START--
INFO: Run Behavior\BuildLiteBehavior [ RunTime:0.000024s ]
INFO: [ app_init ] --END-- [ RunTime:0.000519s ]
INFO: [ app_begin ] --START--
INFO: Run Behavior\ReadHtmlCacheBehavior [ RunTime:0.000644s ]
INFO: [ app_begin ] --END-- [ RunTime:0.000716s ]
SQL: SHOW COLUMNS FROM `zz_goods` [ RunTime:0.0094s ]
SQL: SELECT COUNT(*) AS tp_count FROM `zz_goods` LIMIT 1   [ RunTime:0.0009s ]
SQL: SELECT * FROM `zz_goods` ORDER BY time desc LIMIT 0,8   [ RunTime:0.0012s ]
INFO: [ view_parse ] --START--
INFO: [ template_filter ] --START--
INFO: Run Behavior\ContentReplaceBehavior [ RunTime:0.000165s ]
INFO: [ template_filter ] --END-- [ RunTime:0.000260s ]
NOTIC: [8] Undefined index: href C:\PHPstudy\WWW\leader\App\Runtime\Cache\Admin\aa143db074a4ae068af099999d56ed88.php 第 89 行.
NOTIC: [8] Undefined index: href C:\PHPstudy\WWW\leader\App\Runtime\Cache\Admin\aa143db074a4ae068af099999d56ed88.php 第 95 行.
NOTIC: [8] Undefined variable: list C:\PHPstudy\WWW\leader\App\Runtime\Cache\Admin\aa143db074a4ae068af099999d56ed88.php 第 229 行.
INFO: Run Behavior\ParseTemplateBehavior [ RunTime:0.033304s ]
INFO: [ view_parse ] --END-- [ RunTime:0.033446s ]
INFO: [ view_filter ] --START--
INFO: Run Behavior\WriteHtmlCacheBehavior [ RunTime:0.000627s ]
INFO: [ view_filter ] --END-- [ RunTime:0.000701s ]
INFO: [ app_end ] --START--
INFO: Run Behavior\ShowPageTraceBehavior [ RunTime:0.001148s ]
INFO: [ app_end ] --END-- [ RunTime:0.001268s ]

[ 2016-06-07T09:22:25+08:00 ] ::1 /leader/Admin/Goods/add.html
INFO: [ app_init ] --START--
INFO: Run Behavior\BuildLiteBehavior [ RunTime:0.000018s ]
INFO: [ app_init ] --END-- [ RunTime:0.000402s ]
INFO: [ app_begin ] --START--
INFO: Run Behavior\ReadHtmlCacheBehavior [ RunTime:0.000695s ]
INFO: [ app_begin ] --END-- [ RunTime:0.000930s ]
INFO: [ view_parse ] --START--
INFO: [ template_filter ] --START--
INFO: Run Behavior\ContentReplaceBehavior [ RunTime:0.000143s ]
INFO: [ template_filter ] --END-- [ RunTime:0.000243s ]
NOTIC: [8] Undefined index: href C:\PHPstudy\WWW\leader\App\Runtime\Cache\Admin\c4eb750b05a3ec9b1c52c27480c12d23.php 第 84 行.
NOTIC: [8] Undefined index: href C:\PHPstudy\WWW\leader\App\Runtime\Cache\Admin\c4eb750b05a3ec9b1c52c27480c12d23.php 第 90 行.
INFO: Run Behavior\ParseTemplateBehavior [ RunTime:0.009589s ]
INFO: [ view_parse ] --END-- [ RunTime:0.009648s ]
INFO: [ view_filter ] --START--
INFO: Run Behavior\WriteHtmlCacheBehavior [ RunTime:0.000341s ]
INFO: [ view_filter ] --END-- [ RunTime:0.000392s ]
INFO: [ app_end ] --START--
INFO: Run Behavior\ShowPageTraceBehavior [ RunTime:0.001441s ]
INFO: [ app_end ] --END-- [ RunTime:0.001565s ]

[ 2016-06-07T09:27:33+08:00 ] ::1 /leader/Admin/Goods/add.html
INFO: [ app_init ] --START--
INFO: Run Behavior\BuildLiteBehavior [ RunTime:0.000016s ]
INFO: [ app_init ] --END-- [ RunTime:0.000641s ]
INFO: [ app_begin ] --START--
INFO: Run Behavior\ReadHtmlCacheBehavior [ RunTime:0.000768s ]
INFO: [ app_begin ] --END-- [ RunTime:0.000870s ]
INFO: [ view_parse ] --START--
INFO: [ template_filter ] --START--
INFO: Run Behavior\ContentReplaceBehavior [ RunTime:0.000085s ]
INFO: [ template_filter ] --END-- [ RunTime:0.000136s ]
NOTIC: [8] Undefined index: href C:\PHPstudy\WWW\leader\App\Runtime\Cache\Admin\c4eb750b05a3ec9b1c52c27480c12d23.php 第 84 行.
NOTIC: [8] Undefined index: href C:\PHPstudy\WWW\leader\App\Runtime\Cache\Admin\c4eb750b05a3ec9b1c52c27480c12d23.php 第 90 行.
INFO: Run Behavior\ParseTemplateBehavior [ RunTime:0.007628s ]
INFO: [ view_parse ] --END-- [ RunTime:0.007689s ]
INFO: [ view_filter ] --START--
INFO: Run Behavior\WriteHtmlCacheBehavior [ RunTime:0.000348s ]
INFO: [ view_filter ] --END-- [ RunTime:0.000385s ]
INFO: [ app_end ] --START--
INFO: Run Behavior\ShowPageTraceBehavior [ RunTime:0.000550s ]
INFO: [ app_end ] --END-- [ RunTime:0.000604s ]

[ 2016-06-07T09:27:35+08:00 ] ::1 /leader/Admin/Goods/index.html
INFO: [ app_init ] --START--
INFO: Run Behavior\BuildLiteBehavior [ RunTime:0.000012s ]
INFO: [ app_init ] --END-- [ RunTime:0.000289s ]
INFO: [ app_begin ] --START--
INFO: Run Behavior\ReadHtmlCacheBehavior [ RunTime:0.000428s ]
INFO: [ app_begin ] --END-- [ RunTime:0.000475s ]
SQL: SHOW COLUMNS FROM `zz_goods` [ RunTime:0.0044s ]
SQL: SELECT COUNT(*) AS tp_count FROM `zz_goods` LIMIT 1   [ RunTime:0.0004s ]
SQL: SELECT * FROM `zz_goods` ORDER BY time desc LIMIT 0,8   [ RunTime:0.0004s ]
INFO: [ view_parse ] --START--
INFO: [ template_filter ] --START--
INFO: Run Behavior\ContentReplaceBehavior [ RunTime:0.000113s ]
INFO: [ template_filter ] --END-- [ RunTime:0.000226s ]
NOTIC: [8] Undefined index: href C:\PHPstudy\WWW\leader\App\Runtime\Cache\Admin\aa143db074a4ae068af099999d56ed88.php 第 89 行.
NOTIC: [8] Undefined index: href C:\PHPstudy\WWW\leader\App\Runtime\Cache\Admin\aa143db074a4ae068af099999d56ed88.php 第 95 行.
NOTIC: [8] Undefined variable: list C:\PHPstudy\WWW\leader\App\Runtime\Cache\Admin\aa143db074a4ae068af099999d56ed88.php 第 229 行.
INFO: Run Behavior\ParseTemplateBehavior [ RunTime:0.013433s ]
INFO: [ view_parse ] --END-- [ RunTime:0.013525s ]
INFO: [ view_filter ] --START--
INFO: Run Behavior\WriteHtmlCacheBehavior [ RunTime:0.000483s ]
INFO: [ view_filter ] --END-- [ RunTime:0.000547s ]
INFO: [ app_end ] --START--
INFO: Run Behavior\ShowPageTraceBehavior [ RunTime:0.000985s ]
INFO: [ app_end ] --END-- [ RunTime:0.001089s ]

[ 2016-06-07T09:29:31+08:00 ] ::1 /leader/Admin/Goods/add.html
INFO: [ app_init ] --START--
INFO: Run Behavior\BuildLiteBehavior [ RunTime:0.000012s ]
INFO: [ app_init ] --END-- [ RunTime:0.000368s ]
INFO: [ app_begin ] --START--
INFO: Run Behavior\ReadHtmlCacheBehavior [ RunTime:0.000414s ]
INFO: [ app_begin ] --END-- [ RunTime:0.000462s ]
INFO: [ view_parse ] --START--
INFO: [ template_filter ] --START--
INFO: Run Behavior\ContentReplaceBehavior [ RunTime:0.000088s ]
INFO: [ template_filter ] --END-- [ RunTime:0.000144s ]
NOTIC: [8] Undefined index: href C:\PHPstudy\WWW\leader\App\Runtime\Cache\Admin\c4eb750b05a3ec9b1c52c27480c12d23.php 第 84 行.
NOTIC: [8] Undefined index: href C:\PHPstudy\WWW\leader\App\Runtime\Cache\Admin\c4eb750b05a3ec9b1c52c27480c12d23.php 第 90 行.
INFO: Run Behavior\ParseTemplateBehavior [ RunTime:0.007048s ]
INFO: [ view_parse ] --END-- [ RunTime:0.007093s ]
INFO: [ view_filter ] --START--
INFO: Run Behavior\WriteHtmlCacheBehavior [ RunTime:0.000292s ]
INFO: [ view_filter ] --END-- [ RunTime:0.000328s ]
INFO: [ app_end ] --START--
INFO: Run Behavior\ShowPageTraceBehavior [ RunTime:0.000490s ]
INFO: [ app_end ] --END-- [ RunTime:0.000539s ]

[ 2016-06-07T09:29:48+08:00 ] ::1 /leader/Admin/Goods/index.html
INFO: [ app_init ] --START--
INFO: Run Behavior\BuildLiteBehavior [ RunTime:0.000023s ]
INFO: [ app_init ] --END-- [ RunTime:0.000680s ]
INFO: [ app_begin ] --START--
INFO: Run Behavior\ReadHtmlCacheBehavior [ RunTime:0.000948s ]
INFO: [ app_begin ] --END-- [ RunTime:0.001062s ]
SQL: SHOW COLUMNS FROM `zz_goods` [ RunTime:0.0132s ]
SQL: SELECT COUNT(*) AS tp_count FROM `zz_goods` LIMIT 1   [ RunTime:0.0009s ]
SQL: SELECT * FROM `zz_goods` ORDER BY time desc LIMIT 0,8   [ RunTime:0.0017s ]
INFO: [ view_parse ] --START--
INFO: [ template_filter ] --START--
INFO: Run Behavior\ContentReplaceBehavior [ RunTime:0.000297s ]
INFO: [ template_filter ] --END-- [ RunTime:0.000450s ]
NOTIC: [8] Undefined index: href C:\PHPstudy\WWW\leader\App\Runtime\Cache\Admin\aa143db074a4ae068af099999d56ed88.php 第 89 行.
NOTIC: [8] Undefined index: href C:\PHPstudy\WWW\leader\App\Runtime\Cache\Admin\aa143db074a4ae068af099999d56ed88.php 第 95 行.
NOTIC: [8] Undefined variable: list C:\PHPstudy\WWW\leader\App\Runtime\Cache\Admin\aa143db074a4ae068af099999d56ed88.php 第 229 行.
INFO: Run Behavior\ParseTemplateBehavior [ RunTime:0.023511s ]
INFO: [ view_parse ] --END-- [ RunTime:0.023740s ]
INFO: [ view_filter ] --START--
INFO: Run Behavior\WriteHtmlCacheBehavior [ RunTime:0.000899s ]
INFO: [ view_filter ] --END-- [ RunTime:0.001010s ]
INFO: [ app_end ] --START--
INFO: Run Behavior\ShowPageTraceBehavior [ RunTime:0.002208s ]
INFO: [ app_end ] --END-- [ RunTime:0.002378s ]

[ 2016-06-07T09:32:11+08:00 ] ::1 /leader/Admin/Goods/index.html
INFO: [ app_init ] --START--
INFO: Run Behavior\BuildLiteBehavior [ RunTime:0.000020s ]
INFO: [ app_init ] --END-- [ RunTime:0.000544s ]
INFO: [ app_begin ] --START--
INFO: Run Behavior\ReadHtmlCacheBehavior [ RunTime:0.000892s ]
INFO: [ app_begin ] --END-- [ RunTime:0.001007s ]
SQL: SHOW COLUMNS FROM `zz_goods` [ RunTime:0.0024s ]
SQL: SELECT COUNT(*) AS tp_count FROM `zz_goods` LIMIT 1   [ RunTime:0.0003s ]
SQL: SELECT * FROM `zz_goods` ORDER BY time desc LIMIT 0,8   [ RunTime:0.0005s ]
INFO: [ view_parse ] --START--
INFO: [ template_filter ] --START--
INFO: Run Behavior\ContentReplaceBehavior [ RunTime:0.000091s ]
INFO: [ template_filter ] --END-- [ RunTime:0.000147s ]
NOTIC: [8] Undefined index: href C:\PHPstudy\WWW\leader\App\Runtime\Cache\Admin\aa143db074a4ae068af099999d56ed88.php 第 89 行.
NOTIC: [8] Undefined index: href C:\PHPstudy\WWW\leader\App\Runtime\Cache\Admin\aa143db074a4ae068af099999d56ed88.php 第 95 行.
NOTIC: [8] Undefined variable: list C:\PHPstudy\WWW\leader\App\Runtime\Cache\Admin\aa143db074a4ae068af099999d56ed88.php 第 229 行.
INFO: Run Behavior\ParseTemplateBehavior [ RunTime:0.010871s ]
INFO: [ view_parse ] --END-- [ RunTime:0.010940s ]
INFO: [ view_filter ] --START--
INFO: Run Behavior\WriteHtmlCacheBehavior [ RunTime:0.000380s ]
INFO: [ view_filter ] --END-- [ RunTime:0.000439s ]
INFO: [ app_end ] --START--
INFO: Run Behavior\ShowPageTraceBehavior [ RunTime:0.000859s ]
INFO: [ app_end ] --END-- [ RunTime:0.000952s ]

[ 2016-06-07T09:32:36+08:00 ] ::1 /leader/Admin/Goods/add.html
INFO: [ app_init ] --START--
INFO: Run Behavior\BuildLiteBehavior [ RunTime:0.000012s ]
INFO: [ app_init ] --END-- [ RunTime:0.000370s ]
INFO: [ app_begin ] --START--
INFO: Run Behavior\ReadHtmlCacheBehavior [ RunTime:0.000455s ]
INFO: [ app_begin ] --END-- [ RunTime:0.000502s ]
INFO: [ view_parse ] --START--
INFO: [ template_filter ] --START--
INFO: Run Behavior\ContentReplaceBehavior [ RunTime:0.000089s ]
INFO: [ template_filter ] --END-- [ RunTime:0.000140s ]
NOTIC: [8] Undefined index: href C:\PHPstudy\WWW\leader\App\Runtime\Cache\Admin\c4eb750b05a3ec9b1c52c27480c12d23.php 第 84 行.
NOTIC: [8] Undefined index: href C:\PHPstudy\WWW\leader\App\Runtime\Cache\Admin\c4eb750b05a3ec9b1c52c27480c12d23.php 第 90 行.
INFO: Run Behavior\ParseTemplateBehavior [ RunTime:0.007679s ]
INFO: [ view_parse ] --END-- [ RunTime:0.007723s ]
INFO: [ view_filter ] --START--
INFO: Run Behavior\WriteHtmlCacheBehavior [ RunTime:0.000348s ]
INFO: [ view_filter ] --END-- [ RunTime:0.000383s ]
INFO: [ app_end ] --START--
INFO: Run Behavior\ShowPageTraceBehavior [ RunTime:0.000591s ]
INFO: [ app_end ] --END-- [ RunTime:0.000649s ]

[ 2016-06-07T09:32:38+08:00 ] ::1 /leader/Admin/Index/index.html
INFO: [ app_init ] --START--
INFO: Run Behavior\BuildLiteBehavior [ RunTime:0.000013s ]
INFO: [ app_init ] --END-- [ RunTime:0.000403s ]
INFO: [ app_begin ] --START--
INFO: Run Behavior\ReadHtmlCacheBehavior [ RunTime:0.000458s ]
INFO: [ app_begin ] --END-- [ RunTime:0.000503s ]
SQL: SHOW COLUMNS FROM `zz_log` [ RunTime:0.0040s ]
SQL: SELECT * FROM `zz_log` ORDER BY time desc  [ RunTime:0.0005s ]
INFO: [ view_parse ] --START--
INFO: [ template_filter ] --START--
INFO: Run Behavior\ContentReplaceBehavior [ RunTime:0.000140s ]
INFO: [ template_filter ] --END-- [ RunTime:0.000239s ]
NOTIC: [8] Undefined index: href C:\PHPstudy\WWW\leader\App\Runtime\Cache\Admin\9df924d9a2d217daa77a359c5bee0c33.php 第 82 行.
NOTIC: [8] Undefined index: href C:\PHPstudy\WWW\leader\App\Runtime\Cache\Admin\9df924d9a2d217daa77a359c5bee0c33.php 第 88 行.
NOTIC: [8] Undefined variable: page C:\PHPstudy\WWW\leader\App\Runtime\Cache\Admin\9df924d9a2d217daa77a359c5bee0c33.php 第 198 行.
INFO: Run Behavior\ParseTemplateBehavior [ RunTime:0.013515s ]
INFO: [ view_parse ] --END-- [ RunTime:0.013595s ]
INFO: [ view_filter ] --START--
INFO: Run Behavior\WriteHtmlCacheBehavior [ RunTime:0.000533s ]
INFO: [ view_filter ] --END-- [ RunTime:0.000595s ]
INFO: [ app_end ] --START--
INFO: Run Behavior\ShowPageTraceBehavior [ RunTime:0.001158s ]
INFO: [ app_end ] --END-- [ RunTime:0.001297s ]

[ 2016-06-07T09:32:40+08:00 ] ::1 /leader/Admin/Admin/index.html
INFO: [ app_init ] --START--
INFO: Run Behavior\BuildLiteBehavior [ RunTime:0.000014s ]
INFO: [ app_init ] --END-- [ RunTime:0.000389s ]
INFO: [ app_begin ] --START--
INFO: Run Behavior\ReadHtmlCacheBehavior [ RunTime:0.000398s ]
INFO: [ app_begin ] --END-- [ RunTime:0.000451s ]
SQL: SHOW COLUMNS FROM `zz_admin` [ RunTime:0.0100s ]
SQL: SELECT COUNT(*) AS tp_count FROM `zz_admin` LIMIT 1   [ RunTime:0.0008s ]
SQL: SELECT * FROM `zz_admin` ORDER BY id asc LIMIT 0,8   [ RunTime:0.0012s ]
INFO: [ view_parse ] --START--
INFO: [ template_filter ] --START--
INFO: Run Behavior\ContentReplaceBehavior [ RunTime:0.000165s ]
INFO: [ template_filter ] --END-- [ RunTime:0.000271s ]
NOTIC: [8] Undefined index: href C:\PHPstudy\WWW\leader\App\Runtime\Cache\Admin\7d5bae8f2106a04379ef690681e93072.php 第 81 行.
NOTIC: [8] Undefined index: href C:\PHPstudy\WWW\leader\App\Runtime\Cache\Admin\7d5bae8f2106a04379ef690681e93072.php 第 87 行.
NOTIC: [8] Undefined index: nick C:\PHPstudy\WWW\leader\App\Runtime\Cache\Admin\7d5bae8f2106a04379ef690681e93072.php 第 216 行.
NOTIC: [8] Undefined index: nick C:\PHPstudy\WWW\leader\App\Runtime\Cache\Admin\7d5bae8f2106a04379ef690681e93072.php 第 216 行.
INFO: Run Behavior\ParseTemplateBehavior [ RunTime:0.020523s ]
INFO: [ view_parse ] --END-- [ RunTime:0.020662s ]
INFO: [ view_filter ] --START--
INFO: Run Behavior\WriteHtmlCacheBehavior [ RunTime:0.000585s ]
INFO: [ view_filter ] --END-- [ RunTime:0.000666s ]
INFO: [ app_end ] --START--
INFO: Run Behavior\ShowPageTraceBehavior [ RunTime:0.001003s ]
INFO: [ app_end ] --END-- [ RunTime:0.001134s ]

[ 2016-06-07T09:32:41+08:00 ] ::1 /leader/Admin/Admin/add.html
INFO: [ app_init ] --START--
INFO: Run Behavior\BuildLiteBehavior [ RunTime:0.000011s ]
INFO: [ app_init ] --END-- [ RunTime:0.000304s ]
INFO: [ app_begin ] --START--
INFO: Run Behavior\ReadHtmlCacheBehavior [ RunTime:0.000414s ]
INFO: [ app_begin ] --END-- [ RunTime:0.000460s ]
INFO: [ view_parse ] --START--
INFO: [ template_filter ] --START--
INFO: Run Behavior\ContentReplaceBehavior [ RunTime:0.000146s ]
INFO: [ template_filter ] --END-- [ RunTime:0.000302s ]
NOTIC: [8] Undefined index: href C:\PHPstudy\WWW\leader\App\Runtime\Cache\Admin\b9ec24b5c106c485a504a5007a5fc82e.php 第 84 行.
NOTIC: [8] Undefined index: href C:\PHPstudy\WWW\leader\App\Runtime\Cache\Admin\b9ec24b5c106c485a504a5007a5fc82e.php 第 90 行.
INFO: Run Behavior\ParseTemplateBehavior [ RunTime:0.007511s ]
INFO: [ view_parse ] --END-- [ RunTime:0.007559s ]
INFO: [ view_filter ] --START--
INFO: Run Behavior\WriteHtmlCacheBehavior [ RunTime:0.000278s ]
INFO: [ view_filter ] --END-- [ RunTime:0.000315s ]
INFO: [ app_end ] --START--
INFO: Run Behavior\ShowPageTraceBehavior [ RunTime:0.000572s ]
INFO: [ app_end ] --END-- [ RunTime:0.000627s ]

[ 2016-06-07T09:32:45+08:00 ] ::1 /leader/Admin/Goods/index.html
INFO: [ app_init ] --START--
INFO: Run Behavior\BuildLiteBehavior [ RunTime:0.000012s ]
INFO: [ app_init ] --END-- [ RunTime:0.000348s ]
INFO: [ app_begin ] --START--
INFO: Run Behavior\ReadHtmlCacheBehavior [ RunTime:0.000408s ]
INFO: [ app_begin ] --END-- [ RunTime:0.000453s ]
SQL: SHOW COLUMNS FROM `zz_goods` [ RunTime:0.0056s ]
SQL: SELECT COUNT(*) AS tp_count FROM `zz_goods` LIMIT 1   [ RunTime:0.0004s ]
SQL: SELECT * FROM `zz_goods` ORDER BY time desc LIMIT 0,8   [ RunTime:0.0005s ]
INFO: [ view_parse ] --START--
INFO: [ template_filter ] --START--
INFO: Run Behavior\ContentReplaceBehavior [ RunTime:0.000189s ]
INFO: [ template_filter ] --END-- [ RunTime:0.000300s ]
NOTIC: [8] Undefined index: href C:\PHPstudy\WWW\leader\App\Runtime\Cache\Admin\aa143db074a4ae068af099999d56ed88.php 第 89 行.
NOTIC: [8] Undefined index: href C:\PHPstudy\WWW\leader\App\Runtime\Cache\Admin\aa143db074a4ae068af099999d56ed88.php 第 95 行.
NOTIC: [8] Undefined variable: list C:\PHPstudy\WWW\leader\App\Runtime\Cache\Admin\aa143db074a4ae068af099999d56ed88.php 第 229 行.
INFO: Run Behavior\ParseTemplateBehavior [ RunTime:0.019841s ]
INFO: [ view_parse ] --END-- [ RunTime:0.019946s ]
INFO: [ view_filter ] --START--
INFO: Run Behavior\WriteHtmlCacheBehavior [ RunTime:0.000820s ]
INFO: [ view_filter ] --END-- [ RunTime:0.000965s ]
INFO: [ app_end ] --START--
INFO: Run Behavior\ShowPageTraceBehavior [ RunTime:0.001401s ]
INFO: [ app_end ] --END-- [ RunTime:0.001573s ]

[ 2016-06-07T09:33:21+08:00 ] ::1 /leader/Admin/Goods/add.html
INFO: [ app_init ] --START--
INFO: Run Behavior\BuildLiteBehavior [ RunTime:0.000035s ]
INFO: [ app_init ] --END-- [ RunTime:0.000669s ]
INFO: [ app_begin ] --START--
INFO: Run Behavior\ReadHtmlCacheBehavior [ RunTime:0.000439s ]
INFO: [ app_begin ] --END-- [ RunTime:0.000493s ]
INFO: [ view_parse ] --START--
INFO: [ template_filter ] --START--
INFO: Run Behavior\ContentReplaceBehavior [ RunTime:0.000086s ]
INFO: [ template_filter ] --END-- [ RunTime:0.000139s ]
NOTIC: [8] Undefined index: href C:\PHPstudy\WWW\leader\App\Runtime\Cache\Admin\c4eb750b05a3ec9b1c52c27480c12d23.php 第 84 行.
NOTIC: [8] Undefined index: href C:\PHPstudy\WWW\leader\App\Runtime\Cache\Admin\c4eb750b05a3ec9b1c52c27480c12d23.php 第 90 行.
INFO: Run Behavior\ParseTemplateBehavior [ RunTime:0.007796s ]
INFO: [ view_parse ] --END-- [ RunTime:0.007851s ]
INFO: [ view_filter ] --START--
INFO: Run Behavior\WriteHtmlCacheBehavior [ RunTime:0.000338s ]
INFO: [ view_filter ] --END-- [ RunTime:0.000375s ]
INFO: [ app_end ] --START--
INFO: Run Behavior\ShowPageTraceBehavior [ RunTime:0.000574s ]
INFO: [ app_end ] --END-- [ RunTime:0.000637s ]

[ 2016-06-07T09:33:48+08:00 ] ::1 /leader/Admin/Goods/add.html
INFO: [ app_init ] --START--
INFO: Run Behavior\BuildLiteBehavior [ RunTime:0.000015s ]
INFO: [ app_init ] --END-- [ RunTime:0.000434s ]
INFO: [ app_begin ] --START--
INFO: Run Behavior\ReadHtmlCacheBehavior [ RunTime:0.000527s ]
INFO: [ app_begin ] --END-- [ RunTime:0.000618s ]
INFO: [ view_parse ] --START--
INFO: [ template_filter ] --START--
INFO: Run Behavior\ContentReplaceBehavior [ RunTime:0.000145s ]
INFO: [ template_filter ] --END-- [ RunTime:0.000220s ]
NOTIC: [8] Undefined index: href C:\PHPstudy\WWW\leader\App\Runtime\Cache\Admin\c4eb750b05a3ec9b1c52c27480c12d23.php 第 84 行.
NOTIC: [8] Undefined index: href C:\PHPstudy\WWW\leader\App\Runtime\Cache\Admin\c4eb750b05a3ec9b1c52c27480c12d23.php 第 90 行.
INFO: Run Behavior\ParseTemplateBehavior [ RunTime:0.007249s ]
INFO: [ view_parse ] --END-- [ RunTime:0.007309s ]
INFO: [ view_filter ] --START--
INFO: Run Behavior\WriteHtmlCacheBehavior [ RunTime:0.000281s ]
INFO: [ view_filter ] --END-- [ RunTime:0.000319s ]
INFO: [ app_end ] --START--
INFO: Run Behavior\ShowPageTraceBehavior [ RunTime:0.000578s ]
INFO: [ app_end ] --END-- [ RunTime:0.000639s ]

[ 2016-06-07T10:08:57+08:00 ] ::1 /leader/Admin/Goods/add.html
INFO: [ app_init ] --START--
INFO: Run Behavior\BuildLiteBehavior [ RunTime:0.000024s ]
INFO: [ app_init ] --END-- [ RunTime:0.000662s ]
INFO: [ app_begin ] --START--
INFO: Run Behavior\ReadHtmlCacheBehavior [ RunTime:0.000940s ]
INFO: [ app_begin ] --END-- [ RunTime:0.001061s ]
INFO: [ view_parse ] --START--
INFO: [ template_filter ] --START--
INFO: Run Behavior\ContentReplaceBehavior [ RunTime:0.000142s ]
INFO: [ template_filter ] --END-- [ RunTime:0.000223s ]
NOTIC: [8] Undefined index: href C:\PHPstudy\WWW\leader\App\Runtime\Cache\Admin\c4eb750b05a3ec9b1c52c27480c12d23.php 第 84 行.
NOTIC: [8] Undefined index: href C:\PHPstudy\WWW\leader\App\Runtime\Cache\Admin\c4eb750b05a3ec9b1c52c27480c12d23.php 第 90 行.
INFO: Run Behavior\ParseTemplateBehavior [ RunTime:0.010771s ]
INFO: [ view_parse ] --END-- [ RunTime:0.010906s ]
INFO: [ view_filter ] --START--
INFO: Run Behavior\WriteHtmlCacheBehavior [ RunTime:0.000787s ]
INFO: [ view_filter ] --END-- [ RunTime:0.000857s ]
INFO: [ app_end ] --START--
INFO: Run Behavior\ShowPageTraceBehavior [ RunTime:0.002144s ]
INFO: [ app_end ] --END-- [ RunTime:0.002240s ]

[ 2016-06-07T15:53:18+08:00 ] ::1 /leader/Admin/Goods/add.html
INFO: [ app_init ] --START--
INFO: Run Behavior\BuildLiteBehavior [ RunTime:0.000042s ]
INFO: [ app_init ] --END-- [ RunTime:0.000957s ]
INFO: [ app_begin ] --START--
INFO: Run Behavior\ReadHtmlCacheBehavior [ RunTime:0.000791s ]
INFO: [ app_begin ] --END-- [ RunTime:0.000874s ]
INFO: [ view_parse ] --START--
INFO: [ template_filter ] --START--
INFO: Run Behavior\ContentReplaceBehavior [ RunTime:0.000137s ]
INFO: [ template_filter ] --END-- [ RunTime:0.000218s ]
NOTIC: [8] Undefined index: href C:\PHPstudy\WWW\leader\App\Runtime\Cache\Admin\c4eb750b05a3ec9b1c52c27480c12d23.php 第 84 行.
NOTIC: [8] Undefined index: href C:\PHPstudy\WWW\leader\App\Runtime\Cache\Admin\c4eb750b05a3ec9b1c52c27480c12d23.php 第 90 行.
INFO: Run Behavior\ParseTemplateBehavior [ RunTime:0.009734s ]
INFO: [ view_parse ] --END-- [ RunTime:0.009827s ]
INFO: [ view_filter ] --START--
INFO: Run Behavior\WriteHtmlCacheBehavior [ RunTime:0.001045s ]
INFO: [ view_filter ] --END-- [ RunTime:0.001125s ]
INFO: [ app_end ] --START--
INFO: Run Behavior\ShowPageTraceBehavior [ RunTime:0.002267s ]
INFO: [ app_end ] --END-- [ RunTime:0.002678s ]

[ 2016-06-07T15:54:38+08:00 ] ::1 /leader/Admin/Goods/add.html
INFO: [ app_init ] --START--
INFO: Run Behavior\BuildLiteBehavior [ RunTime:0.000020s ]
INFO: [ app_init ] --END-- [ RunTime:0.000933s ]
INFO: [ app_begin ] --START--
INFO: Run Behavior\ReadHtmlCacheBehavior [ RunTime:0.000489s ]
INFO: [ app_begin ] --END-- [ RunTime:0.000538s ]
INFO: [ view_parse ] --START--
INFO: [ template_filter ] --START--
INFO: Run Behavior\ContentReplaceBehavior [ RunTime:0.000086s ]
INFO: [ template_filter ] --END-- [ RunTime:0.000140s ]
NOTIC: [8] Undefined index: href C:\PHPstudy\WWW\leader\App\Runtime\Cache\Admin\c4eb750b05a3ec9b1c52c27480c12d23.php 第 84 行.
NOTIC: [8] Undefined index: href C:\PHPstudy\WWW\leader\App\Runtime\Cache\Admin\c4eb750b05a3ec9b1c52c27480c12d23.php 第 90 行.
INFO: Run Behavior\ParseTemplateBehavior [ RunTime:0.008804s ]
INFO: [ view_parse ] --END-- [ RunTime:0.008869s ]
INFO: [ view_filter ] --START--
INFO: Run Behavior\WriteHtmlCacheBehavior [ RunTime:0.000337s ]
INFO: [ view_filter ] --END-- [ RunTime:0.000375s ]
INFO: [ app_end ] --START--
INFO: Run Behavior\ShowPageTraceBehavior [ RunTime:0.000614s ]
INFO: [ app_end ] --END-- [ RunTime:0.000679s ]

[ 2016-06-07T15:54:44+08:00 ] ::1 /leader/index.php/Admin/Index/index.html
INFO: [ app_init ] --START--
INFO: Run Behavior\BuildLiteBehavior [ RunTime:0.000015s ]
INFO: [ app_init ] --END-- [ RunTime:0.000347s ]
INFO: [ app_begin ] --START--
INFO: Run Behavior\ReadHtmlCacheBehavior [ RunTime:0.001076s ]
INFO: [ app_begin ] --END-- [ RunTime:0.001246s ]
SQL: SHOW COLUMNS FROM `zz_log` [ RunTime:0.0115s ]
SQL: SELECT * FROM `zz_log` ORDER BY time desc  [ RunTime:0.0024s ]
INFO: [ view_parse ] --START--
INFO: [ template_filter ] --START--
INFO: Run Behavior\ContentReplaceBehavior [ RunTime:0.000147s ]
INFO: [ template_filter ] --END-- [ RunTime:0.000274s ]
NOTIC: [8] Undefined index: href C:\PHPstudy\WWW\leader\App\Runtime\Cache\Admin\9df924d9a2d217daa77a359c5bee0c33.php 第 82 行.
NOTIC: [8] Undefined index: href C:\PHPstudy\WWW\leader\App\Runtime\Cache\Admin\9df924d9a2d217daa77a359c5bee0c33.php 第 88 行.
NOTIC: [8] Undefined variable: page C:\PHPstudy\WWW\leader\App\Runtime\Cache\Admin\9df924d9a2d217daa77a359c5bee0c33.php 第 198 行.
INFO: Run Behavior\ParseTemplateBehavior [ RunTime:0.023305s ]
INFO: [ view_parse ] --END-- [ RunTime:0.023433s ]
INFO: [ view_filter ] --START--
INFO: Run Behavior\WriteHtmlCacheBehavior [ RunTime:0.000308s ]
INFO: [ view_filter ] --END-- [ RunTime:0.000355s ]
INFO: [ app_end ] --START--
INFO: Run Behavior\ShowPageTraceBehavior [ RunTime:0.000653s ]
INFO: [ app_end ] --END-- [ RunTime:0.000735s ]

[ 2016-06-07T16:46:18+08:00 ] ::1 /leader/admin
INFO: [ app_init ] --START--
INFO: Run Behavior\BuildLiteBehavior [ RunTime:0.000020s ]
INFO: [ app_init ] --END-- [ RunTime:0.000640s ]
INFO: [ app_begin ] --START--
INFO: Run Behavior\ReadHtmlCacheBehavior [ RunTime:0.000559s ]
INFO: [ app_begin ] --END-- [ RunTime:0.000641s ]
SQL: SHOW COLUMNS FROM `zz_log` [ RunTime:0.0094s ]
SQL: SELECT * FROM `zz_log` ORDER BY time desc  [ RunTime:0.0007s ]
INFO: [ view_parse ] --START--
INFO: [ template_filter ] --START--
INFO: Run Behavior\ContentReplaceBehavior [ RunTime:0.000075s ]
INFO: [ template_filter ] --END-- [ RunTime:0.000134s ]
NOTIC: [8] Undefined index: href C:\PHPstudy\WWW\leader\App\Runtime\Cache\Admin\9df924d9a2d217daa77a359c5bee0c33.php 第 82 行.
NOTIC: [8] Undefined index: href C:\PHPstudy\WWW\leader\App\Runtime\Cache\Admin\9df924d9a2d217daa77a359c5bee0c33.php 第 88 行.
NOTIC: [8] Undefined variable: page C:\PHPstudy\WWW\leader\App\Runtime\Cache\Admin\9df924d9a2d217daa77a359c5bee0c33.php 第 198 行.
INFO: Run Behavior\ParseTemplateBehavior [ RunTime:0.013095s ]
INFO: [ view_parse ] --END-- [ RunTime:0.013164s ]
INFO: [ view_filter ] --START--
INFO: Run Behavior\WriteHtmlCacheBehavior [ RunTime:0.000283s ]
INFO: [ view_filter ] --END-- [ RunTime:0.000325s ]
INFO: [ app_end ] --START--
INFO: Run Behavior\ShowPageTraceBehavior [ RunTime:0.000553s ]
INFO: [ app_end ] --END-- [ RunTime:0.000615s ]

[ 2016-06-07T16:46:22+08:00 ] ::1 /leader/Admin/Goods/index.html
INFO: [ app_init ] --START--
INFO: Run Behavior\BuildLiteBehavior [ RunTime:0.000028s ]
INFO: [ app_init ] --END-- [ RunTime:0.000584s ]
INFO: [ app_begin ] --START--
INFO: Run Behavior\ReadHtmlCacheBehavior [ RunTime:0.001728s ]
INFO: [ app_begin ] --END-- [ RunTime:0.001913s ]
SQL: SHOW COLUMNS FROM `zz_goods` [ RunTime:0.0086s ]
SQL: SELECT COUNT(*) AS tp_count FROM `zz_goods` LIMIT 1   [ RunTime:0.0007s ]
SQL: SELECT * FROM `zz_goods` ORDER BY ol desc LIMIT 0,8   [ RunTime:0.0010s ]
INFO: [ view_parse ] --START--
INFO: [ template_filter ] --START--
INFO: Run Behavior\ContentReplaceBehavior [ RunTime:0.000142s ]
INFO: [ template_filter ] --END-- [ RunTime:0.000225s ]
NOTIC: [8] Undefined index: href C:\PHPstudy\WWW\leader\App\Runtime\Cache\Admin\aa143db074a4ae068af099999d56ed88.php 第 89 行.
NOTIC: [8] Undefined index: href C:\PHPstudy\WWW\leader\App\Runtime\Cache\Admin\aa143db074a4ae068af099999d56ed88.php 第 95 行.
INFO: Run Behavior\ParseTemplateBehavior [ RunTime:0.033276s ]
INFO: [ view_parse ] --END-- [ RunTime:0.033433s ]
INFO: [ view_filter ] --START--
INFO: Run Behavior\WriteHtmlCacheBehavior [ RunTime:0.000731s ]
INFO: [ view_filter ] --END-- [ RunTime:0.000817s ]
INFO: [ app_end ] --START--
INFO: Run Behavior\ShowPageTraceBehavior [ RunTime:0.000970s ]
INFO: [ app_end ] --END-- [ RunTime:0.001091s ]

[ 2016-06-07T16:46:24+08:00 ] ::1 /leader/Admin/Goods/add.html
INFO: [ app_init ] --START--
INFO: Run Behavior\BuildLiteBehavior [ RunTime:0.000016s ]
INFO: [ app_init ] --END-- [ RunTime:0.000350s ]
INFO: [ app_begin ] --START--
INFO: Run Behavior\ReadHtmlCacheBehavior [ RunTime:0.000715s ]
INFO: [ app_begin ] --END-- [ RunTime:0.000844s ]
INFO: [ view_parse ] --START--
INFO: [ template_filter ] --START--
INFO: Run Behavior\ContentReplaceBehavior [ RunTime:0.000089s ]
INFO: [ template_filter ] --END-- [ RunTime:0.000145s ]
NOTIC: [8] Undefined index: href C:\PHPstudy\WWW\leader\App\Runtime\Cache\Admin\c4eb750b05a3ec9b1c52c27480c12d23.php 第 84 行.
NOTIC: [8] Undefined index: href C:\PHPstudy\WWW\leader\App\Runtime\Cache\Admin\c4eb750b05a3ec9b1c52c27480c12d23.php 第 90 行.
INFO: Run Behavior\ParseTemplateBehavior [ RunTime:0.008522s ]
INFO: [ view_parse ] --END-- [ RunTime:0.008570s ]
INFO: [ view_filter ] --START--
INFO: Run Behavior\WriteHtmlCacheBehavior [ RunTime:0.000293s ]
INFO: [ view_filter ] --END-- [ RunTime:0.000332s ]
INFO: [ app_end ] --START--
INFO: Run Behavior\ShowPageTraceBehavior [ RunTime:0.000554s ]
INFO: [ app_end ] --END-- [ RunTime:0.000612s ]

[ 2016-06-07T16:46:28+08:00 ] ::1 /leader/Admin/Goods/index.html
INFO: [ app_init ] --START--
INFO: Run Behavior\BuildLiteBehavior [ RunTime:0.000013s ]
INFO: [ app_init ] --END-- [ RunTime:0.000348s ]
INFO: [ app_begin ] --START--
INFO: Run Behavior\ReadHtmlCacheBehavior [ RunTime:0.000404s ]
INFO: [ app_begin ] --END-- [ RunTime:0.000449s ]
SQL: SHOW COLUMNS FROM `zz_goods` [ RunTime:0.0031s ]
SQL: SELECT COUNT(*) AS tp_count FROM `zz_goods` LIMIT 1   [ RunTime:0.0003s ]
SQL: SELECT * FROM `zz_goods` ORDER BY ol desc LIMIT 0,8   [ RunTime:0.0004s ]
INFO: [ view_parse ] --START--
INFO: [ template_filter ] --START--
INFO: Run Behavior\ContentReplaceBehavior [ RunTime:0.000124s ]
INFO: [ template_filter ] --END-- [ RunTime:0.000191s ]
NOTIC: [8] Undefined index: href C:\PHPstudy\WWW\leader\App\Runtime\Cache\Admin\aa143db074a4ae068af099999d56ed88.php 第 89 行.
NOTIC: [8] Undefined index: href C:\PHPstudy\WWW\leader\App\Runtime\Cache\Admin\aa143db074a4ae068af099999d56ed88.php 第 95 行.
INFO: Run Behavior\ParseTemplateBehavior [ RunTime:0.013880s ]
INFO: [ view_parse ] --END-- [ RunTime:0.013955s ]
INFO: [ view_filter ] --START--
INFO: Run Behavior\WriteHtmlCacheBehavior [ RunTime:0.000428s ]
INFO: [ view_filter ] --END-- [ RunTime:0.000487s ]
INFO: [ app_end ] --START--
INFO: Run Behavior\ShowPageTraceBehavior [ RunTime:0.000643s ]
INFO: [ app_end ] --END-- [ RunTime:0.000878s ]

[ 2016-06-07T17:07:38+08:00 ] ::1 /leader/Admin/Goods/add.html
INFO: [ app_init ] --START--
INFO: Run Behavior\BuildLiteBehavior [ RunTime:0.000013s ]
INFO: [ app_init ] --END-- [ RunTime:0.000345s ]
INFO: [ app_begin ] --START--
INFO: Run Behavior\ReadHtmlCacheBehavior [ RunTime:0.000503s ]
INFO: [ app_begin ] --END-- [ RunTime:0.000555s ]
INFO: [ view_parse ] --START--
INFO: [ template_filter ] --START--
INFO: Run Behavior\ContentReplaceBehavior [ RunTime:0.000089s ]
INFO: [ template_filter ] --END-- [ RunTime:0.000144s ]
NOTIC: [8] Undefined index: href C:\PHPstudy\WWW\leader\App\Runtime\Cache\Admin\c4eb750b05a3ec9b1c52c27480c12d23.php 第 84 行.
NOTIC: [8] Undefined index: href C:\PHPstudy\WWW\leader\App\Runtime\Cache\Admin\c4eb750b05a3ec9b1c52c27480c12d23.php 第 90 行.
INFO: Run Behavior\ParseTemplateBehavior [ RunTime:0.009398s ]
INFO: [ view_parse ] --END-- [ RunTime:0.009498s ]
INFO: [ view_filter ] --START--
INFO: Run Behavior\WriteHtmlCacheBehavior [ RunTime:0.000770s ]
INFO: [ view_filter ] --END-- [ RunTime:0.000849s ]
INFO: [ app_end ] --START--
INFO: Run Behavior\ShowPageTraceBehavior [ RunTime:0.000753s ]
INFO: [ app_end ] --END-- [ RunTime:0.000823s ]

[ 2016-06-07T17:07:41+08:00 ] ::1 /leader/Admin/Goods/index.html
INFO: [ app_init ] --START--
INFO: Run Behavior\BuildLiteBehavior [ RunTime:0.000017s ]
INFO: [ app_init ] --END-- [ RunTime:0.000471s ]
INFO: [ app_begin ] --START--
INFO: Run Behavior\ReadHtmlCacheBehavior [ RunTime:0.000529s ]
INFO: [ app_begin ] --END-- [ RunTime:0.000588s ]
SQL: SHOW COLUMNS FROM `zz_goods` [ RunTime:0.0085s ]
SQL: SELECT COUNT(*) AS tp_count FROM `zz_goods` LIMIT 1   [ RunTime:0.0006s ]
SQL: SELECT * FROM `zz_goods` ORDER BY ol desc LIMIT 0,8   [ RunTime:0.0010s ]
INFO: [ view_parse ] --START--
INFO: [ template_filter ] --START--
INFO: Run Behavior\ContentReplaceBehavior [ RunTime:0.000103s ]
INFO: [ template_filter ] --END-- [ RunTime:0.000162s ]
NOTIC: [8] Undefined index: href C:\PHPstudy\WWW\leader\App\Runtime\Cache\Admin\aa143db074a4ae068af099999d56ed88.php 第 89 行.
NOTIC: [8] Undefined index: href C:\PHPstudy\WWW\leader\App\Runtime\Cache\Admin\aa143db074a4ae068af099999d56ed88.php 第 95 行.
INFO: Run Behavior\ParseTemplateBehavior [ RunTime:0.021644s ]
INFO: [ view_parse ] --END-- [ RunTime:0.021755s ]
INFO: [ view_filter ] --START--
INFO: Run Behavior\WriteHtmlCacheBehavior [ RunTime:0.000421s ]
INFO: [ view_filter ] --END-- [ RunTime:0.000463s ]
INFO: [ app_end ] --START--
INFO: Run Behavior\ShowPageTraceBehavior [ RunTime:0.000525s ]
INFO: [ app_end ] --END-- [ RunTime:0.000594s ]

[ 2016-06-07T17:07:42+08:00 ] ::1 /leader/Admin/Goods/index.html
INFO: [ app_init ] --START--
INFO: Run Behavior\BuildLiteBehavior [ RunTime:0.000023s ]
INFO: [ app_init ] --END-- [ RunTime:0.000699s ]
INFO: [ app_begin ] --START--
INFO: Run Behavior\ReadHtmlCacheBehavior [ RunTime:0.000681s ]
INFO: [ app_begin ] --END-- [ RunTime:0.000799s ]
SQL: SHOW COLUMNS FROM `zz_goods` [ RunTime:0.0050s ]
SQL: SELECT COUNT(*) AS tp_count FROM `zz_goods` LIMIT 1   [ RunTime:0.0004s ]
SQL: SELECT * FROM `zz_goods` ORDER BY ol desc LIMIT 0,8   [ RunTime:0.0005s ]
INFO: [ view_parse ] --START--
INFO: [ template_filter ] --START--
INFO: Run Behavior\ContentReplaceBehavior [ RunTime:0.000092s ]
INFO: [ template_filter ] --END-- [ RunTime:0.000144s ]
NOTIC: [8] Undefined index: href C:\PHPstudy\WWW\leader\App\Runtime\Cache\Admin\aa143db074a4ae068af099999d56ed88.php 第 89 行.
NOTIC: [8] Undefined index: href C:\PHPstudy\WWW\leader\App\Runtime\Cache\Admin\aa143db074a4ae068af099999d56ed88.php 第 95 行.
INFO: Run Behavior\ParseTemplateBehavior [ RunTime:0.013949s ]
INFO: [ view_parse ] --END-- [ RunTime:0.013999s ]
INFO: [ view_filter ] --START--
INFO: Run Behavior\WriteHtmlCacheBehavior [ RunTime:0.000289s ]
INFO: [ view_filter ] --END-- [ RunTime:0.000327s ]
INFO: [ app_end ] --START--
INFO: Run Behavior\ShowPageTraceBehavior [ RunTime:0.000762s ]
INFO: [ app_end ] --END-- [ RunTime:0.000836s ]

[ 2016-06-07T17:12:40+08:00 ] ::1 /leader/Admin/Goods/index.html
INFO: [ app_init ] --START--
INFO: Run Behavior\BuildLiteBehavior [ RunTime:0.000016s ]
INFO: [ app_init ] --END-- [ RunTime:0.000534s ]
INFO: [ app_begin ] --START--
INFO: Run Behavior\ReadHtmlCacheBehavior [ RunTime:0.000540s ]
INFO: [ app_begin ] --END-- [ RunTime:0.000589s ]
SQL: SHOW COLUMNS FROM `zz_goods` [ RunTime:0.0056s ]
SQL: SELECT COUNT(*) AS tp_count FROM `zz_goods` LIMIT 1   [ RunTime:0.0005s ]
SQL: SELECT * FROM `zz_goods` ORDER BY ol desc LIMIT 0,8   [ RunTime:0.0008s ]
INFO: [ view_parse ] --START--
INFO: [ template_filter ] --START--
INFO: Run Behavior\ContentReplaceBehavior [ RunTime:0.000123s ]
INFO: [ template_filter ] --END-- [ RunTime:0.000196s ]
NOTIC: [8] Undefined index: href C:\PHPstudy\WWW\leader\App\Runtime\Cache\Admin\aa143db074a4ae068af099999d56ed88.php 第 89 行.
NOTIC: [8] Undefined index: href C:\PHPstudy\WWW\leader\App\Runtime\Cache\Admin\aa143db074a4ae068af099999d56ed88.php 第 95 行.
INFO: Run Behavior\ParseTemplateBehavior [ RunTime:0.023182s ]
INFO: [ view_parse ] --END-- [ RunTime:0.023278s ]
INFO: [ view_filter ] --START--
INFO: Run Behavior\WriteHtmlCacheBehavior [ RunTime:0.000609s ]
INFO: [ view_filter ] --END-- [ RunTime:0.000664s ]
INFO: [ app_end ] --START--
INFO: Run Behavior\ShowPageTraceBehavior [ RunTime:0.000887s ]
INFO: [ app_end ] --END-- [ RunTime:0.000979s ]

[ 2016-06-07T17:13:08+08:00 ] ::1 /leader/Admin/Goods/index.html
INFO: [ app_init ] --START--
INFO: Run Behavior\BuildLiteBehavior [ RunTime:0.000033s ]
INFO: [ app_init ] --END-- [ RunTime:0.000476s ]
INFO: [ app_begin ] --START--
INFO: Run Behavior\ReadHtmlCacheBehavior [ RunTime:0.000971s ]
INFO: [ app_begin ] --END-- [ RunTime:0.001065s ]
SQL: SHOW COLUMNS FROM `zz_goods` [ RunTime:0.0056s ]
SQL: SELECT COUNT(*) AS tp_count FROM `zz_goods` LIMIT 1   [ RunTime:0.0008s ]
SQL: SELECT * FROM `zz_goods` ORDER BY ol desc LIMIT 0,8   [ RunTime:0.0010s ]
INFO: [ view_parse ] --START--
INFO: [ template_filter ] --START--
INFO: Run Behavior\ContentReplaceBehavior [ RunTime:0.000309s ]
INFO: [ template_filter ] --END-- [ RunTime:0.000462s ]
NOTIC: [8] Undefined index: href C:\PHPstudy\WWW\leader\App\Runtime\Cache\Admin\aa143db074a4ae068af099999d56ed88.php 第 89 行.
NOTIC: [8] Undefined index: href C:\PHPstudy\WWW\leader\App\Runtime\Cache\Admin\aa143db074a4ae068af099999d56ed88.php 第 95 行.
INFO: Run Behavior\ParseTemplateBehavior [ RunTime:0.026515s ]
INFO: [ view_parse ] --END-- [ RunTime:0.026658s ]
INFO: [ view_filter ] --START--
INFO: Run Behavior\WriteHtmlCacheBehavior [ RunTime:0.000669s ]
INFO: [ view_filter ] --END-- [ RunTime:0.000730s ]
INFO: [ app_end ] --START--
INFO: Run Behavior\ShowPageTraceBehavior [ RunTime:0.001254s ]
INFO: [ app_end ] --END-- [ RunTime:0.001351s ]

[ 2016-06-07T17:13:13+08:00 ] ::1 /leader/Admin/Goods/edit.html?id=9
INFO: [ app_init ] --START--
INFO: Run Behavior\BuildLiteBehavior [ RunTime:0.000039s ]
INFO: [ app_init ] --END-- [ RunTime:0.000702s ]
INFO: [ app_begin ] --START--
INFO: Run Behavior\ReadHtmlCacheBehavior [ RunTime:0.001076s ]
INFO: [ app_begin ] --END-- [ RunTime:0.001192s ]
SQL: SHOW COLUMNS FROM `zz_goods` [ RunTime:0.0038s ]
SQL: SELECT * FROM `zz_goods` WHERE `id` = 9 LIMIT 1   [ RunTime:0.0004s ]
INFO: [ view_parse ] --START--
INFO: [ template_filter ] --START--
INFO: Run Behavior\ContentReplaceBehavior [ RunTime:0.000143s ]
INFO: [ template_filter ] --END-- [ RunTime:0.000224s ]
NOTIC: [8] Undefined index: href C:\PHPstudy\WWW\leader\App\Runtime\Cache\Admin\a7acda2ddd30ea547eb62f2f930658e6.php 第 84 行.
NOTIC: [8] Undefined index: href C:\PHPstudy\WWW\leader\App\Runtime\Cache\Admin\a7acda2ddd30ea547eb62f2f930658e6.php 第 90 行.
NOTIC: [8] Use of undefined constant id - assumed 'id' C:\PHPstudy\WWW\leader\App\Runtime\Cache\Admin\a7acda2ddd30ea547eb62f2f930658e6.php 第 207 行.
NOTIC: [8] Use of undefined constant ol - assumed 'ol' C:\PHPstudy\WWW\leader\App\Runtime\Cache\Admin\a7acda2ddd30ea547eb62f2f930658e6.php 第 221 行.
NOTIC: [8] Use of undefined constant brief - assumed 'brief' C:\PHPstudy\WWW\leader\App\Runtime\Cache\Admin\a7acda2ddd30ea547eb62f2f930658e6.php 第 238 行.
INFO: Run Behavior\ParseTemplateBehavior [ RunTime:0.015326s ]
INFO: [ view_parse ] --END-- [ RunTime:0.015424s ]
INFO: [ view_filter ] --START--
INFO: Run Behavior\WriteHtmlCacheBehavior [ RunTime:0.000718s ]
INFO: [ view_filter ] --END-- [ RunTime:0.000780s ]
INFO: [ app_end ] --START--
INFO: Run Behavior\ShowPageTraceBehavior [ RunTime:0.001190s ]
INFO: [ app_end ] --END-- [ RunTime:0.001271s ]

[ 2016-06-07T17:20:23+08:00 ] ::1 /leader/Admin/Goods/index.html
INFO: [ app_init ] --START--
INFO: Run Behavior\BuildLiteBehavior [ RunTime:0.000057s ]
INFO: [ app_init ] --END-- [ RunTime:0.001255s ]
INFO: [ app_begin ] --START--
INFO: Run Behavior\ReadHtmlCacheBehavior [ RunTime:0.001037s ]
INFO: [ app_begin ] --END-- [ RunTime:0.001250s ]
SQL: SHOW COLUMNS FROM `zz_goods` [ RunTime:0.0030s ]
SQL: SELECT COUNT(*) AS tp_count FROM `zz_goods` LIMIT 1   [ RunTime:0.0003s ]
SQL: SELECT * FROM `zz_goods` ORDER BY ol desc LIMIT 0,8   [ RunTime:0.0003s ]
INFO: [ view_parse ] --START--
INFO: [ template_filter ] --START--
INFO: Run Behavior\ContentReplaceBehavior [ RunTime:0.000120s ]
INFO: [ template_filter ] --END-- [ RunTime:0.000199s ]
NOTIC: [8] Undefined index: href C:\PHPstudy\WWW\leader\App\Runtime\Cache\Admin\aa143db074a4ae068af099999d56ed88.php 第 89 行.
NOTIC: [8] Undefined index: href C:\PHPstudy\WWW\leader\App\Runtime\Cache\Admin\aa143db074a4ae068af099999d56ed88.php 第 95 行.
INFO: Run Behavior\ParseTemplateBehavior [ RunTime:0.012380s ]
INFO: [ view_parse ] --END-- [ RunTime:0.012445s ]
INFO: [ view_filter ] --START--
INFO: Run Behavior\WriteHtmlCacheBehavior [ RunTime:0.000505s ]
INFO: [ view_filter ] --END-- [ RunTime:0.000552s ]
INFO: [ app_end ] --START--
INFO: Run Behavior\ShowPageTraceBehavior [ RunTime:0.000863s ]
INFO: [ app_end ] --END-- [ RunTime:0.000944s ]

[ 2016-06-07T17:22:34+08:00 ] ::1 /leader/Admin/Goods/index.html
INFO: [ app_init ] --START--
INFO: Run Behavior\BuildLiteBehavior [ RunTime:0.000031s ]
INFO: [ app_init ] --END-- [ RunTime:0.000974s ]
INFO: [ app_begin ] --START--
INFO: Run Behavior\ReadHtmlCacheBehavior [ RunTime:0.000642s ]
INFO: [ app_begin ] --END-- [ RunTime:0.000728s ]
SQL: SHOW COLUMNS FROM `zz_goods` [ RunTime:0.0109s ]
SQL: SELECT COUNT(*) AS tp_count FROM `zz_goods` LIMIT 1   [ RunTime:0.0009s ]
SQL: SELECT * FROM `zz_goods` ORDER BY ol desc LIMIT 0,8   [ RunTime:0.0012s ]
INFO: [ view_parse ] --START--
INFO: [ template_filter ] --START--
INFO: Run Behavior\ContentReplaceBehavior [ RunTime:0.000221s ]
INFO: [ template_filter ] --END-- [ RunTime:0.000342s ]
NOTIC: [8] Undefined index: href C:\PHPstudy\WWW\leader\App\Runtime\Cache\Admin\aa143db074a4ae068af099999d56ed88.php 第 89 行.
NOTIC: [8] Undefined index: href C:\PHPstudy\WWW\leader\App\Runtime\Cache\Admin\aa143db074a4ae068af099999d56ed88.php 第 95 行.
INFO: Run Behavior\ParseTemplateBehavior [ RunTime:0.037634s ]
INFO: [ view_parse ] --END-- [ RunTime:0.037971s ]
INFO: [ view_filter ] --START--
INFO: Run Behavior\WriteHtmlCacheBehavior [ RunTime:0.001484s ]
INFO: [ view_filter ] --END-- [ RunTime:0.001800s ]
INFO: [ app_end ] --START--
INFO: Run Behavior\ShowPageTraceBehavior [ RunTime:0.002126s ]
INFO: [ app_end ] --END-- [ RunTime:0.002325s ]

[ 2016-06-07T17:22:55+08:00 ] ::1 /leader/Admin/Goods/edit.html?id=9
INFO: [ app_init ] --START--
INFO: Run Behavior\BuildLiteBehavior [ RunTime:0.000013s ]
INFO: [ app_init ] --END-- [ RunTime:0.000367s ]
INFO: [ app_begin ] --START--
INFO: Run Behavior\ReadHtmlCacheBehavior [ RunTime:0.000520s ]
INFO: [ app_begin ] --END-- [ RunTime:0.000569s ]
SQL: SHOW COLUMNS FROM `zz_goods` [ RunTime:0.0023s ]
SQL: SELECT * FROM `zz_goods` WHERE `id` = 9 LIMIT 1   [ RunTime:0.0003s ]
INFO: [ view_parse ] --START--
INFO: [ template_filter ] --START--
INFO: Run Behavior\ContentReplaceBehavior [ RunTime:0.000093s ]
INFO: [ template_filter ] --END-- [ RunTime:0.000149s ]
NOTIC: [8] Undefined index: href C:\PHPstudy\WWW\leader\App\Runtime\Cache\Admin\a7acda2ddd30ea547eb62f2f930658e6.php 第 84 行.
NOTIC: [8] Undefined index: href C:\PHPstudy\WWW\leader\App\Runtime\Cache\Admin\a7acda2ddd30ea547eb62f2f930658e6.php 第 90 行.
NOTIC: [8] Use of undefined constant id - assumed 'id' C:\PHPstudy\WWW\leader\App\Runtime\Cache\Admin\a7acda2ddd30ea547eb62f2f930658e6.php 第 207 行.
NOTIC: [8] Use of undefined constant ol - assumed 'ol' C:\PHPstudy\WWW\leader\App\Runtime\Cache\Admin\a7acda2ddd30ea547eb62f2f930658e6.php 第 221 行.
NOTIC: [8] Use of undefined constant brief - assumed 'brief' C:\PHPstudy\WWW\leader\App\Runtime\Cache\Admin\a7acda2ddd30ea547eb62f2f930658e6.php 第 238 行.
INFO: Run Behavior\ParseTemplateBehavior [ RunTime:0.009208s ]
INFO: [ view_parse ] --END-- [ RunTime:0.009265s ]
INFO: [ view_filter ] --START--
INFO: Run Behavior\WriteHtmlCacheBehavior [ RunTime:0.000394s ]
INFO: [ view_filter ] --END-- [ RunTime:0.000432s ]
INFO: [ app_end ] --START--
INFO: Run Behavior\ShowPageTraceBehavior [ RunTime:0.000618s ]
INFO: [ app_end ] --END-- [ RunTime:0.000674s ]

[ 2016-06-07T17:29:24+08:00 ] ::1 /leader/Admin/Goods/index.html
INFO: [ app_init ] --START--
INFO: Run Behavior\BuildLiteBehavior [ RunTime:0.000016s ]
INFO: [ app_init ] --END-- [ RunTime:0.000456s ]
INFO: [ app_begin ] --START--
INFO: Run Behavior\ReadHtmlCacheBehavior [ RunTime:0.000964s ]
INFO: [ app_begin ] --END-- [ RunTime:0.001095s ]
SQL: SHOW COLUMNS FROM `zz_goods` [ RunTime:0.0024s ]
SQL: SELECT COUNT(*) AS tp_count FROM `zz_goods` LIMIT 1   [ RunTime:0.0003s ]
SQL: SELECT * FROM `zz_goods` ORDER BY ol desc LIMIT 0,8   [ RunTime:0.0005s ]
INFO: [ view_parse ] --START--
INFO: [ template_filter ] --START--
INFO: Run Behavior\ContentReplaceBehavior [ RunTime:0.000135s ]
INFO: [ template_filter ] --END-- [ RunTime:0.000271s ]
NOTIC: [8] Undefined index: href C:\PHPstudy\WWW\leader\App\Runtime\Cache\Admin\aa143db074a4ae068af099999d56ed88.php 第 89 行.
NOTIC: [8] Undefined index: href C:\PHPstudy\WWW\leader\App\Runtime\Cache\Admin\aa143db074a4ae068af099999d56ed88.php 第 95 行.
INFO: Run Behavior\ParseTemplateBehavior [ RunTime:0.010651s ]
INFO: [ view_parse ] --END-- [ RunTime:0.010705s ]
INFO: [ view_filter ] --START--
INFO: Run Behavior\WriteHtmlCacheBehavior [ RunTime:0.000445s ]
INFO: [ view_filter ] --END-- [ RunTime:0.000482s ]
INFO: [ app_end ] --START--
INFO: Run Behavior\ShowPageTraceBehavior [ RunTime:0.000639s ]
INFO: [ app_end ] --END-- [ RunTime:0.000704s ]

[ 2016-06-07T17:30:16+08:00 ] ::1 /leader/Admin/Goods/index.html
INFO: [ app_init ] --START--
INFO: Run Behavior\BuildLiteBehavior [ RunTime:0.000024s ]
INFO: [ app_init ] --END-- [ RunTime:0.000735s ]
INFO: [ app_begin ] --START--
INFO: Run Behavior\ReadHtmlCacheBehavior [ RunTime:0.000968s ]
INFO: [ app_begin ] --END-- [ RunTime:0.001156s ]
SQL: SHOW COLUMNS FROM `zz_goods` [ RunTime:0.0112s ]
SQL: SELECT COUNT(*) AS tp_count FROM `zz_goods` LIMIT 1   [ RunTime:0.0009s ]
SQL: SELECT * FROM `zz_goods` ORDER BY ol desc LIMIT 0,8   [ RunTime:0.0019s ]
INFO: [ view_parse ] --START--
INFO: [ template_filter ] --START--
INFO: Run Behavior\ContentReplaceBehavior [ RunTime:0.000153s ]
INFO: [ template_filter ] --END-- [ RunTime:0.000241s ]
NOTIC: [8] Undefined index: href C:\PHPstudy\WWW\leader\App\Runtime\Cache\Admin\aa143db074a4ae068af099999d56ed88.php 第 89 行.
NOTIC: [8] Undefined index: href C:\PHPstudy\WWW\leader\App\Runtime\Cache\Admin\aa143db074a4ae068af099999d56ed88.php 第 95 行.
INFO: Run Behavior\ParseTemplateBehavior [ RunTime:0.031221s ]
INFO: [ view_parse ] --END-- [ RunTime:0.031368s ]
INFO: [ view_filter ] --START--
INFO: Run Behavior\WriteHtmlCacheBehavior [ RunTime:0.000707s ]
INFO: [ view_filter ] --END-- [ RunTime:0.000782s ]
INFO: [ app_end ] --START--
INFO: Run Behavior\ShowPageTraceBehavior [ RunTime:0.001485s ]
INFO: [ app_end ] --END-- [ RunTime:0.001629s ]

[ 2016-06-07T17:30:18+08:00 ] ::1 /leader/Admin/Goods/edit.html?id=9
INFO: [ app_init ] --START--
INFO: Run Behavior\BuildLiteBehavior [ RunTime:0.000016s ]
INFO: [ app_init ] --END-- [ RunTime:0.000514s ]
INFO: [ app_begin ] --START--
INFO: Run Behavior\ReadHtmlCacheBehavior [ RunTime:0.000811s ]
INFO: [ app_begin ] --END-- [ RunTime:0.000886s ]
SQL: SHOW COLUMNS FROM `zz_goods` [ RunTime:0.0042s ]
SQL: SELECT * FROM `zz_goods` WHERE `id` = 9 LIMIT 1   [ RunTime:0.0005s ]
INFO: [ view_parse ] --START--
INFO: [ template_filter ] --START--
INFO: Run Behavior\ContentReplaceBehavior [ RunTime:0.000161s ]
INFO: [ template_filter ] --END-- [ RunTime:0.000251s ]
NOTIC: [8] Undefined index: href C:\PHPstudy\WWW\leader\App\Runtime\Cache\Admin\a7acda2ddd30ea547eb62f2f930658e6.php 第 84 行.
NOTIC: [8] Undefined index: href C:\PHPstudy\WWW\leader\App\Runtime\Cache\Admin\a7acda2ddd30ea547eb62f2f930658e6.php 第 90 行.
NOTIC: [8] Use of undefined constant id - assumed 'id' C:\PHPstudy\WWW\leader\App\Runtime\Cache\Admin\a7acda2ddd30ea547eb62f2f930658e6.php 第 207 行.
NOTIC: [8] Use of undefined constant ol - assumed 'ol' C:\PHPstudy\WWW\leader\App\Runtime\Cache\Admin\a7acda2ddd30ea547eb62f2f930658e6.php 第 221 行.
NOTIC: [8] Use of undefined constant brief - assumed 'brief' C:\PHPstudy\WWW\leader\App\Runtime\Cache\Admin\a7acda2ddd30ea547eb62f2f930658e6.php 第 244 行.
INFO: Run Behavior\ParseTemplateBehavior [ RunTime:0.014674s ]
INFO: [ view_parse ] --END-- [ RunTime:0.014753s ]
INFO: [ view_filter ] --START--
INFO: Run Behavior\WriteHtmlCacheBehavior [ RunTime:0.000596s ]
INFO: [ view_filter ] --END-- [ RunTime:0.000665s ]
INFO: [ app_end ] --START--
INFO: Run Behavior\ShowPageTraceBehavior [ RunTime:0.001415s ]
INFO: [ app_end ] --END-- [ RunTime:0.001561s ]

[ 2016-06-07T17:30:27+08:00 ] ::1 /leader/Admin/Goods/update.html
INFO: [ app_init ] --START--
INFO: Run Behavior\BuildLiteBehavior [ RunTime:0.000012s ]
INFO: [ app_init ] --END-- [ RunTime:0.000326s ]
INFO: [ app_begin ] --START--
INFO: Run Behavior\ReadHtmlCacheBehavior [ RunTime:0.002537s ]
INFO: [ app_begin ] --END-- [ RunTime:0.002834s ]

[ 2016-06-07T17:30:57+08:00 ] ::1 /leader/Admin/Goods/update.html
INFO: [ app_init ] --START--
INFO: Run Behavior\BuildLiteBehavior [ RunTime:0.000021s ]
INFO: [ app_init ] --END-- [ RunTime:0.000477s ]
INFO: [ app_begin ] --START--
INFO: Run Behavior\ReadHtmlCacheBehavior [ RunTime:0.000775s ]
INFO: [ app_begin ] --END-- [ RunTime:0.000875s ]
SQL: SHOW COLUMNS FROM `zz_goods` [ RunTime:0.0021s ]
SQL: SELECT `href` FROM `zz_goods` WHERE ( id =9 ) LIMIT 1   [ RunTime:0.0003s ]
SQL: UPDATE `zz_goods` SET `sort`='0',`brief`='时尚镂空蝴蝶活口足金戒子首饰送女友礼物',`content`='',`ol`='7' WHERE ( id =9 ) [ RunTime:0.0418s ]
INFO: [ view_parse ] --START--
INFO: [ template_filter ] --START--
INFO: Run Behavior\ContentReplaceBehavior [ RunTime:0.000038s ]
INFO: [ template_filter ] --END-- [ RunTime:0.000083s ]
INFO: Run Behavior\ParseTemplateBehavior [ RunTime:0.004487s ]
INFO: [ view_parse ] --END-- [ RunTime:0.004556s ]
INFO: [ view_filter ] --START--
INFO: Run Behavior\WriteHtmlCacheBehavior [ RunTime:0.000424s ]
INFO: [ view_filter ] --END-- [ RunTime:0.000463s ]
INFO: [ app_end ] --START--
INFO: Run Behavior\ShowPageTraceBehavior [ RunTime:0.000564s ]
INFO: [ app_end ] --END-- [ RunTime:0.000604s ]

[ 2016-06-07T17:30:59+08:00 ] ::1 /leader/Admin/Goods/index
INFO: [ app_init ] --START--
INFO: Run Behavior\BuildLiteBehavior [ RunTime:0.000019s ]
INFO: [ app_init ] --END-- [ RunTime:0.000520s ]
INFO: [ app_begin ] --START--
INFO: Run Behavior\ReadHtmlCacheBehavior [ RunTime:0.000975s ]
INFO: [ app_begin ] --END-- [ RunTime:0.001071s ]
SQL: SHOW COLUMNS FROM `zz_goods` [ RunTime:0.0051s ]
SQL: SELECT COUNT(*) AS tp_count FROM `zz_goods` LIMIT 1   [ RunTime:0.0004s ]
SQL: SELECT * FROM `zz_goods` ORDER BY ol desc LIMIT 0,8   [ RunTime:0.0006s ]
INFO: [ view_parse ] --START--
INFO: [ template_filter ] --START--
INFO: Run Behavior\ContentReplaceBehavior [ RunTime:0.000213s ]
INFO: [ template_filter ] --END-- [ RunTime:0.000322s ]
NOTIC: [8] Undefined index: href C:\PHPstudy\WWW\leader\App\Runtime\Cache\Admin\aa143db074a4ae068af099999d56ed88.php 第 89 行.
NOTIC: [8] Undefined index: href C:\PHPstudy\WWW\leader\App\Runtime\Cache\Admin\aa143db074a4ae068af099999d56ed88.php 第 95 行.
INFO: Run Behavior\ParseTemplateBehavior [ RunTime:0.023346s ]
INFO: [ view_parse ] --END-- [ RunTime:0.023450s ]
INFO: [ view_filter ] --START--
INFO: Run Behavior\WriteHtmlCacheBehavior [ RunTime:0.000924s ]
INFO: [ view_filter ] --END-- [ RunTime:0.001011s ]
INFO: [ app_end ] --START--
INFO: Run Behavior\ShowPageTraceBehavior [ RunTime:0.001616s ]
INFO: [ app_end ] --END-- [ RunTime:0.001754s ]

[ 2016-06-07T17:33:08+08:00 ] ::1 /leader/Admin/Goods/index
INFO: [ app_init ] --START--
INFO: Run Behavior\BuildLiteBehavior [ RunTime:0.000019s ]
INFO: [ app_init ] --END-- [ RunTime:0.000481s ]
INFO: [ app_begin ] --START--
INFO: Run Behavior\ReadHtmlCacheBehavior [ RunTime:0.000569s ]
INFO: [ app_begin ] --END-- [ RunTime:0.000618s ]
SQL: SHOW COLUMNS FROM `zz_goods` [ RunTime:0.0033s ]
SQL: SELECT COUNT(*) AS tp_count FROM `zz_goods` LIMIT 1   [ RunTime:0.0003s ]
SQL: SELECT * FROM `zz_goods` ORDER BY ol desc LIMIT 0,8   [ RunTime:0.0003s ]
INFO: [ view_parse ] --START--
INFO: [ template_filter ] --START--
INFO: Run Behavior\ContentReplaceBehavior [ RunTime:0.000088s ]
INFO: [ template_filter ] --END-- [ RunTime:0.000144s ]
NOTIC: [8] Undefined index: href C:\PHPstudy\WWW\leader\App\Runtime\Cache\Admin\aa143db074a4ae068af099999d56ed88.php 第 89 行.
NOTIC: [8] Undefined index: href C:\PHPstudy\WWW\leader\App\Runtime\Cache\Admin\aa143db074a4ae068af099999d56ed88.php 第 95 行.
INFO: Run Behavior\ParseTemplateBehavior [ RunTime:0.010949s ]
INFO: [ view_parse ] --END-- [ RunTime:0.011006s ]
INFO: [ view_filter ] --START--
INFO: Run Behavior\WriteHtmlCacheBehavior [ RunTime:0.000497s ]
INFO: [ view_filter ] --END-- [ RunTime:0.000541s ]
INFO: [ app_end ] --START--
INFO: Run Behavior\ShowPageTraceBehavior [ RunTime:0.000825s ]
INFO: [ app_end ] --END-- [ RunTime:0.000899s ]

[ 2016-06-07T17:33:10+08:00 ] ::1 /leader/Admin/Goods/edit.html?id=9
INFO: [ app_init ] --START--
INFO: Run Behavior\BuildLiteBehavior [ RunTime:0.000017s ]
INFO: [ app_init ] --END-- [ RunTime:0.000464s ]
INFO: [ app_begin ] --START--
INFO: Run Behavior\ReadHtmlCacheBehavior [ RunTime:0.000588s ]
INFO: [ app_begin ] --END-- [ RunTime:0.000648s ]
SQL: SHOW COLUMNS FROM `zz_goods` [ RunTime:0.0073s ]
SQL: SELECT * FROM `zz_goods` WHERE `id` = 9 LIMIT 1   [ RunTime:0.0007s ]
INFO: [ view_parse ] --START--
INFO: [ template_filter ] --START--
INFO: Run Behavior\ContentReplaceBehavior [ RunTime:0.000136s ]
INFO: [ template_filter ] --END-- [ RunTime:0.000213s ]
NOTIC: [8] Undefined index: href C:\PHPstudy\WWW\leader\App\Runtime\Cache\Admin\a7acda2ddd30ea547eb62f2f930658e6.php 第 84 行.
NOTIC: [8] Undefined index: href C:\PHPstudy\WWW\leader\App\Runtime\Cache\Admin\a7acda2ddd30ea547eb62f2f930658e6.php 第 90 行.
NOTIC: [8] Use of undefined constant id - assumed 'id' C:\PHPstudy\WWW\leader\App\Runtime\Cache\Admin\a7acda2ddd30ea547eb62f2f930658e6.php 第 207 行.
NOTIC: [8] Use of undefined constant ol - assumed 'ol' C:\PHPstudy\WWW\leader\App\Runtime\Cache\Admin\a7acda2ddd30ea547eb62f2f930658e6.php 第 221 行.
NOTIC: [8] Use of undefined constant brief - assumed 'brief' C:\PHPstudy\WWW\leader\App\Runtime\Cache\Admin\a7acda2ddd30ea547eb62f2f930658e6.php 第 244 行.
INFO: Run Behavior\ParseTemplateBehavior [ RunTime:0.025874s ]
INFO: [ view_parse ] --END-- [ RunTime:0.025975s ]
INFO: [ view_filter ] --START--
INFO: Run Behavior\WriteHtmlCacheBehavior [ RunTime:0.000540s ]
INFO: [ view_filter ] --END-- [ RunTime:0.000595s ]
INFO: [ app_end ] --START--
INFO: Run Behavior\ShowPageTraceBehavior [ RunTime:0.000971s ]
INFO: [ app_end ] --END-- [ RunTime:0.001063s ]

[ 2016-06-07T17:33:16+08:00 ] ::1 /leader/Admin/Goods/update.html
INFO: [ app_init ] --START--
INFO: Run Behavior\BuildLiteBehavior [ RunTime:0.000013s ]
INFO: [ app_init ] --END-- [ RunTime:0.000363s ]
INFO: [ app_begin ] --START--
INFO: Run Behavior\ReadHtmlCacheBehavior [ RunTime:0.000507s ]
INFO: [ app_begin ] --END-- [ RunTime:0.000558s ]
SQL: SHOW COLUMNS FROM `zz_goods` [ RunTime:0.0075s ]
SQL: SELECT `href` FROM `zz_goods` WHERE ( id =9 ) LIMIT 1   [ RunTime:0.0006s ]
SQL: UPDATE `zz_goods` SET `sort`='2',`brief`='时尚镂空蝴蝶活口足金戒子首饰送女友礼物',`content`='',`ol`='7' WHERE ( id =9 ) [ RunTime:0.0354s ]
INFO: [ view_parse ] --START--
INFO: [ template_filter ] --START--
INFO: Run Behavior\ContentReplaceBehavior [ RunTime:0.000042s ]
INFO: [ template_filter ] --END-- [ RunTime:0.000097s ]
INFO: Run Behavior\ParseTemplateBehavior [ RunTime:0.005157s ]
INFO: [ view_parse ] --END-- [ RunTime:0.005234s ]
INFO: [ view_filter ] --START--
INFO: Run Behavior\WriteHtmlCacheBehavior [ RunTime:0.000415s ]
INFO: [ view_filter ] --END-- [ RunTime:0.000456s ]
INFO: [ app_end ] --START--
INFO: Run Behavior\ShowPageTraceBehavior [ RunTime:0.000566s ]
INFO: [ app_end ] --END-- [ RunTime:0.000608s ]

[ 2016-06-07T17:33:18+08:00 ] ::1 /leader/Admin/Goods/index
INFO: [ app_init ] --START--
INFO: Run Behavior\BuildLiteBehavior [ RunTime:0.000017s ]
INFO: [ app_init ] --END-- [ RunTime:0.000629s ]
INFO: [ app_begin ] --START--
INFO: Run Behavior\ReadHtmlCacheBehavior [ RunTime:0.000646s ]
INFO: [ app_begin ] --END-- [ RunTime:0.000707s ]
SQL: SHOW COLUMNS FROM `zz_goods` [ RunTime:0.0057s ]
SQL: SELECT COUNT(*) AS tp_count FROM `zz_goods` LIMIT 1   [ RunTime:0.0004s ]
SQL: SELECT * FROM `zz_goods` ORDER BY ol desc LIMIT 0,8   [ RunTime:0.0006s ]
INFO: [ view_parse ] --START--
INFO: [ template_filter ] --START--
INFO: Run Behavior\ContentReplaceBehavior [ RunTime:0.000148s ]
INFO: [ template_filter ] --END-- [ RunTime:0.000232s ]
NOTIC: [8] Undefined index: href C:\PHPstudy\WWW\leader\App\Runtime\Cache\Admin\aa143db074a4ae068af099999d56ed88.php 第 89 行.
NOTIC: [8] Undefined index: href C:\PHPstudy\WWW\leader\App\Runtime\Cache\Admin\aa143db074a4ae068af099999d56ed88.php 第 95 行.
INFO: Run Behavior\ParseTemplateBehavior [ RunTime:0.025076s ]
INFO: [ view_parse ] --END-- [ RunTime:0.025170s ]
INFO: [ view_filter ] --START--
INFO: Run Behavior\WriteHtmlCacheBehavior [ RunTime:0.000611s ]
INFO: [ view_filter ] --END-- [ RunTime:0.000672s ]
INFO: [ app_end ] --START--
INFO: Run Behavior\ShowPageTraceBehavior [ RunTime:0.001113s ]
INFO: [ app_end ] --END-- [ RunTime:0.001247s ]

[ 2016-06-07T17:38:32+08:00 ] ::1 /leader/Admin/Goods/index
INFO: [ app_init ] --START--
INFO: Run Behavior\BuildLiteBehavior [ RunTime:0.000048s ]
INFO: [ app_init ] --END-- [ RunTime:0.000943s ]
INFO: [ app_begin ] --START--
INFO: Run Behavior\ReadHtmlCacheBehavior [ RunTime:0.000581s ]
INFO: [ app_begin ] --END-- [ RunTime:0.000641s ]
SQL: SHOW COLUMNS FROM `zz_goods` [ RunTime:0.0071s ]
SQL: SELECT COUNT(*) AS tp_count FROM `zz_goods` LIMIT 1   [ RunTime:0.0005s ]
SQL: SELECT * FROM `zz_goods` ORDER BY ol desc LIMIT 0,8   [ RunTime:0.0006s ]
INFO: [ view_parse ] --START--
INFO: [ template_filter ] --START--
INFO: Run Behavior\ContentReplaceBehavior [ RunTime:0.000136s ]
INFO: [ template_filter ] --END-- [ RunTime:0.000210s ]
NOTIC: [8] Undefined index: href C:\PHPstudy\WWW\leader\App\Runtime\Cache\Admin\aa143db074a4ae068af099999d56ed88.php 第 89 行.
NOTIC: [8] Undefined index: href C:\PHPstudy\WWW\leader\App\Runtime\Cache\Admin\aa143db074a4ae068af099999d56ed88.php 第 95 行.
INFO: Run Behavior\ParseTemplateBehavior [ RunTime:0.018545s ]
INFO: [ view_parse ] --END-- [ RunTime:0.018636s ]
INFO: [ view_filter ] --START--
INFO: Run Behavior\WriteHtmlCacheBehavior [ RunTime:0.000606s ]
INFO: [ view_filter ] --END-- [ RunTime:0.000665s ]
INFO: [ app_end ] --START--
INFO: Run Behavior\ShowPageTraceBehavior [ RunTime:0.000917s ]
INFO: [ app_end ] --END-- [ RunTime:0.001005s ]

[ 2016-06-07T17:40:58+08:00 ] ::1 /leader/Admin/Goods/index
INFO: [ app_init ] --START--
INFO: Run Behavior\BuildLiteBehavior [ RunTime:0.000078s ]
INFO: [ app_init ] --END-- [ RunTime:0.001250s ]
INFO: [ app_begin ] --START--
INFO: Run Behavior\ReadHtmlCacheBehavior [ RunTime:0.000866s ]
INFO: [ app_begin ] --END-- [ RunTime:0.000974s ]
SQL: SHOW COLUMNS FROM `zz_goods` [ RunTime:0.0032s ]
SQL: SELECT COUNT(*) AS tp_count FROM `zz_goods` LIMIT 1   [ RunTime:0.0003s ]
SQL: SELECT * FROM `zz_goods` ORDER BY time desc LIMIT 0,8   [ RunTime:0.0003s ]
INFO: [ view_parse ] --START--
INFO: [ template_filter ] --START--
INFO: Run Behavior\ContentReplaceBehavior [ RunTime:0.000089s ]
INFO: [ template_filter ] --END-- [ RunTime:0.000142s ]
NOTIC: [8] Undefined index: href C:\PHPstudy\WWW\leader\App\Runtime\Cache\Admin\aa143db074a4ae068af099999d56ed88.php 第 89 行.
NOTIC: [8] Undefined index: href C:\PHPstudy\WWW\leader\App\Runtime\Cache\Admin\aa143db074a4ae068af099999d56ed88.php 第 95 行.
INFO: Run Behavior\ParseTemplateBehavior [ RunTime:0.009702s ]
INFO: [ view_parse ] --END-- [ RunTime:0.009751s ]
INFO: [ view_filter ] --START--
INFO: Run Behavior\WriteHtmlCacheBehavior [ RunTime:0.000412s ]
INFO: [ view_filter ] --END-- [ RunTime:0.000449s ]
INFO: [ app_end ] --START--
INFO: Run Behavior\ShowPageTraceBehavior [ RunTime:0.000980s ]
INFO: [ app_end ] --END-- [ RunTime:0.001062s ]

[ 2016-06-07T17:42:01+08:00 ] ::1 /leader/Admin/Goods/index
INFO: [ app_init ] --START--
INFO: Run Behavior\BuildLiteBehavior [ RunTime:0.000015s ]
INFO: [ app_init ] --END-- [ RunTime:0.000405s ]
INFO: [ app_begin ] --START--
INFO: Run Behavior\ReadHtmlCacheBehavior [ RunTime:0.000728s ]
INFO: [ app_begin ] --END-- [ RunTime:0.000823s ]
SQL: SHOW COLUMNS FROM `zz_goods` [ RunTime:0.0031s ]
SQL: SELECT COUNT(*) AS tp_count FROM `zz_goods` LIMIT 1   [ RunTime:0.0003s ]
SQL: SELECT * FROM `zz_goods` ORDER BY time desc LIMIT 0,8   [ RunTime:0.0003s ]
INFO: [ view_parse ] --START--
INFO: [ template_filter ] --START--
INFO: Run Behavior\ContentReplaceBehavior [ RunTime:0.000105s ]
INFO: [ template_filter ] --END-- [ RunTime:0.000171s ]
NOTIC: [8] Undefined index: href C:\PHPstudy\WWW\leader\App\Runtime\Cache\Admin\aa143db074a4ae068af099999d56ed88.php 第 89 行.
NOTIC: [8] Undefined index: href C:\PHPstudy\WWW\leader\App\Runtime\Cache\Admin\aa143db074a4ae068af099999d56ed88.php 第 95 行.
INFO: Run Behavior\ParseTemplateBehavior [ RunTime:0.012798s ]
INFO: [ view_parse ] --END-- [ RunTime:0.012860s ]
INFO: [ view_filter ] --START--
INFO: Run Behavior\WriteHtmlCacheBehavior [ RunTime:0.000525s ]
INFO: [ view_filter ] --END-- [ RunTime:0.000575s ]
INFO: [ app_end ] --START--
INFO: Run Behavior\ShowPageTraceBehavior [ RunTime:0.000890s ]
INFO: [ app_end ] --END-- [ RunTime:0.000971s ]

[ 2016-06-07T17:42:04+08:00 ] ::1 /leader/Admin/Goods/index?order=desc&field=title&table_search=
INFO: [ app_init ] --START--
INFO: Run Behavior\BuildLiteBehavior [ RunTime:0.000017s ]
INFO: [ app_init ] --END-- [ RunTime:0.000394s ]
INFO: [ app_begin ] --START--
INFO: Run Behavior\ReadHtmlCacheBehavior [ RunTime:0.000496s ]
INFO: [ app_begin ] --END-- [ RunTime:0.000543s ]
SQL: SHOW COLUMNS FROM `zz_goods` [ RunTime:0.0037s ]
SQL: SELECT COUNT(*) AS tp_count FROM `zz_goods` LIMIT 1   [ RunTime:0.0003s ]
SQL: SELECT * FROM `zz_goods` ORDER BY time desc LIMIT 0,8   [ RunTime:0.0004s ]
INFO: [ view_parse ] --START--
INFO: [ template_filter ] --START--
INFO: Run Behavior\ContentReplaceBehavior [ RunTime:0.000183s ]
INFO: [ template_filter ] --END-- [ RunTime:0.000286s ]
NOTIC: [8] Undefined index: href C:\PHPstudy\WWW\leader\App\Runtime\Cache\Admin\aa143db074a4ae068af099999d56ed88.php 第 89 行.
NOTIC: [8] Undefined index: href C:\PHPstudy\WWW\leader\App\Runtime\Cache\Admin\aa143db074a4ae068af099999d56ed88.php 第 95 行.
INFO: Run Behavior\ParseTemplateBehavior [ RunTime:0.019020s ]
INFO: [ view_parse ] --END-- [ RunTime:0.019121s ]
INFO: [ view_filter ] --START--
INFO: Run Behavior\WriteHtmlCacheBehavior [ RunTime:0.000688s ]
INFO: [ view_filter ] --END-- [ RunTime:0.000758s ]
INFO: [ app_end ] --START--
INFO: Run Behavior\ShowPageTraceBehavior [ RunTime:0.001157s ]
INFO: [ app_end ] --END-- [ RunTime:0.001277s ]

[ 2016-06-07T17:42:11+08:00 ] ::1 /leader/Admin/Goods/index?order=desc&field=title&table_search=
INFO: [ app_init ] --START--
INFO: Run Behavior\BuildLiteBehavior [ RunTime:0.000024s ]
INFO: [ app_init ] --END-- [ RunTime:0.000754s ]
INFO: [ app_begin ] --START--
INFO: Run Behavior\ReadHtmlCacheBehavior [ RunTime:0.000719s ]
INFO: [ app_begin ] --END-- [ RunTime:0.000784s ]
SQL: SHOW COLUMNS FROM `zz_goods` [ RunTime:0.0081s ]
SQL: SELECT COUNT(*) AS tp_count FROM `zz_goods` LIMIT 1   [ RunTime:0.0005s ]
SQL: SELECT * FROM `zz_goods` ORDER BY time desc LIMIT 0,8   [ RunTime:0.0006s ]
INFO: [ view_parse ] --START--
INFO: [ template_filter ] --START--
INFO: Run Behavior\ContentReplaceBehavior [ RunTime:0.000221s ]
INFO: [ template_filter ] --END-- [ RunTime:0.000351s ]
NOTIC: [8] Undefined index: href C:\PHPstudy\WWW\leader\App\Runtime\Cache\Admin\aa143db074a4ae068af099999d56ed88.php 第 89 行.
NOTIC: [8] Undefined index: href C:\PHPstudy\WWW\leader\App\Runtime\Cache\Admin\aa143db074a4ae068af099999d56ed88.php 第 95 行.
INFO: Run Behavior\ParseTemplateBehavior [ RunTime:0.023546s ]
INFO: [ view_parse ] --END-- [ RunTime:0.023693s ]
INFO: [ view_filter ] --START--
INFO: Run Behavior\WriteHtmlCacheBehavior [ RunTime:0.000777s ]
INFO: [ view_filter ] --END-- [ RunTime:0.000849s ]
INFO: [ app_end ] --START--
INFO: Run Behavior\ShowPageTraceBehavior [ RunTime:0.000919s ]
INFO: [ app_end ] --END-- [ RunTime:0.001011s ]

[ 2016-06-07T17:42:22+08:00 ] ::1 /leader/Admin/Goods/index?order=desc&field=title&table_search=
INFO: [ app_init ] --START--
INFO: Run Behavior\BuildLiteBehavior [ RunTime:0.000021s ]
INFO: [ app_init ] --END-- [ RunTime:0.000661s ]
INFO: [ app_begin ] --START--
INFO: Run Behavior\ReadHtmlCacheBehavior [ RunTime:0.000559s ]
INFO: [ app_begin ] --END-- [ RunTime:0.000649s ]
SQL: SHOW COLUMNS FROM `zz_goods` [ RunTime:0.0091s ]
SQL: SELECT COUNT(*) AS tp_count FROM `zz_goods` LIMIT 1   [ RunTime:0.0006s ]
SQL: SELECT * FROM `zz_goods` ORDER BY time desc LIMIT 0,8   [ RunTime:0.0013s ]
INFO: [ view_parse ] --START--
INFO: [ template_filter ] --START--
INFO: Run Behavior\ContentReplaceBehavior [ RunTime:0.000168s ]
INFO: [ template_filter ] --END-- [ RunTime:0.000257s ]
NOTIC: [8] Undefined index: href C:\PHPstudy\WWW\leader\App\Runtime\Cache\Admin\aa143db074a4ae068af099999d56ed88.php 第 89 行.
NOTIC: [8] Undefined index: href C:\PHPstudy\WWW\leader\App\Runtime\Cache\Admin\aa143db074a4ae068af099999d56ed88.php 第 95 行.
INFO: Run Behavior\ParseTemplateBehavior [ RunTime:0.023145s ]
INFO: [ view_parse ] --END-- [ RunTime:0.023298s ]
INFO: [ view_filter ] --START--
INFO: Run Behavior\WriteHtmlCacheBehavior [ RunTime:0.000669s ]
INFO: [ view_filter ] --END-- [ RunTime:0.000736s ]
INFO: [ app_end ] --START--
INFO: Run Behavior\ShowPageTraceBehavior [ RunTime:0.001018s ]
INFO: [ app_end ] --END-- [ RunTime:0.001127s ]

[ 2016-06-07T17:42:24+08:00 ] ::1 /leader/Admin/Goods/index?order=asc&field=title&table_search=
INFO: [ app_init ] --START--
INFO: Run Behavior\BuildLiteBehavior [ RunTime:0.000014s ]
INFO: [ app_init ] --END-- [ RunTime:0.000395s ]
INFO: [ app_begin ] --START--
INFO: Run Behavior\ReadHtmlCacheBehavior [ RunTime:0.000833s ]
INFO: [ app_begin ] --END-- [ RunTime:0.000935s ]
SQL: SHOW COLUMNS FROM `zz_goods` [ RunTime:0.0114s ]
SQL: SELECT COUNT(*) AS tp_count FROM `zz_goods` LIMIT 1   [ RunTime:0.0011s ]
SQL: SELECT * FROM `zz_goods` ORDER BY time asc LIMIT 0,8   [ RunTime:0.0016s ]
INFO: [ view_parse ] --START--
INFO: [ template_filter ] --START--
INFO: Run Behavior\ContentReplaceBehavior [ RunTime:0.000154s ]
INFO: [ template_filter ] --END-- [ RunTime:0.000241s ]
NOTIC: [8] Undefined index: href C:\PHPstudy\WWW\leader\App\Runtime\Cache\Admin\aa143db074a4ae068af099999d56ed88.php 第 89 行.
NOTIC: [8] Undefined index: href C:\PHPstudy\WWW\leader\App\Runtime\Cache\Admin\aa143db074a4ae068af099999d56ed88.php 第 95 行.
INFO: Run Behavior\ParseTemplateBehavior [ RunTime:0.024905s ]
INFO: [ view_parse ] --END-- [ RunTime:0.025109s ]
INFO: [ view_filter ] --START--
INFO: Run Behavior\WriteHtmlCacheBehavior [ RunTime:0.000637s ]
INFO: [ view_filter ] --END-- [ RunTime:0.000723s ]
INFO: [ app_end ] --START--
INFO: Run Behavior\ShowPageTraceBehavior [ RunTime:0.001399s ]
INFO: [ app_end ] --END-- [ RunTime:0.002157s ]

[ 2016-06-07T17:42:57+08:00 ] ::1 /leader/Admin/Goods/index?order=asc&field=title&table_search=
INFO: [ app_init ] --START--
INFO: Run Behavior\BuildLiteBehavior [ RunTime:0.000131s ]
INFO: [ app_init ] --END-- [ RunTime:0.000944s ]
INFO: [ app_begin ] --START--
INFO: Run Behavior\ReadHtmlCacheBehavior [ RunTime:0.000583s ]
INFO: [ app_begin ] --END-- [ RunTime:0.000639s ]
SQL: SHOW COLUMNS FROM `zz_goods` [ RunTime:0.0080s ]
SQL: SELECT COUNT(*) AS tp_count FROM `zz_goods` LIMIT 1   [ RunTime:0.0008s ]
SQL: SELECT * FROM `zz_goods` ORDER BY time asc LIMIT 0,8   [ RunTime:0.0007s ]
INFO: [ view_parse ] --START--
INFO: [ template_filter ] --START--
INFO: Run Behavior\ContentReplaceBehavior [ RunTime:0.000104s ]
INFO: [ template_filter ] --END-- [ RunTime:0.000168s ]
NOTIC: [8] Undefined index: href C:\PHPstudy\WWW\leader\App\Runtime\Cache\Admin\aa143db074a4ae068af099999d56ed88.php 第 89 行.
NOTIC: [8] Undefined index: href C:\PHPstudy\WWW\leader\App\Runtime\Cache\Admin\aa143db074a4ae068af099999d56ed88.php 第 95 行.
INFO: Run Behavior\ParseTemplateBehavior [ RunTime:0.023500s ]
INFO: [ view_parse ] --END-- [ RunTime:0.023587s ]
INFO: [ view_filter ] --START--
INFO: Run Behavior\WriteHtmlCacheBehavior [ RunTime:0.000524s ]
INFO: [ view_filter ] --END-- [ RunTime:0.000569s ]
INFO: [ app_end ] --START--
INFO: Run Behavior\ShowPageTraceBehavior [ RunTime:0.000792s ]
INFO: [ app_end ] --END-- [ RunTime:0.000890s ]

[ 2016-06-07T17:42:59+08:00 ] ::1 /leader/Admin/Goods/index?order=desc&field=title&table_search=
INFO: [ app_init ] --START--
INFO: Run Behavior\BuildLiteBehavior [ RunTime:0.000012s ]
INFO: [ app_init ] --END-- [ RunTime:0.000370s ]
INFO: [ app_begin ] --START--
INFO: Run Behavior\ReadHtmlCacheBehavior [ RunTime:0.000569s ]
INFO: [ app_begin ] --END-- [ RunTime:0.000619s ]
SQL: SHOW COLUMNS FROM `zz_goods` [ RunTime:0.0115s ]
SQL: SELECT COUNT(*) AS tp_count FROM `zz_goods` LIMIT 1   [ RunTime:0.0012s ]
SQL: SELECT * FROM `zz_goods` ORDER BY time desc LIMIT 0,8   [ RunTime:0.0013s ]
INFO: [ view_parse ] --START--
INFO: [ template_filter ] --START--
INFO: Run Behavior\ContentReplaceBehavior [ RunTime:0.000195s ]
INFO: [ template_filter ] --END-- [ RunTime:0.000304s ]
NOTIC: [8] Undefined index: href C:\PHPstudy\WWW\leader\App\Runtime\Cache\Admin\aa143db074a4ae068af099999d56ed88.php 第 89 行.
NOTIC: [8] Undefined index: href C:\PHPstudy\WWW\leader\App\Runtime\Cache\Admin\aa143db074a4ae068af099999d56ed88.php 第 95 行.
INFO: Run Behavior\ParseTemplateBehavior [ RunTime:0.031625s ]
INFO: [ view_parse ] --END-- [ RunTime:0.031784s ]
INFO: [ view_filter ] --START--
INFO: Run Behavior\WriteHtmlCacheBehavior [ RunTime:0.001022s ]
INFO: [ view_filter ] --END-- [ RunTime:0.001109s ]
INFO: [ app_end ] --START--
INFO: Run Behavior\ShowPageTraceBehavior [ RunTime:0.002953s ]
INFO: [ app_end ] --END-- [ RunTime:0.003096s ]

[ 2016-06-07T17:43:03+08:00 ] ::1 /leader/Admin/Goods/index?order=desc&field=title&table_search=
INFO: [ app_init ] --START--
INFO: Run Behavior\BuildLiteBehavior [ RunTime:0.000023s ]
INFO: [ app_init ] --END-- [ RunTime:0.000595s ]
INFO: [ app_begin ] --START--
INFO: Run Behavior\ReadHtmlCacheBehavior [ RunTime:0.000764s ]
INFO: [ app_begin ] --END-- [ RunTime:0.000836s ]
SQL: SHOW COLUMNS FROM `zz_goods` [ RunTime:0.0111s ]
SQL: SELECT COUNT(*) AS tp_count FROM `zz_goods` LIMIT 1   [ RunTime:0.0008s ]
SQL: SELECT * FROM `zz_goods` ORDER BY time desc LIMIT 0,8   [ RunTime:0.0014s ]
INFO: [ view_parse ] --START--
INFO: [ template_filter ] --START--
INFO: Run Behavior\ContentReplaceBehavior [ RunTime:0.000298s ]
INFO: [ template_filter ] --END-- [ RunTime:0.000444s ]
NOTIC: [8] Undefined index: href C:\PHPstudy\WWW\leader\App\Runtime\Cache\Admin\aa143db074a4ae068af099999d56ed88.php 第 89 行.
NOTIC: [8] Undefined index: href C:\PHPstudy\WWW\leader\App\Runtime\Cache\Admin\aa143db074a4ae068af099999d56ed88.php 第 95 行.
INFO: Run Behavior\ParseTemplateBehavior [ RunTime:0.025597s ]
INFO: [ view_parse ] --END-- [ RunTime:0.025824s ]
INFO: [ view_filter ] --START--
INFO: Run Behavior\WriteHtmlCacheBehavior [ RunTime:0.000802s ]
INFO: [ view_filter ] --END-- [ RunTime:0.000897s ]
INFO: [ app_end ] --START--
INFO: Run Behavior\ShowPageTraceBehavior [ RunTime:0.002345s ]
INFO: [ app_end ] --END-- [ RunTime:0.002495s ]

[ 2016-06-07T17:43:06+08:00 ] ::1 /leader/Admin/Goods/index?order=desc&field=title&table_search=
INFO: [ app_init ] --START--
INFO: Run Behavior\BuildLiteBehavior [ RunTime:0.000022s ]
INFO: [ app_init ] --END-- [ RunTime:0.000577s ]
INFO: [ app_begin ] --START--
INFO: Run Behavior\ReadHtmlCacheBehavior [ RunTime:0.000649s ]
INFO: [ app_begin ] --END-- [ RunTime:0.000726s ]
SQL: SHOW COLUMNS FROM `zz_goods` [ RunTime:0.0078s ]
SQL: SELECT COUNT(*) AS tp_count FROM `zz_goods` LIMIT 1   [ RunTime:0.0006s ]
SQL: SELECT * FROM `zz_goods` ORDER BY time desc LIMIT 0,8   [ RunTime:0.0007s ]
INFO: [ view_parse ] --START--
INFO: [ template_filter ] --START--
INFO: Run Behavior\ContentReplaceBehavior [ RunTime:0.000156s ]
INFO: [ template_filter ] --END-- [ RunTime:0.000246s ]
NOTIC: [8] Undefined index: href C:\PHPstudy\WWW\leader\App\Runtime\Cache\Admin\aa143db074a4ae068af099999d56ed88.php 第 89 行.
NOTIC: [8] Undefined index: href C:\PHPstudy\WWW\leader\App\Runtime\Cache\Admin\aa143db074a4ae068af099999d56ed88.php 第 95 行.
INFO: Run Behavior\ParseTemplateBehavior [ RunTime:0.022561s ]
INFO: [ view_parse ] --END-- [ RunTime:0.022674s ]
INFO: [ view_filter ] --START--
INFO: Run Behavior\WriteHtmlCacheBehavior [ RunTime:0.000756s ]
INFO: [ view_filter ] --END-- [ RunTime:0.000825s ]
INFO: [ app_end ] --START--
INFO: Run Behavior\ShowPageTraceBehavior [ RunTime:0.001092s ]
INFO: [ app_end ] --END-- [ RunTime:0.001209s ]

[ 2016-06-07T17:46:47+08:00 ] ::1 /leader/Admin/Goods/index?order=desc&field=title&table_search=
INFO: [ app_init ] --START--
INFO: Run Behavior\BuildLiteBehavior [ RunTime:0.000067s ]
INFO: [ app_init ] --END-- [ RunTime:0.000882s ]
INFO: [ app_begin ] --START--
INFO: Run Behavior\ReadHtmlCacheBehavior [ RunTime:0.000655s ]
INFO: [ app_begin ] --END-- [ RunTime:0.000722s ]
SQL: SHOW COLUMNS FROM `zz_goods` [ RunTime:0.0031s ]
SQL: SELECT COUNT(*) AS tp_count FROM `zz_goods` LIMIT 1   [ RunTime:0.0003s ]
SQL: SELECT * FROM `zz_goods` ORDER BY time desc LIMIT 0,8   [ RunTime:0.0004s ]
INFO: [ view_parse ] --START--
INFO: [ template_filter ] --START--
INFO: Run Behavior\ContentReplaceBehavior [ RunTime:0.000132s ]
INFO: [ template_filter ] --END-- [ RunTime:0.000218s ]
NOTIC: [8] Undefined index: href C:\PHPstudy\WWW\leader\App\Runtime\Cache\Admin\aa143db074a4ae068af099999d56ed88.php 第 89 行.
NOTIC: [8] Undefined index: href C:\PHPstudy\WWW\leader\App\Runtime\Cache\Admin\aa143db074a4ae068af099999d56ed88.php 第 95 行.
INFO: Run Behavior\ParseTemplateBehavior [ RunTime:0.014700s ]
INFO: [ view_parse ] --END-- [ RunTime:0.014762s ]
INFO: [ view_filter ] --START--
INFO: Run Behavior\WriteHtmlCacheBehavior [ RunTime:0.000595s ]
INFO: [ view_filter ] --END-- [ RunTime:0.000646s ]
INFO: [ app_end ] --START--
INFO: Run Behavior\ShowPageTraceBehavior [ RunTime:0.000874s ]
INFO: [ app_end ] --END-- [ RunTime:0.000957s ]

[ 2016-06-07T17:53:44+08:00 ] ::1 /leader/Admin/Goods/index?order=desc&field=title&table_search=
INFO: [ app_init ] --START--
INFO: Run Behavior\BuildLiteBehavior [ RunTime:0.000020s ]
INFO: [ app_init ] --END-- [ RunTime:0.000465s ]
INFO: [ app_begin ] --START--
INFO: Run Behavior\ReadHtmlCacheBehavior [ RunTime:0.000954s ]
INFO: [ app_begin ] --END-- [ RunTime:0.001068s ]
SQL: SHOW COLUMNS FROM `zz_goods` [ RunTime:0.0042s ]
SQL: SELECT COUNT(*) AS tp_count FROM `zz_goods` LIMIT 1   [ RunTime:0.0004s ]
SQL: SELECT * FROM `zz_goods` ORDER BY time desc LIMIT 0,8   [ RunTime:0.0005s ]
INFO: [ view_parse ] --START--
INFO: [ template_filter ] --START--
INFO: Run Behavior\ContentReplaceBehavior [ RunTime:0.000151s ]
INFO: [ template_filter ] --END-- [ RunTime:0.000256s ]
NOTIC: [8] Undefined index: href C:\PHPstudy\WWW\leader\App\Runtime\Cache\Admin\aa143db074a4ae068af099999d56ed88.php 第 89 行.
NOTIC: [8] Undefined index: href C:\PHPstudy\WWW\leader\App\Runtime\Cache\Admin\aa143db074a4ae068af099999d56ed88.php 第 95 行.
INFO: Run Behavior\ParseTemplateBehavior [ RunTime:0.016591s ]
INFO: [ view_parse ] --END-- [ RunTime:0.016678s ]
INFO: [ view_filter ] --START--
INFO: Run Behavior\WriteHtmlCacheBehavior [ RunTime:0.000479s ]
INFO: [ view_filter ] --END-- [ RunTime:0.000527s ]
INFO: [ app_end ] --START--
INFO: Run Behavior\ShowPageTraceBehavior [ RunTime:0.000879s ]
INFO: [ app_end ] --END-- [ RunTime:0.001073s ]

