[ 2016-06-08T14:38:36+08:00 ] ::1 /leader/Ledtech
INFO: [ app_init ] --START--
INFO: Run Behavior\BuildLiteBehavior [ RunTime:0.000017s ]
INFO: [ app_init ] --END-- [ RunTime:0.000420s ]
INFO: [ app_begin ] --START--
INFO: Run Behavior\ReadHtmlCacheBehavior [ RunTime:0.000610s ]
INFO: [ app_begin ] --END-- [ RunTime:0.000663s ]

[ 2016-06-08T14:41:50+08:00 ] ::1 /leader/Ledtech
INFO: [ app_init ] --START--
INFO: Run Behavior\BuildLiteBehavior [ RunTime:0.000013s ]
INFO: [ app_init ] --END-- [ RunTime:0.000328s ]
INFO: [ app_begin ] --START--
INFO: Run Behavior\ReadHtmlCacheBehavior [ RunTime:0.000514s ]
INFO: [ app_begin ] --END-- [ RunTime:0.000573s ]

[ 2016-06-08T14:41:50+08:00 ] ::1 /leader/Ledtech/Login/index.html
INFO: [ app_init ] --START--
INFO: Run Behavior\BuildLiteBehavior [ RunTime:0.000013s ]
INFO: [ app_init ] --END-- [ RunTime:0.000360s ]
INFO: [ app_begin ] --START--
INFO: Run Behavior\ReadHtmlCacheBehavior [ RunTime:0.000513s ]
INFO: [ app_begin ] --END-- [ RunTime:0.000568s ]
INFO: [ view_parse ] --START--
INFO: [ template_filter ] --START--
INFO: Run Behavior\ContentReplaceBehavior [ RunTime:0.000065s ]
INFO: [ template_filter ] --END-- [ RunTime:0.000150s ]
INFO: Run Behavior\ParseTemplateBehavior [ RunTime:0.006412s ]
INFO: [ view_parse ] --END-- [ RunTime:0.006476s ]
INFO: [ view_filter ] --START--
INFO: Run Behavior\WriteHtmlCacheBehavior [ RunTime:0.000364s ]
INFO: [ view_filter ] --END-- [ RunTime:0.000402s ]
INFO: [ app_end ] --START--
INFO: Run Behavior\ShowPageTraceBehavior [ RunTime:0.000489s ]
INFO: [ app_end ] --END-- [ RunTime:0.000528s ]

[ 2016-06-08T14:41:55+08:00 ] ::1 /leader/Ledtech/Login/login.html
INFO: [ app_init ] --START--
INFO: Run Behavior\BuildLiteBehavior [ RunTime:0.000026s ]
INFO: [ app_init ] --END-- [ RunTime:0.000561s ]
INFO: [ app_begin ] --START--
INFO: Run Behavior\ReadHtmlCacheBehavior [ RunTime:0.000481s ]
INFO: [ app_begin ] --END-- [ RunTime:0.000546s ]
SQL: SHOW COLUMNS FROM `zz_admin` [ RunTime:0.0279s ]
SQL: SELECT * FROM `zz_admin` WHERE ( account = 'admin' ) LIMIT 1   [ RunTime:0.0011s ]
NOTIC: [8] Undefined index: href C:\PHPstudy\WWW\leader\App\Ledtech\Controller\LoginController.class.php 第 20 行.
SQL: SHOW COLUMNS FROM `zz_log` [ RunTime:0.0370s ]
SQL: INSERT INTO `zz_log` (`user`,`ip`,`log`) VALUES ('admin','::1','登录成功') [ RunTime:0.0286s ]

[ 2016-06-08T14:41:56+08:00 ] ::1 /leader/Ledtech/Index/index.html
INFO: [ app_init ] --START--
INFO: Run Behavior\BuildLiteBehavior [ RunTime:0.000026s ]
INFO: [ app_init ] --END-- [ RunTime:0.000741s ]
INFO: [ app_begin ] --START--
INFO: Run Behavior\ReadHtmlCacheBehavior [ RunTime:0.001017s ]
INFO: [ app_begin ] --END-- [ RunTime:0.001122s ]
SQL: SHOW COLUMNS FROM `zz_log` [ RunTime:0.0072s ]
SQL: SELECT * FROM `zz_log` ORDER BY time desc  [ RunTime:0.0012s ]
INFO: [ view_parse ] --START--
INFO: [ template_filter ] --START--
INFO: Run Behavior\ContentReplaceBehavior [ RunTime:0.000188s ]
INFO: [ template_filter ] --END-- [ RunTime:0.000331s ]
NOTIC: [8] Undefined index: href C:\PHPstudy\WWW\leader\App\Runtime\Cache\Ledtech\531bcd810c5b608b7d9d9b8227bfb926.php 第 82 行.
NOTIC: [8] Undefined index: href C:\PHPstudy\WWW\leader\App\Runtime\Cache\Ledtech\531bcd810c5b608b7d9d9b8227bfb926.php 第 88 行.
NOTIC: [8] Undefined variable: page C:\PHPstudy\WWW\leader\App\Runtime\Cache\Ledtech\531bcd810c5b608b7d9d9b8227bfb926.php 第 198 行.
INFO: Run Behavior\ParseTemplateBehavior [ RunTime:0.022372s ]
INFO: [ view_parse ] --END-- [ RunTime:0.022475s ]
INFO: [ view_filter ] --START--
INFO: Run Behavior\WriteHtmlCacheBehavior [ RunTime:0.000730s ]
INFO: [ view_filter ] --END-- [ RunTime:0.000829s ]
INFO: [ app_end ] --START--
INFO: Run Behavior\ShowPageTraceBehavior [ RunTime:0.001200s ]
INFO: [ app_end ] --END-- [ RunTime:0.001311s ]

[ 2016-06-08T14:43:01+08:00 ] ::1 /leader/Ledtech/Login/index.html
INFO: [ app_init ] --START--
INFO: Run Behavior\BuildLiteBehavior [ RunTime:0.000015s ]
INFO: [ app_init ] --END-- [ RunTime:0.000500s ]
INFO: [ app_begin ] --START--
INFO: Run Behavior\ReadHtmlCacheBehavior [ RunTime:0.000727s ]
INFO: [ app_begin ] --END-- [ RunTime:0.000843s ]
INFO: [ view_parse ] --START--
INFO: [ template_filter ] --START--
INFO: Run Behavior\ContentReplaceBehavior [ RunTime:0.000045s ]
INFO: [ template_filter ] --END-- [ RunTime:0.000102s ]
INFO: Run Behavior\ParseTemplateBehavior [ RunTime:0.004977s ]
INFO: [ view_parse ] --END-- [ RunTime:0.005082s ]
INFO: [ view_filter ] --START--
INFO: Run Behavior\WriteHtmlCacheBehavior [ RunTime:0.000387s ]
INFO: [ view_filter ] --END-- [ RunTime:0.000424s ]
INFO: [ app_end ] --START--
INFO: Run Behavior\ShowPageTraceBehavior [ RunTime:0.000536s ]
INFO: [ app_end ] --END-- [ RunTime:0.000575s ]

[ 2016-06-08T14:43:05+08:00 ] ::1 /leader/Ledtech/Login/login.html
INFO: [ app_init ] --START--
INFO: Run Behavior\BuildLiteBehavior [ RunTime:0.000017s ]
INFO: [ app_init ] --END-- [ RunTime:0.000504s ]
INFO: [ app_begin ] --START--
INFO: Run Behavior\ReadHtmlCacheBehavior [ RunTime:0.000502s ]
INFO: [ app_begin ] --END-- [ RunTime:0.000550s ]
SQL: SHOW COLUMNS FROM `zz_admin` [ RunTime:0.0109s ]
SQL: SELECT * FROM `zz_admin` WHERE ( account = 'admin' ) LIMIT 1   [ RunTime:0.0014s ]
NOTIC: [8] Undefined index: href C:\PHPstudy\WWW\leader\App\Ledtech\Controller\LoginController.class.php 第 20 行.
SQL: SHOW COLUMNS FROM `zz_log` [ RunTime:0.0087s ]
SQL: INSERT INTO `zz_log` (`user`,`ip`,`log`) VALUES ('admin','::1','登录成功') [ RunTime:0.0285s ]

[ 2016-06-08T14:43:06+08:00 ] ::1 /leader/Ledtech/Index/index.html
INFO: [ app_init ] --START--
INFO: Run Behavior\BuildLiteBehavior [ RunTime:0.000039s ]
INFO: [ app_init ] --END-- [ RunTime:0.000920s ]
INFO: [ app_begin ] --START--
INFO: Run Behavior\ReadHtmlCacheBehavior [ RunTime:0.001346s ]
INFO: [ app_begin ] --END-- [ RunTime:0.001497s ]
SQL: SHOW COLUMNS FROM `zz_log` [ RunTime:0.0114s ]
SQL: SELECT * FROM `zz_log` ORDER BY time desc  [ RunTime:0.0012s ]
INFO: [ view_parse ] --START--
INFO: [ template_filter ] --START--
INFO: Run Behavior\ContentReplaceBehavior [ RunTime:0.000161s ]
INFO: [ template_filter ] --END-- [ RunTime:0.000270s ]
NOTIC: [8] Undefined index: href C:\PHPstudy\WWW\leader\App\Runtime\Cache\Ledtech\531bcd810c5b608b7d9d9b8227bfb926.php 第 82 行.
NOTIC: [8] Undefined index: href C:\PHPstudy\WWW\leader\App\Runtime\Cache\Ledtech\531bcd810c5b608b7d9d9b8227bfb926.php 第 88 行.
NOTIC: [8] Undefined variable: page C:\PHPstudy\WWW\leader\App\Runtime\Cache\Ledtech\531bcd810c5b608b7d9d9b8227bfb926.php 第 198 行.
INFO: Run Behavior\ParseTemplateBehavior [ RunTime:0.035465s ]
INFO: [ view_parse ] --END-- [ RunTime:0.035659s ]
INFO: [ view_filter ] --START--
INFO: Run Behavior\WriteHtmlCacheBehavior [ RunTime:0.001153s ]
INFO: [ view_filter ] --END-- [ RunTime:0.001284s ]
INFO: [ app_end ] --START--
INFO: Run Behavior\ShowPageTraceBehavior [ RunTime:0.002242s ]
INFO: [ app_end ] --END-- [ RunTime:0.002431s ]

[ 2016-06-08T14:43:42+08:00 ] ::1 /leader/Ledtech/Index/index.html
INFO: [ app_init ] --START--
INFO: Run Behavior\BuildLiteBehavior [ RunTime:0.000014s ]
INFO: [ app_init ] --END-- [ RunTime:0.000396s ]
INFO: [ app_begin ] --START--
INFO: Run Behavior\ReadHtmlCacheBehavior [ RunTime:0.000547s ]
INFO: [ app_begin ] --END-- [ RunTime:0.000601s ]
SQL: SHOW COLUMNS FROM `zz_log` [ RunTime:0.0038s ]
SQL: SELECT * FROM `zz_log` ORDER BY time desc  [ RunTime:0.0005s ]
INFO: [ view_parse ] --START--
INFO: [ template_filter ] --START--
INFO: Run Behavior\ContentReplaceBehavior [ RunTime:0.000124s ]
INFO: [ template_filter ] --END-- [ RunTime:0.000218s ]
NOTIC: [8] Undefined index: href C:\PHPstudy\WWW\leader\App\Runtime\Cache\Ledtech\531bcd810c5b608b7d9d9b8227bfb926.php 第 82 行.
NOTIC: [8] Undefined index: href C:\PHPstudy\WWW\leader\App\Runtime\Cache\Ledtech\531bcd810c5b608b7d9d9b8227bfb926.php 第 88 行.
NOTIC: [8] Undefined variable: page C:\PHPstudy\WWW\leader\App\Runtime\Cache\Ledtech\531bcd810c5b608b7d9d9b8227bfb926.php 第 198 行.
INFO: Run Behavior\ParseTemplateBehavior [ RunTime:0.014962s ]
INFO: [ view_parse ] --END-- [ RunTime:0.015047s ]
INFO: [ view_filter ] --START--
INFO: Run Behavior\WriteHtmlCacheBehavior [ RunTime:0.000696s ]
INFO: [ view_filter ] --END-- [ RunTime:0.000771s ]
INFO: [ app_end ] --START--
INFO: Run Behavior\ShowPageTraceBehavior [ RunTime:0.001387s ]
INFO: [ app_end ] --END-- [ RunTime:0.001518s ]

[ 2016-06-08T14:44:05+08:00 ] ::1 /leader/Ledtech/Index/index.html
INFO: [ app_init ] --START--
INFO: Run Behavior\BuildLiteBehavior [ RunTime:0.000017s ]
INFO: [ app_init ] --END-- [ RunTime:0.000525s ]
INFO: [ app_begin ] --START--
INFO: Run Behavior\ReadHtmlCacheBehavior [ RunTime:0.000841s ]
INFO: [ app_begin ] --END-- [ RunTime:0.000951s ]
SQL: SHOW COLUMNS FROM `zz_log` [ RunTime:0.0069s ]
SQL: SELECT * FROM `zz_log` ORDER BY time desc  [ RunTime:0.0007s ]
INFO: [ view_parse ] --START--
INFO: [ template_filter ] --START--
INFO: Run Behavior\ContentReplaceBehavior [ RunTime:0.000126s ]
INFO: [ template_filter ] --END-- [ RunTime:0.000217s ]
NOTIC: [8] Undefined index: href C:\PHPstudy\WWW\leader\App\Runtime\Cache\Ledtech\531bcd810c5b608b7d9d9b8227bfb926.php 第 82 行.
NOTIC: [8] Undefined index: href C:\PHPstudy\WWW\leader\App\Runtime\Cache\Ledtech\531bcd810c5b608b7d9d9b8227bfb926.php 第 88 行.
NOTIC: [8] Undefined variable: page C:\PHPstudy\WWW\leader\App\Runtime\Cache\Ledtech\531bcd810c5b608b7d9d9b8227bfb926.php 第 198 行.
INFO: Run Behavior\ParseTemplateBehavior [ RunTime:0.016314s ]
INFO: [ view_parse ] --END-- [ RunTime:0.016406s ]
INFO: [ view_filter ] --START--
INFO: Run Behavior\WriteHtmlCacheBehavior [ RunTime:0.000551s ]
INFO: [ view_filter ] --END-- [ RunTime:0.000606s ]
INFO: [ app_end ] --START--
INFO: Run Behavior\ShowPageTraceBehavior [ RunTime:0.001717s ]
INFO: [ app_end ] --END-- [ RunTime:0.001808s ]

[ 2016-06-08T14:46:02+08:00 ] ::1 /leader/Ledtech/Index/index.html
INFO: [ app_init ] --START--
INFO: Run Behavior\BuildLiteBehavior [ RunTime:0.000027s ]
INFO: [ app_init ] --END-- [ RunTime:0.000815s ]
INFO: [ app_begin ] --START--
INFO: Run Behavior\ReadHtmlCacheBehavior [ RunTime:0.000706s ]
INFO: [ app_begin ] --END-- [ RunTime:0.000792s ]
SQL: SHOW COLUMNS FROM `zz_log` [ RunTime:0.0125s ]
SQL: SELECT * FROM `zz_log` ORDER BY time desc  [ RunTime:0.0016s ]
INFO: [ view_parse ] --START--
INFO: [ template_filter ] --START--
INFO: Run Behavior\ContentReplaceBehavior [ RunTime:0.000175s ]
INFO: [ template_filter ] --END-- [ RunTime:0.000292s ]
NOTIC: [8] Undefined index: href C:\PHPstudy\WWW\leader\App\Runtime\Cache\Ledtech\531bcd810c5b608b7d9d9b8227bfb926.php 第 82 行.
NOTIC: [8] Undefined index: href C:\PHPstudy\WWW\leader\App\Runtime\Cache\Ledtech\531bcd810c5b608b7d9d9b8227bfb926.php 第 88 行.
NOTIC: [8] Undefined variable: page C:\PHPstudy\WWW\leader\App\Runtime\Cache\Ledtech\531bcd810c5b608b7d9d9b8227bfb926.php 第 186 行.
INFO: Run Behavior\ParseTemplateBehavior [ RunTime:0.022395s ]
INFO: [ view_parse ] --END-- [ RunTime:0.022673s ]
INFO: [ view_filter ] --START--
INFO: Run Behavior\WriteHtmlCacheBehavior [ RunTime:0.000875s ]
INFO: [ view_filter ] --END-- [ RunTime:0.000962s ]
INFO: [ app_end ] --START--
INFO: Run Behavior\ShowPageTraceBehavior [ RunTime:0.001458s ]
INFO: [ app_end ] --END-- [ RunTime:0.001613s ]

[ 2016-06-08T14:46:10+08:00 ] ::1 /leader/Ledtech/Admin/index.html
INFO: [ app_init ] --START--
INFO: Run Behavior\BuildLiteBehavior [ RunTime:0.000020s ]
INFO: [ app_init ] --END-- [ RunTime:0.000544s ]
INFO: [ app_begin ] --START--
INFO: Run Behavior\ReadHtmlCacheBehavior [ RunTime:0.001269s ]
INFO: [ app_begin ] --END-- [ RunTime:0.001436s ]
ERR: 无法加载控制器:Admin

[ 2016-06-08T14:46:26+08:00 ] ::1 /leader/Ledtech/Index/index.html
INFO: [ app_init ] --START--
INFO: Run Behavior\BuildLiteBehavior [ RunTime:0.000019s ]
INFO: [ app_init ] --END-- [ RunTime:0.000624s ]
INFO: [ app_begin ] --START--
INFO: Run Behavior\ReadHtmlCacheBehavior [ RunTime:0.001231s ]
INFO: [ app_begin ] --END-- [ RunTime:0.001350s ]
SQL: SHOW COLUMNS FROM `zz_log` [ RunTime:0.0028s ]
SQL: SELECT * FROM `zz_log` ORDER BY time desc  [ RunTime:0.0003s ]
INFO: [ view_parse ] --START--
INFO: [ template_filter ] --START--
INFO: Run Behavior\ContentReplaceBehavior [ RunTime:0.000087s ]
INFO: [ template_filter ] --END-- [ RunTime:0.000152s ]
NOTIC: [8] Undefined index: href C:\PHPstudy\WWW\leader\App\Runtime\Cache\Ledtech\531bcd810c5b608b7d9d9b8227bfb926.php 第 82 行.
NOTIC: [8] Undefined index: href C:\PHPstudy\WWW\leader\App\Runtime\Cache\Ledtech\531bcd810c5b608b7d9d9b8227bfb926.php 第 88 行.
NOTIC: [8] Undefined variable: page C:\PHPstudy\WWW\leader\App\Runtime\Cache\Ledtech\531bcd810c5b608b7d9d9b8227bfb926.php 第 186 行.
INFO: Run Behavior\ParseTemplateBehavior [ RunTime:0.011006s ]
INFO: [ view_parse ] --END-- [ RunTime:0.011090s ]
INFO: [ view_filter ] --START--
INFO: Run Behavior\WriteHtmlCacheBehavior [ RunTime:0.000670s ]
INFO: [ view_filter ] --END-- [ RunTime:0.000724s ]
INFO: [ app_end ] --START--
INFO: Run Behavior\ShowPageTraceBehavior [ RunTime:0.000848s ]
INFO: [ app_end ] --END-- [ RunTime:0.000932s ]

[ 2016-06-08T14:46:29+08:00 ] ::1 /leader/Ledtech/Admin/index.html
INFO: [ app_init ] --START--
INFO: Run Behavior\BuildLiteBehavior [ RunTime:0.000022s ]
INFO: [ app_init ] --END-- [ RunTime:0.000402s ]
INFO: [ app_begin ] --START--
INFO: Run Behavior\ReadHtmlCacheBehavior [ RunTime:0.001329s ]
INFO: [ app_begin ] --END-- [ RunTime:0.001480s ]
SQL: SHOW COLUMNS FROM `zz_admin` [ RunTime:0.0109s ]
SQL: SELECT COUNT(*) AS tp_count FROM `zz_admin` LIMIT 1   [ RunTime:0.0009s ]
SQL: SELECT * FROM `zz_admin` ORDER BY id asc LIMIT 0,8   [ RunTime:0.0008s ]
INFO: [ view_parse ] --START--
INFO: [ template_filter ] --START--
INFO: Run Behavior\ContentReplaceBehavior [ RunTime:0.000188s ]
INFO: [ template_filter ] --END-- [ RunTime:0.000339s ]
NOTIC: [8] Undefined index: href C:\PHPstudy\WWW\leader\App\Runtime\Cache\Ledtech\fc576eba32db54c761bef7b557f924e9.php 第 81 行.
NOTIC: [8] Undefined index: href C:\PHPstudy\WWW\leader\App\Runtime\Cache\Ledtech\fc576eba32db54c761bef7b557f924e9.php 第 87 行.
NOTIC: [8] Undefined index: nick C:\PHPstudy\WWW\leader\App\Runtime\Cache\Ledtech\fc576eba32db54c761bef7b557f924e9.php 第 204 行.
NOTIC: [8] Undefined index: nick C:\PHPstudy\WWW\leader\App\Runtime\Cache\Ledtech\fc576eba32db54c761bef7b557f924e9.php 第 204 行.
INFO: Run Behavior\ParseTemplateBehavior [ RunTime:0.023554s ]
INFO: [ view_parse ] --END-- [ RunTime:0.023700s ]
INFO: [ view_filter ] --START--
INFO: Run Behavior\WriteHtmlCacheBehavior [ RunTime:0.000872s ]
INFO: [ view_filter ] --END-- [ RunTime:0.000967s ]
INFO: [ app_end ] --START--
INFO: Run Behavior\ShowPageTraceBehavior [ RunTime:0.002391s ]
INFO: [ app_end ] --END-- [ RunTime:0.002517s ]

[ 2016-06-08T14:46:31+08:00 ] ::1 /leader/Ledtech/Admin/add.html
INFO: [ app_init ] --START--
INFO: Run Behavior\BuildLiteBehavior [ RunTime:0.000021s ]
INFO: [ app_init ] --END-- [ RunTime:0.000671s ]
INFO: [ app_begin ] --START--
INFO: Run Behavior\ReadHtmlCacheBehavior [ RunTime:0.000501s ]
INFO: [ app_begin ] --END-- [ RunTime:0.000549s ]
INFO: [ view_parse ] --START--
INFO: [ template_filter ] --START--
INFO: Run Behavior\ContentReplaceBehavior [ RunTime:0.000078s ]
INFO: [ template_filter ] --END-- [ RunTime:0.000125s ]
NOTIC: [8] Undefined index: href C:\PHPstudy\WWW\leader\App\Runtime\Cache\Ledtech\592b7b6583e7456a4d7d6630ee968a51.php 第 84 行.
NOTIC: [8] Undefined index: href C:\PHPstudy\WWW\leader\App\Runtime\Cache\Ledtech\592b7b6583e7456a4d7d6630ee968a51.php 第 90 行.
INFO: Run Behavior\ParseTemplateBehavior [ RunTime:0.007438s ]
INFO: [ view_parse ] --END-- [ RunTime:0.007484s ]
INFO: [ view_filter ] --START--
INFO: Run Behavior\WriteHtmlCacheBehavior [ RunTime:0.000367s ]
INFO: [ view_filter ] --END-- [ RunTime:0.000414s ]
INFO: [ app_end ] --START--
INFO: Run Behavior\ShowPageTraceBehavior [ RunTime:0.000988s ]
INFO: [ app_end ] --END-- [ RunTime:0.001084s ]

[ 2016-06-08T14:46:42+08:00 ] ::1 /leader/Ledtech/Goods/index.html
INFO: [ app_init ] --START--
INFO: Run Behavior\BuildLiteBehavior [ RunTime:0.000096s ]
INFO: [ app_init ] --END-- [ RunTime:0.000992s ]
INFO: [ app_begin ] --START--
INFO: Run Behavior\ReadHtmlCacheBehavior [ RunTime:0.000736s ]
INFO: [ app_begin ] --END-- [ RunTime:0.000841s ]
SQL: SHOW COLUMNS FROM `zz_goods` [ RunTime:0.0168s ]
SQL: SELECT COUNT(*) AS tp_count FROM `zz_goods` LIMIT 1   [ RunTime:0.0004s ]
SQL: SELECT * FROM `zz_goods` ORDER BY time desc LIMIT 0,8   [ RunTime:0.0181s ]
INFO: [ view_parse ] --START--
INFO: [ template_filter ] --START--
INFO: Run Behavior\ContentReplaceBehavior [ RunTime:0.000147s ]
INFO: [ template_filter ] --END-- [ RunTime:0.000234s ]
NOTIC: [8] Undefined index: href C:\PHPstudy\WWW\leader\App\Runtime\Cache\Ledtech\592601c653bdca7b730e8cd753ad9bd3.php 第 89 行.
NOTIC: [8] Undefined index: href C:\PHPstudy\WWW\leader\App\Runtime\Cache\Ledtech\592601c653bdca7b730e8cd753ad9bd3.php 第 95 行.
INFO: Run Behavior\ParseTemplateBehavior [ RunTime:0.017854s ]
INFO: [ view_parse ] --END-- [ RunTime:0.017938s ]
INFO: [ view_filter ] --START--
INFO: Run Behavior\WriteHtmlCacheBehavior [ RunTime:0.000684s ]
INFO: [ view_filter ] --END-- [ RunTime:0.000750s ]
INFO: [ app_end ] --START--
INFO: Run Behavior\ShowPageTraceBehavior [ RunTime:0.001151s ]
INFO: [ app_end ] --END-- [ RunTime:0.001283s ]

[ 2016-06-08T14:48:58+08:00 ] ::1 /leader/Ledtech/Goods/index.html
INFO: [ app_init ] --START--
INFO: Run Behavior\BuildLiteBehavior [ RunTime:0.000024s ]
INFO: [ app_init ] --END-- [ RunTime:0.000800s ]
INFO: [ app_begin ] --START--
INFO: Run Behavior\ReadHtmlCacheBehavior [ RunTime:0.001126s ]
INFO: [ app_begin ] --END-- [ RunTime:0.001247s ]
SQL: SHOW COLUMNS FROM `zz_goods` [ RunTime:0.0139s ]
SQL: SELECT COUNT(*) AS tp_count FROM `zz_goods` LIMIT 1   [ RunTime:0.0013s ]
SQL: SELECT * FROM `zz_goods` ORDER BY time desc LIMIT 0,8   [ RunTime:0.0014s ]
INFO: [ view_parse ] --START--
INFO: [ template_filter ] --START--
INFO: Run Behavior\ContentReplaceBehavior [ RunTime:0.000185s ]
INFO: [ template_filter ] --END-- [ RunTime:0.000288s ]
NOTIC: [8] Undefined index: href C:\PHPstudy\WWW\leader\App\Runtime\Cache\Ledtech\592601c653bdca7b730e8cd753ad9bd3.php 第 89 行.
NOTIC: [8] Undefined index: href C:\PHPstudy\WWW\leader\App\Runtime\Cache\Ledtech\592601c653bdca7b730e8cd753ad9bd3.php 第 95 行.
INFO: Run Behavior\ParseTemplateBehavior [ RunTime:0.024719s ]
INFO: [ view_parse ] --END-- [ RunTime:0.024847s ]
INFO: [ view_filter ] --START--
INFO: Run Behavior\WriteHtmlCacheBehavior [ RunTime:0.001102s ]
INFO: [ view_filter ] --END-- [ RunTime:0.001194s ]
INFO: [ app_end ] --START--
INFO: Run Behavior\ShowPageTraceBehavior [ RunTime:0.001560s ]
INFO: [ app_end ] --END-- [ RunTime:0.001737s ]

[ 2016-06-08T14:50:52+08:00 ] ::1 /leader/Ledtech/Admin/index.html
INFO: [ app_init ] --START--
INFO: Run Behavior\BuildLiteBehavior [ RunTime:0.000014s ]
INFO: [ app_init ] --END-- [ RunTime:0.000436s ]
INFO: [ app_begin ] --START--
INFO: Run Behavior\ReadHtmlCacheBehavior [ RunTime:0.000839s ]
INFO: [ app_begin ] --END-- [ RunTime:0.000919s ]
SQL: SHOW COLUMNS FROM `zz_admin` [ RunTime:0.0130s ]
SQL: SELECT COUNT(*) AS tp_count FROM `zz_admin` LIMIT 1   [ RunTime:0.0009s ]
SQL: SELECT * FROM `zz_admin` ORDER BY id asc LIMIT 0,8   [ RunTime:0.0009s ]
INFO: [ view_parse ] --START--
INFO: [ template_filter ] --START--
INFO: Run Behavior\ContentReplaceBehavior [ RunTime:0.000166s ]
INFO: [ template_filter ] --END-- [ RunTime:0.000290s ]
NOTIC: [8] Undefined index: href C:\PHPstudy\WWW\leader\App\Runtime\Cache\Ledtech\fc576eba32db54c761bef7b557f924e9.php 第 81 行.
NOTIC: [8] Undefined index: href C:\PHPstudy\WWW\leader\App\Runtime\Cache\Ledtech\fc576eba32db54c761bef7b557f924e9.php 第 87 行.
NOTIC: [8] Undefined index: nick C:\PHPstudy\WWW\leader\App\Runtime\Cache\Ledtech\fc576eba32db54c761bef7b557f924e9.php 第 204 行.
NOTIC: [8] Undefined index: nick C:\PHPstudy\WWW\leader\App\Runtime\Cache\Ledtech\fc576eba32db54c761bef7b557f924e9.php 第 204 行.
INFO: Run Behavior\ParseTemplateBehavior [ RunTime:0.027253s ]
INFO: [ view_parse ] --END-- [ RunTime:0.027398s ]
INFO: [ view_filter ] --START--
INFO: Run Behavior\WriteHtmlCacheBehavior [ RunTime:0.001117s ]
INFO: [ view_filter ] --END-- [ RunTime:0.001227s ]
INFO: [ app_end ] --START--
INFO: Run Behavior\ShowPageTraceBehavior [ RunTime:0.001695s ]
INFO: [ app_end ] --END-- [ RunTime:0.001913s ]

[ 2016-06-08T14:50:53+08:00 ] ::1 /leader/Ledtech/Admin/add.html
INFO: [ app_init ] --START--
INFO: Run Behavior\BuildLiteBehavior [ RunTime:0.000064s ]
INFO: [ app_init ] --END-- [ RunTime:0.000765s ]
INFO: [ app_begin ] --START--
INFO: Run Behavior\ReadHtmlCacheBehavior [ RunTime:0.000653s ]
INFO: [ app_begin ] --END-- [ RunTime:0.000719s ]
INFO: [ view_parse ] --START--
INFO: [ template_filter ] --START--
INFO: Run Behavior\ContentReplaceBehavior [ RunTime:0.000084s ]
INFO: [ template_filter ] --END-- [ RunTime:0.000149s ]
NOTIC: [8] Undefined index: href C:\PHPstudy\WWW\leader\App\Runtime\Cache\Ledtech\592b7b6583e7456a4d7d6630ee968a51.php 第 84 行.
NOTIC: [8] Undefined index: href C:\PHPstudy\WWW\leader\App\Runtime\Cache\Ledtech\592b7b6583e7456a4d7d6630ee968a51.php 第 90 行.
INFO: Run Behavior\ParseTemplateBehavior [ RunTime:0.008532s ]
INFO: [ view_parse ] --END-- [ RunTime:0.008596s ]
INFO: [ view_filter ] --START--
INFO: Run Behavior\WriteHtmlCacheBehavior [ RunTime:0.000602s ]
INFO: [ view_filter ] --END-- [ RunTime:0.000661s ]
INFO: [ app_end ] --START--
INFO: Run Behavior\ShowPageTraceBehavior [ RunTime:0.000833s ]
INFO: [ app_end ] --END-- [ RunTime:0.000914s ]

[ 2016-06-08T14:50:56+08:00 ] ::1 /leader/Ledtech/Admin/index.html
INFO: [ app_init ] --START--
INFO: Run Behavior\BuildLiteBehavior [ RunTime:0.000044s ]
INFO: [ app_init ] --END-- [ RunTime:0.001169s ]
INFO: [ app_begin ] --START--
INFO: Run Behavior\ReadHtmlCacheBehavior [ RunTime:0.000635s ]
INFO: [ app_begin ] --END-- [ RunTime:0.000697s ]
SQL: SHOW COLUMNS FROM `zz_admin` [ RunTime:0.0031s ]
SQL: SELECT COUNT(*) AS tp_count FROM `zz_admin` LIMIT 1   [ RunTime:0.0003s ]
SQL: SELECT * FROM `zz_admin` ORDER BY id asc LIMIT 0,8   [ RunTime:0.0003s ]
INFO: [ view_parse ] --START--
INFO: [ template_filter ] --START--
INFO: Run Behavior\ContentReplaceBehavior [ RunTime:0.000077s ]
INFO: [ template_filter ] --END-- [ RunTime:0.000135s ]
NOTIC: [8] Undefined index: href C:\PHPstudy\WWW\leader\App\Runtime\Cache\Ledtech\fc576eba32db54c761bef7b557f924e9.php 第 81 行.
NOTIC: [8] Undefined index: href C:\PHPstudy\WWW\leader\App\Runtime\Cache\Ledtech\fc576eba32db54c761bef7b557f924e9.php 第 87 行.
NOTIC: [8] Undefined index: nick C:\PHPstudy\WWW\leader\App\Runtime\Cache\Ledtech\fc576eba32db54c761bef7b557f924e9.php 第 204 行.
NOTIC: [8] Undefined index: nick C:\PHPstudy\WWW\leader\App\Runtime\Cache\Ledtech\fc576eba32db54c761bef7b557f924e9.php 第 204 行.
INFO: Run Behavior\ParseTemplateBehavior [ RunTime:0.010741s ]
INFO: [ view_parse ] --END-- [ RunTime:0.010793s ]
INFO: [ view_filter ] --START--
INFO: Run Behavior\WriteHtmlCacheBehavior [ RunTime:0.000451s ]
INFO: [ view_filter ] --END-- [ RunTime:0.000492s ]
INFO: [ app_end ] --START--
INFO: Run Behavior\ShowPageTraceBehavior [ RunTime:0.000859s ]
INFO: [ app_end ] --END-- [ RunTime:0.000943s ]

[ 2016-06-08T14:51:42+08:00 ] ::1 /leader/Ledtech/Admin/index.html
INFO: [ app_init ] --START--
INFO: Run Behavior\BuildLiteBehavior [ RunTime:0.000019s ]
INFO: [ app_init ] --END-- [ RunTime:0.000519s ]
INFO: [ app_begin ] --START--
INFO: Run Behavior\ReadHtmlCacheBehavior [ RunTime:0.001045s ]
INFO: [ app_begin ] --END-- [ RunTime:0.001134s ]
SQL: SHOW COLUMNS FROM `zz_admin` [ RunTime:0.0106s ]
SQL: SELECT COUNT(*) AS tp_count FROM `zz_admin` LIMIT 1   [ RunTime:0.0009s ]
SQL: SELECT * FROM `zz_admin` ORDER BY id asc LIMIT 0,8   [ RunTime:0.0010s ]
INFO: [ view_parse ] --START--
INFO: [ template_filter ] --START--
INFO: Run Behavior\ContentReplaceBehavior [ RunTime:0.000185s ]
INFO: [ template_filter ] --END-- [ RunTime:0.000302s ]
NOTIC: [8] Undefined index: href C:\PHPstudy\WWW\leader\App\Runtime\Cache\Ledtech\fc576eba32db54c761bef7b557f924e9.php 第 81 行.
NOTIC: [8] Undefined index: href C:\PHPstudy\WWW\leader\App\Runtime\Cache\Ledtech\fc576eba32db54c761bef7b557f924e9.php 第 87 行.
NOTIC: [8] Undefined index: nick C:\PHPstudy\WWW\leader\App\Runtime\Cache\Ledtech\fc576eba32db54c761bef7b557f924e9.php 第 204 行.
NOTIC: [8] Undefined index: nick C:\PHPstudy\WWW\leader\App\Runtime\Cache\Ledtech\fc576eba32db54c761bef7b557f924e9.php 第 204 行.
INFO: Run Behavior\ParseTemplateBehavior [ RunTime:0.025240s ]
INFO: [ view_parse ] --END-- [ RunTime:0.025445s ]
INFO: [ view_filter ] --START--
INFO: Run Behavior\WriteHtmlCacheBehavior [ RunTime:0.001268s ]
INFO: [ view_filter ] --END-- [ RunTime:0.001376s ]
INFO: [ app_end ] --START--
INFO: Run Behavior\ShowPageTraceBehavior [ RunTime:0.002983s ]
INFO: [ app_end ] --END-- [ RunTime:0.003179s ]

[ 2016-06-08T14:52:10+08:00 ] ::1 /leader/Ledtech/Admin/index.html
INFO: [ app_init ] --START--
INFO: Run Behavior\BuildLiteBehavior [ RunTime:0.000037s ]
INFO: [ app_init ] --END-- [ RunTime:0.000961s ]
INFO: [ app_begin ] --START--
INFO: Run Behavior\ReadHtmlCacheBehavior [ RunTime:0.000650s ]
INFO: [ app_begin ] --END-- [ RunTime:0.000727s ]
SQL: SHOW COLUMNS FROM `zz_admin` [ RunTime:0.0079s ]
SQL: SELECT COUNT(*) AS tp_count FROM `zz_admin` LIMIT 1   [ RunTime:0.0005s ]
SQL: SELECT * FROM `zz_admin` ORDER BY id asc LIMIT 0,8   [ RunTime:0.0005s ]
INFO: [ view_parse ] --START--
INFO: [ template_filter ] --START--
INFO: Run Behavior\ContentReplaceBehavior [ RunTime:0.000193s ]
INFO: [ template_filter ] --END-- [ RunTime:0.000327s ]
NOTIC: [8] Undefined index: href C:\PHPstudy\WWW\leader\App\Runtime\Cache\Ledtech\fc576eba32db54c761bef7b557f924e9.php 第 81 行.
NOTIC: [8] Undefined index: href C:\PHPstudy\WWW\leader\App\Runtime\Cache\Ledtech\fc576eba32db54c761bef7b557f924e9.php 第 87 行.
NOTIC: [8] Undefined index: nick C:\PHPstudy\WWW\leader\App\Runtime\Cache\Ledtech\fc576eba32db54c761bef7b557f924e9.php 第 204 行.
NOTIC: [8] Undefined index: nick C:\PHPstudy\WWW\leader\App\Runtime\Cache\Ledtech\fc576eba32db54c761bef7b557f924e9.php 第 204 行.
INFO: Run Behavior\ParseTemplateBehavior [ RunTime:0.025382s ]
INFO: [ view_parse ] --END-- [ RunTime:0.025505s ]
INFO: [ view_filter ] --START--
INFO: Run Behavior\WriteHtmlCacheBehavior [ RunTime:0.001273s ]
INFO: [ view_filter ] --END-- [ RunTime:0.001386s ]
INFO: [ app_end ] --START--
INFO: Run Behavior\ShowPageTraceBehavior [ RunTime:0.002084s ]
INFO: [ app_end ] --END-- [ RunTime:0.002280s ]

[ 2016-06-08T14:52:28+08:00 ] ::1 /leader/Ledtech/Login/quit.html
INFO: [ app_init ] --START--
INFO: Run Behavior\BuildLiteBehavior [ RunTime:0.000038s ]
INFO: [ app_init ] --END-- [ RunTime:0.000975s ]
INFO: [ app_begin ] --START--
INFO: Run Behavior\ReadHtmlCacheBehavior [ RunTime:0.001089s ]
INFO: [ app_begin ] --END-- [ RunTime:0.001211s ]

[ 2016-06-08T14:52:28+08:00 ] ::1 /leader/Ledtech/Login/index.html
INFO: [ app_init ] --START--
INFO: Run Behavior\BuildLiteBehavior [ RunTime:0.000015s ]
INFO: [ app_init ] --END-- [ RunTime:0.000413s ]
INFO: [ app_begin ] --START--
INFO: Run Behavior\ReadHtmlCacheBehavior [ RunTime:0.001584s ]
INFO: [ app_begin ] --END-- [ RunTime:0.001693s ]
INFO: [ view_parse ] --START--
INFO: [ template_filter ] --START--
INFO: Run Behavior\ContentReplaceBehavior [ RunTime:0.000047s ]
INFO: [ template_filter ] --END-- [ RunTime:0.000110s ]
INFO: Run Behavior\ParseTemplateBehavior [ RunTime:0.006358s ]
INFO: [ view_parse ] --END-- [ RunTime:0.006442s ]
INFO: [ view_filter ] --START--
INFO: Run Behavior\WriteHtmlCacheBehavior [ RunTime:0.000674s ]
INFO: [ view_filter ] --END-- [ RunTime:0.000730s ]
INFO: [ app_end ] --START--
INFO: Run Behavior\ShowPageTraceBehavior [ RunTime:0.000629s ]
INFO: [ app_end ] --END-- [ RunTime:0.000676s ]

[ 2016-06-08T14:52:31+08:00 ] ::1 /leader/Ledtech/Login/login.html
INFO: [ app_init ] --START--
INFO: Run Behavior\BuildLiteBehavior [ RunTime:0.000033s ]
INFO: [ app_init ] --END-- [ RunTime:0.000646s ]
INFO: [ app_begin ] --START--
INFO: Run Behavior\ReadHtmlCacheBehavior [ RunTime:0.000678s ]
INFO: [ app_begin ] --END-- [ RunTime:0.000745s ]
SQL: SHOW COLUMNS FROM `zz_admin` [ RunTime:0.0116s ]
SQL: SELECT * FROM `zz_admin` WHERE ( account = 'admin' ) LIMIT 1   [ RunTime:0.0018s ]
SQL: SHOW COLUMNS FROM `zz_log` [ RunTime:0.0100s ]
SQL: INSERT INTO `zz_log` (`user`,`ip`,`log`) VALUES ('admin','::1','登录成功') [ RunTime:0.0275s ]

[ 2016-06-08T14:52:32+08:00 ] ::1 /leader/Ledtech/Index/index.html
INFO: [ app_init ] --START--
INFO: Run Behavior\BuildLiteBehavior [ RunTime:0.000012s ]
INFO: [ app_init ] --END-- [ RunTime:0.000364s ]
INFO: [ app_begin ] --START--
INFO: Run Behavior\ReadHtmlCacheBehavior [ RunTime:0.000563s ]
INFO: [ app_begin ] --END-- [ RunTime:0.000611s ]
SQL: SHOW COLUMNS FROM `zz_log` [ RunTime:0.0081s ]
SQL: SELECT * FROM `zz_log` ORDER BY time desc  [ RunTime:0.0014s ]
INFO: [ view_parse ] --START--
INFO: [ template_filter ] --START--
INFO: Run Behavior\ContentReplaceBehavior [ RunTime:0.000106s ]
INFO: [ template_filter ] --END-- [ RunTime:0.000190s ]
NOTIC: [8] Undefined variable: page C:\PHPstudy\WWW\leader\App\Runtime\Cache\Ledtech\531bcd810c5b608b7d9d9b8227bfb926.php 第 186 行.
INFO: Run Behavior\ParseTemplateBehavior [ RunTime:0.024773s ]
INFO: [ view_parse ] --END-- [ RunTime:0.024932s ]
INFO: [ view_filter ] --START--
INFO: Run Behavior\WriteHtmlCacheBehavior [ RunTime:0.000978s ]
INFO: [ view_filter ] --END-- [ RunTime:0.001052s ]
INFO: [ app_end ] --START--
INFO: Run Behavior\ShowPageTraceBehavior [ RunTime:0.001024s ]
INFO: [ app_end ] --END-- [ RunTime:0.001112s ]

[ 2016-06-08T14:52:50+08:00 ] ::1 /leader/Ledtech/Goods/index.html
INFO: [ app_init ] --START--
INFO: Run Behavior\BuildLiteBehavior [ RunTime:0.000014s ]
INFO: [ app_init ] --END-- [ RunTime:0.000374s ]
INFO: [ app_begin ] --START--
INFO: Run Behavior\ReadHtmlCacheBehavior [ RunTime:0.000648s ]
INFO: [ app_begin ] --END-- [ RunTime:0.000701s ]
SQL: SHOW COLUMNS FROM `zz_goods` [ RunTime:0.0126s ]
SQL: SELECT COUNT(*) AS tp_count FROM `zz_goods` LIMIT 1   [ RunTime:0.0012s ]
SQL: SELECT * FROM `zz_goods` ORDER BY time desc LIMIT 0,8   [ RunTime:0.0013s ]
INFO: [ view_parse ] --START--
INFO: [ template_filter ] --START--
INFO: Run Behavior\ContentReplaceBehavior [ RunTime:0.000274s ]
INFO: [ template_filter ] --END-- [ RunTime:0.000491s ]
INFO: Run Behavior\ParseTemplateBehavior [ RunTime:0.041750s ]
INFO: [ view_parse ] --END-- [ RunTime:0.041973s ]
INFO: [ view_filter ] --START--
INFO: Run Behavior\WriteHtmlCacheBehavior [ RunTime:0.001092s ]
INFO: [ view_filter ] --END-- [ RunTime:0.001222s ]
INFO: [ app_end ] --START--
INFO: Run Behavior\ShowPageTraceBehavior [ RunTime:0.001963s ]
INFO: [ app_end ] --END-- [ RunTime:0.002108s ]

[ 2016-06-08T14:52:52+08:00 ] ::1 /leader/Ledtech/Goods/add.html
INFO: [ app_init ] --START--
INFO: Run Behavior\BuildLiteBehavior [ RunTime:0.000013s ]
INFO: [ app_init ] --END-- [ RunTime:0.000398s ]
INFO: [ app_begin ] --START--
INFO: Run Behavior\ReadHtmlCacheBehavior [ RunTime:0.000580s ]
INFO: [ app_begin ] --END-- [ RunTime:0.000629s ]
INFO: [ view_parse ] --START--
INFO: [ template_filter ] --START--
INFO: Run Behavior\ContentReplaceBehavior [ RunTime:0.000088s ]
INFO: [ template_filter ] --END-- [ RunTime:0.000145s ]
INFO: Run Behavior\ParseTemplateBehavior [ RunTime:0.007788s ]
INFO: [ view_parse ] --END-- [ RunTime:0.007895s ]
INFO: [ view_filter ] --START--
INFO: Run Behavior\WriteHtmlCacheBehavior [ RunTime:0.000959s ]
INFO: [ view_filter ] --END-- [ RunTime:0.001019s ]
INFO: [ app_end ] --START--
INFO: Run Behavior\ShowPageTraceBehavior [ RunTime:0.000865s ]
INFO: [ app_end ] --END-- [ RunTime:0.000952s ]

[ 2016-06-08T14:52:59+08:00 ] ::1 /leader/Ledtech/Goods/index.html
INFO: [ app_init ] --START--
INFO: Run Behavior\BuildLiteBehavior [ RunTime:0.000025s ]
INFO: [ app_init ] --END-- [ RunTime:0.000734s ]
INFO: [ app_begin ] --START--
INFO: Run Behavior\ReadHtmlCacheBehavior [ RunTime:0.001126s ]
INFO: [ app_begin ] --END-- [ RunTime:0.001269s ]
SQL: SHOW COLUMNS FROM `zz_goods` [ RunTime:0.0055s ]
SQL: SELECT COUNT(*) AS tp_count FROM `zz_goods` LIMIT 1   [ RunTime:0.0004s ]
SQL: SELECT * FROM `zz_goods` ORDER BY time desc LIMIT 0,8   [ RunTime:0.0006s ]
INFO: [ view_parse ] --START--
INFO: [ template_filter ] --START--
INFO: Run Behavior\ContentReplaceBehavior [ RunTime:0.000185s ]
INFO: [ template_filter ] --END-- [ RunTime:0.000291s ]
INFO: Run Behavior\ParseTemplateBehavior [ RunTime:0.022844s ]
INFO: [ view_parse ] --END-- [ RunTime:0.023036s ]
INFO: [ view_filter ] --START--
INFO: Run Behavior\WriteHtmlCacheBehavior [ RunTime:0.001044s ]
INFO: [ view_filter ] --END-- [ RunTime:0.001141s ]
INFO: [ app_end ] --START--
INFO: Run Behavior\ShowPageTraceBehavior [ RunTime:0.001916s ]
INFO: [ app_end ] --END-- [ RunTime:0.002078s ]

[ 2016-06-08T14:53:01+08:00 ] ::1 /leader/Ledtech/Goods/index.html
INFO: [ app_init ] --START--
INFO: Run Behavior\BuildLiteBehavior [ RunTime:0.000021s ]
INFO: [ app_init ] --END-- [ RunTime:0.000724s ]
INFO: [ app_begin ] --START--
INFO: Run Behavior\ReadHtmlCacheBehavior [ RunTime:0.000799s ]
INFO: [ app_begin ] --END-- [ RunTime:0.000900s ]
SQL: SHOW COLUMNS FROM `zz_goods` [ RunTime:0.0058s ]
SQL: SELECT COUNT(*) AS tp_count FROM `zz_goods` LIMIT 1   [ RunTime:0.0006s ]
SQL: SELECT * FROM `zz_goods` ORDER BY time desc LIMIT 0,8   [ RunTime:0.0007s ]
INFO: [ view_parse ] --START--
INFO: [ template_filter ] --START--
INFO: Run Behavior\ContentReplaceBehavior [ RunTime:0.000133s ]
INFO: [ template_filter ] --END-- [ RunTime:0.000213s ]
INFO: Run Behavior\ParseTemplateBehavior [ RunTime:0.025264s ]
INFO: [ view_parse ] --END-- [ RunTime:0.025376s ]
INFO: [ view_filter ] --START--
INFO: Run Behavior\WriteHtmlCacheBehavior [ RunTime:0.000716s ]
INFO: [ view_filter ] --END-- [ RunTime:0.000780s ]
INFO: [ app_end ] --START--
INFO: Run Behavior\ShowPageTraceBehavior [ RunTime:0.001054s ]
INFO: [ app_end ] --END-- [ RunTime:0.001164s ]

[ 2016-06-08T14:53:35+08:00 ] ::1 /leader/Ledtech/Goods/add.html
INFO: [ app_init ] --START--
INFO: Run Behavior\BuildLiteBehavior [ RunTime:0.000018s ]
INFO: [ app_init ] --END-- [ RunTime:0.000419s ]
INFO: [ app_begin ] --START--
INFO: Run Behavior\ReadHtmlCacheBehavior [ RunTime:0.000639s ]
INFO: [ app_begin ] --END-- [ RunTime:0.000753s ]
INFO: [ view_parse ] --START--
INFO: [ template_filter ] --START--
INFO: Run Behavior\ContentReplaceBehavior [ RunTime:0.000103s ]
INFO: [ template_filter ] --END-- [ RunTime:0.000163s ]
INFO: Run Behavior\ParseTemplateBehavior [ RunTime:0.009356s ]
INFO: [ view_parse ] --END-- [ RunTime:0.009418s ]
INFO: [ view_filter ] --START--
INFO: Run Behavior\WriteHtmlCacheBehavior [ RunTime:0.000473s ]
INFO: [ view_filter ] --END-- [ RunTime:0.000514s ]
INFO: [ app_end ] --START--
INFO: Run Behavior\ShowPageTraceBehavior [ RunTime:0.000707s ]
INFO: [ app_end ] --END-- [ RunTime:0.000776s ]

[ 2016-06-08T14:53:40+08:00 ] ::1 /leader/Ledtech/Index/index.html
INFO: [ app_init ] --START--
INFO: Run Behavior\BuildLiteBehavior [ RunTime:0.000029s ]
INFO: [ app_init ] --END-- [ RunTime:0.001796s ]
INFO: [ app_begin ] --START--
INFO: Run Behavior\ReadHtmlCacheBehavior [ RunTime:0.000623s ]
INFO: [ app_begin ] --END-- [ RunTime:0.000685s ]
SQL: SHOW COLUMNS FROM `zz_log` [ RunTime:0.0070s ]
SQL: SELECT * FROM `zz_log` ORDER BY time desc  [ RunTime:0.0008s ]
INFO: [ view_parse ] --START--
INFO: [ template_filter ] --START--
INFO: Run Behavior\ContentReplaceBehavior [ RunTime:0.000164s ]
INFO: [ template_filter ] --END-- [ RunTime:0.000275s ]
NOTIC: [8] Undefined variable: page C:\PHPstudy\WWW\leader\App\Runtime\Cache\Ledtech\531bcd810c5b608b7d9d9b8227bfb926.php 第 186 行.
INFO: Run Behavior\ParseTemplateBehavior [ RunTime:0.018981s ]
INFO: [ view_parse ] --END-- [ RunTime:0.019088s ]
INFO: [ view_filter ] --START--
INFO: Run Behavior\WriteHtmlCacheBehavior [ RunTime:0.000926s ]
INFO: [ view_filter ] --END-- [ RunTime:0.001032s ]
INFO: [ app_end ] --START--
INFO: Run Behavior\ShowPageTraceBehavior [ RunTime:0.001660s ]
INFO: [ app_end ] --END-- [ RunTime:0.001803s ]

[ 2016-06-08T14:53:46+08:00 ] ::1 /leader/Ledtech/Admin/index.html
INFO: [ app_init ] --START--
INFO: Run Behavior\BuildLiteBehavior [ RunTime:0.000024s ]
INFO: [ app_init ] --END-- [ RunTime:0.000598s ]
INFO: [ app_begin ] --START--
INFO: Run Behavior\ReadHtmlCacheBehavior [ RunTime:0.001416s ]
INFO: [ app_begin ] --END-- [ RunTime:0.001541s ]
SQL: SHOW COLUMNS FROM `zz_admin` [ RunTime:0.0162s ]
SQL: SELECT COUNT(*) AS tp_count FROM `zz_admin` LIMIT 1   [ RunTime:0.0009s ]
SQL: SELECT * FROM `zz_admin` ORDER BY id asc LIMIT 0,8   [ RunTime:0.0009s ]
INFO: [ view_parse ] --START--
INFO: [ template_filter ] --START--
INFO: Run Behavior\ContentReplaceBehavior [ RunTime:0.000149s ]
INFO: [ template_filter ] --END-- [ RunTime:0.000248s ]
NOTIC: [8] Undefined index: nick C:\PHPstudy\WWW\leader\App\Runtime\Cache\Ledtech\fc576eba32db54c761bef7b557f924e9.php 第 204 行.
NOTIC: [8] Undefined index: nick C:\PHPstudy\WWW\leader\App\Runtime\Cache\Ledtech\fc576eba32db54c761bef7b557f924e9.php 第 204 行.
INFO: Run Behavior\ParseTemplateBehavior [ RunTime:0.018903s ]
INFO: [ view_parse ] --END-- [ RunTime:0.019049s ]
INFO: [ view_filter ] --START--
INFO: Run Behavior\WriteHtmlCacheBehavior [ RunTime:0.000888s ]
INFO: [ view_filter ] --END-- [ RunTime:0.000968s ]
INFO: [ app_end ] --START--
INFO: Run Behavior\ShowPageTraceBehavior [ RunTime:0.001544s ]
INFO: [ app_end ] --END-- [ RunTime:0.001674s ]

[ 2016-06-08T14:53:47+08:00 ] ::1 /leader/Ledtech/Admin/add.html
INFO: [ app_init ] --START--
INFO: Run Behavior\BuildLiteBehavior [ RunTime:0.000036s ]
INFO: [ app_init ] --END-- [ RunTime:0.000809s ]
INFO: [ app_begin ] --START--
INFO: Run Behavior\ReadHtmlCacheBehavior [ RunTime:0.001017s ]
INFO: [ app_begin ] --END-- [ RunTime:0.001106s ]
INFO: [ view_parse ] --START--
INFO: [ template_filter ] --START--
INFO: Run Behavior\ContentReplaceBehavior [ RunTime:0.000083s ]
INFO: [ template_filter ] --END-- [ RunTime:0.000147s ]
INFO: Run Behavior\ParseTemplateBehavior [ RunTime:0.010021s ]
INFO: [ view_parse ] --END-- [ RunTime:0.010155s ]
INFO: [ view_filter ] --START--
INFO: Run Behavior\WriteHtmlCacheBehavior [ RunTime:0.000461s ]
INFO: [ view_filter ] --END-- [ RunTime:0.000498s ]
INFO: [ app_end ] --START--
INFO: Run Behavior\ShowPageTraceBehavior [ RunTime:0.000750s ]
INFO: [ app_end ] --END-- [ RunTime:0.000821s ]

[ 2016-06-08T14:53:50+08:00 ] ::1 /leader/Ledtech/Admin/index.html
INFO: [ app_init ] --START--
INFO: Run Behavior\BuildLiteBehavior [ RunTime:0.000012s ]
INFO: [ app_init ] --END-- [ RunTime:0.000386s ]
INFO: [ app_begin ] --START--
INFO: Run Behavior\ReadHtmlCacheBehavior [ RunTime:0.000574s ]
INFO: [ app_begin ] --END-- [ RunTime:0.000622s ]
SQL: SHOW COLUMNS FROM `zz_admin` [ RunTime:0.0045s ]
SQL: SELECT COUNT(*) AS tp_count FROM `zz_admin` LIMIT 1   [ RunTime:0.0003s ]
SQL: SELECT * FROM `zz_admin` ORDER BY id asc LIMIT 0,8   [ RunTime:0.0003s ]
INFO: [ view_parse ] --START--
INFO: [ template_filter ] --START--
INFO: Run Behavior\ContentReplaceBehavior [ RunTime:0.000119s ]
INFO: [ template_filter ] --END-- [ RunTime:0.000209s ]
NOTIC: [8] Undefined index: nick C:\PHPstudy\WWW\leader\App\Runtime\Cache\Ledtech\fc576eba32db54c761bef7b557f924e9.php 第 204 行.
NOTIC: [8] Undefined index: nick C:\PHPstudy\WWW\leader\App\Runtime\Cache\Ledtech\fc576eba32db54c761bef7b557f924e9.php 第 204 行.
INFO: Run Behavior\ParseTemplateBehavior [ RunTime:0.009958s ]
INFO: [ view_parse ] --END-- [ RunTime:0.010053s ]
INFO: [ view_filter ] --START--
INFO: Run Behavior\WriteHtmlCacheBehavior [ RunTime:0.001412s ]
INFO: [ view_filter ] --END-- [ RunTime:0.001525s ]
INFO: [ app_end ] --START--
INFO: Run Behavior\ShowPageTraceBehavior [ RunTime:0.002755s ]
INFO: [ app_end ] --END-- [ RunTime:0.002906s ]

[ 2016-06-08T14:54:22+08:00 ] ::1 /leader/Ledtech/Admin/index.html
INFO: [ app_init ] --START--
INFO: Run Behavior\BuildLiteBehavior [ RunTime:0.000024s ]
INFO: [ app_init ] --END-- [ RunTime:0.000541s ]
INFO: [ app_begin ] --START--
INFO: Run Behavior\ReadHtmlCacheBehavior [ RunTime:0.001207s ]
INFO: [ app_begin ] --END-- [ RunTime:0.001343s ]
SQL: SHOW COLUMNS FROM `zz_admin` [ RunTime:0.0065s ]
SQL: SELECT COUNT(*) AS tp_count FROM `zz_admin` LIMIT 1   [ RunTime:0.0005s ]
SQL: SELECT * FROM `zz_admin` ORDER BY id asc LIMIT 0,8   [ RunTime:0.0005s ]
INFO: [ view_parse ] --START--
INFO: [ template_filter ] --START--
INFO: Run Behavior\ContentReplaceBehavior [ RunTime:0.000099s ]
INFO: [ template_filter ] --END-- [ RunTime:0.000175s ]
NOTIC: [8] Undefined index: nick C:\PHPstudy\WWW\leader\App\Runtime\Cache\Ledtech\fc576eba32db54c761bef7b557f924e9.php 第 204 行.
NOTIC: [8] Undefined index: nick C:\PHPstudy\WWW\leader\App\Runtime\Cache\Ledtech\fc576eba32db54c761bef7b557f924e9.php 第 204 行.
INFO: Run Behavior\ParseTemplateBehavior [ RunTime:0.015565s ]
INFO: [ view_parse ] --END-- [ RunTime:0.015647s ]
INFO: [ view_filter ] --START--
INFO: Run Behavior\WriteHtmlCacheBehavior [ RunTime:0.000626s ]
INFO: [ view_filter ] --END-- [ RunTime:0.000681s ]
INFO: [ app_end ] --START--
INFO: Run Behavior\ShowPageTraceBehavior [ RunTime:0.001923s ]
INFO: [ app_end ] --END-- [ RunTime:0.002080s ]

[ 2016-06-08T14:54:24+08:00 ] ::1 /leader/Ledtech/Admin/add.html
INFO: [ app_init ] --START--
INFO: Run Behavior\BuildLiteBehavior [ RunTime:0.000014s ]
INFO: [ app_init ] --END-- [ RunTime:0.000382s ]
INFO: [ app_begin ] --START--
INFO: Run Behavior\ReadHtmlCacheBehavior [ RunTime:0.001104s ]
INFO: [ app_begin ] --END-- [ RunTime:0.001187s ]
INFO: [ view_parse ] --START--
INFO: [ template_filter ] --START--
INFO: Run Behavior\ContentReplaceBehavior [ RunTime:0.000081s ]
INFO: [ template_filter ] --END-- [ RunTime:0.000136s ]
INFO: Run Behavior\ParseTemplateBehavior [ RunTime:0.009502s ]
INFO: [ view_parse ] --END-- [ RunTime:0.009600s ]
INFO: [ view_filter ] --START--
INFO: Run Behavior\WriteHtmlCacheBehavior [ RunTime:0.000440s ]
INFO: [ view_filter ] --END-- [ RunTime:0.000478s ]
INFO: [ app_end ] --START--
INFO: Run Behavior\ShowPageTraceBehavior [ RunTime:0.000726s ]
INFO: [ app_end ] --END-- [ RunTime:0.000804s ]

[ 2016-06-08T14:54:32+08:00 ] ::1 /leader/Ledtech/Admin/add.html
INFO: [ app_init ] --START--
INFO: Run Behavior\BuildLiteBehavior [ RunTime:0.000015s ]
INFO: [ app_init ] --END-- [ RunTime:0.000451s ]
INFO: [ app_begin ] --START--
INFO: Run Behavior\ReadHtmlCacheBehavior [ RunTime:0.000919s ]
INFO: [ app_begin ] --END-- [ RunTime:0.001032s ]
INFO: [ view_parse ] --START--
INFO: [ template_filter ] --START--
INFO: Run Behavior\ContentReplaceBehavior [ RunTime:0.000086s ]
INFO: [ template_filter ] --END-- [ RunTime:0.000150s ]
INFO: Run Behavior\ParseTemplateBehavior [ RunTime:0.008806s ]
INFO: [ view_parse ] --END-- [ RunTime:0.008863s ]
INFO: [ view_filter ] --START--
INFO: Run Behavior\WriteHtmlCacheBehavior [ RunTime:0.000445s ]
INFO: [ view_filter ] --END-- [ RunTime:0.000489s ]
INFO: [ app_end ] --START--
INFO: Run Behavior\ShowPageTraceBehavior [ RunTime:0.000965s ]
INFO: [ app_end ] --END-- [ RunTime:0.001051s ]

[ 2016-06-08T14:57:01+08:00 ] ::1 /leader/Ledtech/Admin/add.html
INFO: [ app_init ] --START--
INFO: Run Behavior\BuildLiteBehavior [ RunTime:0.000015s ]
INFO: [ app_init ] --END-- [ RunTime:0.000441s ]
INFO: [ app_begin ] --START--
INFO: Run Behavior\ReadHtmlCacheBehavior [ RunTime:0.000967s ]
INFO: [ app_begin ] --END-- [ RunTime:0.001079s ]
INFO: [ view_parse ] --START--
INFO: [ template_filter ] --START--
INFO: Run Behavior\ContentReplaceBehavior [ RunTime:0.000089s ]
INFO: [ template_filter ] --END-- [ RunTime:0.000150s ]
INFO: Run Behavior\ParseTemplateBehavior [ RunTime:0.007957s ]
INFO: [ view_parse ] --END-- [ RunTime:0.008010s ]
INFO: [ view_filter ] --START--
INFO: Run Behavior\WriteHtmlCacheBehavior [ RunTime:0.000455s ]
INFO: [ view_filter ] --END-- [ RunTime:0.000496s ]
INFO: [ app_end ] --START--
INFO: Run Behavior\ShowPageTraceBehavior [ RunTime:0.000681s ]
INFO: [ app_end ] --END-- [ RunTime:0.000739s ]

[ 2016-06-08T14:58:35+08:00 ] ::1 /leader/Ledtech/Goods/index.html
INFO: [ app_init ] --START--
INFO: Run Behavior\BuildLiteBehavior [ RunTime:0.000024s ]
INFO: [ app_init ] --END-- [ RunTime:0.000805s ]
INFO: [ app_begin ] --START--
INFO: Run Behavior\ReadHtmlCacheBehavior [ RunTime:0.000662s ]
INFO: [ app_begin ] --END-- [ RunTime:0.000726s ]
SQL: SHOW COLUMNS FROM `zz_goods` [ RunTime:0.0136s ]
SQL: SELECT COUNT(*) AS tp_count FROM `zz_goods` LIMIT 1   [ RunTime:0.0012s ]
SQL: SELECT * FROM `zz_goods` ORDER BY time desc LIMIT 0,8   [ RunTime:0.0015s ]
INFO: [ view_parse ] --START--
INFO: [ template_filter ] --START--
INFO: Run Behavior\ContentReplaceBehavior [ RunTime:0.000191s ]
INFO: [ template_filter ] --END-- [ RunTime:0.000304s ]
INFO: Run Behavior\ParseTemplateBehavior [ RunTime:0.026664s ]
INFO: [ view_parse ] --END-- [ RunTime:0.026834s ]
INFO: [ view_filter ] --START--
INFO: Run Behavior\WriteHtmlCacheBehavior [ RunTime:0.001931s ]
INFO: [ view_filter ] --END-- [ RunTime:0.002100s ]
INFO: [ app_end ] --START--
INFO: Run Behavior\ShowPageTraceBehavior [ RunTime:0.001575s ]
INFO: [ app_end ] --END-- [ RunTime:0.001726s ]

[ 2016-06-08T14:58:39+08:00 ] ::1 /leader/Ledtech/Goods/index.html?order=desc&sort=0&table_search=
INFO: [ app_init ] --START--
INFO: Run Behavior\BuildLiteBehavior [ RunTime:0.000018s ]
INFO: [ app_init ] --END-- [ RunTime:0.000396s ]
INFO: [ app_begin ] --START--
INFO: Run Behavior\ReadHtmlCacheBehavior [ RunTime:0.000564s ]
INFO: [ app_begin ] --END-- [ RunTime:0.000612s ]
SQL: SHOW COLUMNS FROM `zz_goods` [ RunTime:0.0119s ]
SQL: SELECT COUNT(*) AS tp_count FROM `zz_goods` LIMIT 1   [ RunTime:0.0009s ]
SQL: SELECT * FROM `zz_goods` ORDER BY time desc LIMIT 0,8   [ RunTime:0.0014s ]
INFO: [ view_parse ] --START--
INFO: [ template_filter ] --START--
INFO: Run Behavior\ContentReplaceBehavior [ RunTime:0.000193s ]
INFO: [ template_filter ] --END-- [ RunTime:0.000305s ]
INFO: Run Behavior\ParseTemplateBehavior [ RunTime:0.034562s ]
INFO: [ view_parse ] --END-- [ RunTime:0.034741s ]
INFO: [ view_filter ] --START--
INFO: Run Behavior\WriteHtmlCacheBehavior [ RunTime:0.001280s ]
INFO: [ view_filter ] --END-- [ RunTime:0.001409s ]
INFO: [ app_end ] --START--
INFO: Run Behavior\ShowPageTraceBehavior [ RunTime:0.002011s ]
INFO: [ app_end ] --END-- [ RunTime:0.002151s ]

[ 2016-06-08T14:58:46+08:00 ] ::1 /leader/Ledtech/Goods/index.html?order=desc&sort=0&table_search=
INFO: [ app_init ] --START--
INFO: Run Behavior\BuildLiteBehavior [ RunTime:0.000012s ]
INFO: [ app_init ] --END-- [ RunTime:0.000400s ]
INFO: [ app_begin ] --START--
INFO: Run Behavior\ReadHtmlCacheBehavior [ RunTime:0.000535s ]
INFO: [ app_begin ] --END-- [ RunTime:0.000584s ]
SQL: SHOW COLUMNS FROM `zz_goods` [ RunTime:0.0109s ]
SQL: SELECT COUNT(*) AS tp_count FROM `zz_goods` LIMIT 1   [ RunTime:0.0006s ]
SQL: SELECT * FROM `zz_goods` ORDER BY time desc LIMIT 0,8   [ RunTime:0.0007s ]
INFO: [ view_parse ] --START--
INFO: [ template_filter ] --START--
INFO: Run Behavior\ContentReplaceBehavior [ RunTime:0.000129s ]
INFO: [ template_filter ] --END-- [ RunTime:0.000213s ]
INFO: Run Behavior\ParseTemplateBehavior [ RunTime:0.019947s ]
INFO: [ view_parse ] --END-- [ RunTime:0.020066s ]
INFO: [ view_filter ] --START--
INFO: Run Behavior\WriteHtmlCacheBehavior [ RunTime:0.000790s ]
INFO: [ view_filter ] --END-- [ RunTime:0.000911s ]
INFO: [ app_end ] --START--
INFO: Run Behavior\ShowPageTraceBehavior [ RunTime:0.001146s ]
INFO: [ app_end ] --END-- [ RunTime:0.001262s ]

[ 2016-06-08T14:58:50+08:00 ] ::1 /leader/Ledtech/Goods/index.html?order=desc&sort=0&table_search=
INFO: [ app_init ] --START--
INFO: Run Behavior\BuildLiteBehavior [ RunTime:0.000014s ]
INFO: [ app_init ] --END-- [ RunTime:0.000439s ]
INFO: [ app_begin ] --START--
INFO: Run Behavior\ReadHtmlCacheBehavior [ RunTime:0.000591s ]
INFO: [ app_begin ] --END-- [ RunTime:0.000644s ]
SQL: SHOW COLUMNS FROM `zz_goods` [ RunTime:0.0126s ]
SQL: SELECT COUNT(*) AS tp_count FROM `zz_goods` LIMIT 1   [ RunTime:0.0014s ]
SQL: SELECT * FROM `zz_goods` ORDER BY time desc LIMIT 0,8   [ RunTime:0.0014s ]
INFO: [ view_parse ] --START--
INFO: [ template_filter ] --START--
INFO: Run Behavior\ContentReplaceBehavior [ RunTime:0.000219s ]
INFO: [ template_filter ] --END-- [ RunTime:0.000340s ]
INFO: Run Behavior\ParseTemplateBehavior [ RunTime:0.033363s ]
INFO: [ view_parse ] --END-- [ RunTime:0.033527s ]
INFO: [ view_filter ] --START--
INFO: Run Behavior\WriteHtmlCacheBehavior [ RunTime:0.001145s ]
INFO: [ view_filter ] --END-- [ RunTime:0.001317s ]
INFO: [ app_end ] --START--
INFO: Run Behavior\ShowPageTraceBehavior [ RunTime:0.001882s ]
INFO: [ app_end ] --END-- [ RunTime:0.002041s ]

[ 2016-06-08T14:58:55+08:00 ] ::1 /leader/Ledtech/Goods/index.html?order=desc&sort=0&table_search=
INFO: [ app_init ] --START--
INFO: Run Behavior\BuildLiteBehavior [ RunTime:0.000013s ]
INFO: [ app_init ] --END-- [ RunTime:0.000389s ]
INFO: [ app_begin ] --START--
INFO: Run Behavior\ReadHtmlCacheBehavior [ RunTime:0.000658s ]
INFO: [ app_begin ] --END-- [ RunTime:0.000730s ]
SQL: SHOW COLUMNS FROM `zz_goods` [ RunTime:0.0126s ]
SQL: SELECT COUNT(*) AS tp_count FROM `zz_goods` LIMIT 1   [ RunTime:0.0005s ]
SQL: SELECT * FROM `zz_goods` ORDER BY time desc LIMIT 0,8   [ RunTime:0.0007s ]
INFO: [ view_parse ] --START--
INFO: [ template_filter ] --START--
INFO: Run Behavior\ContentReplaceBehavior [ RunTime:0.000290s ]
INFO: [ template_filter ] --END-- [ RunTime:0.000472s ]
INFO: Run Behavior\ParseTemplateBehavior [ RunTime:0.026831s ]
INFO: [ view_parse ] --END-- [ RunTime:0.026963s ]
INFO: [ view_filter ] --START--
INFO: Run Behavior\WriteHtmlCacheBehavior [ RunTime:0.001226s ]
INFO: [ view_filter ] --END-- [ RunTime:0.001424s ]
INFO: [ app_end ] --START--
INFO: Run Behavior\ShowPageTraceBehavior [ RunTime:0.003410s ]
INFO: [ app_end ] --END-- [ RunTime:0.003622s ]

[ 2016-06-08T15:03:21+08:00 ] ::1 /leader/Ledtech/Goods/index.html?order=desc&sort=0&table_search=
INFO: [ app_init ] --START--
INFO: Run Behavior\BuildLiteBehavior [ RunTime:0.000020s ]
INFO: [ app_init ] --END-- [ RunTime:0.000789s ]
INFO: [ app_begin ] --START--
INFO: Run Behavior\ReadHtmlCacheBehavior [ RunTime:0.000727s ]
INFO: [ app_begin ] --END-- [ RunTime:0.000811s ]
SQL: SHOW COLUMNS FROM `zz_goods` [ RunTime:0.0026s ]
NOTIC: [8] Undefined variable: count C:\PHPstudy\WWW\leader\App\Ledtech\Controller\GoodsController.class.php 第 15 行.
SQL: SELECT COUNT(*) AS tp_count FROM `zz_goods` WHERE `sort` = 0 LIMIT 1   [ RunTime:0.0003s ]
SQL: SELECT * FROM `zz_goods` WHERE `sort` = 0 LIMIT 0,8   [ RunTime:0.0002s ]
INFO: [ view_parse ] --START--
INFO: [ template_filter ] --START--
INFO: Run Behavior\ContentReplaceBehavior [ RunTime:0.000091s ]
INFO: [ template_filter ] --END-- [ RunTime:0.000149s ]
INFO: Run Behavior\ParseTemplateBehavior [ RunTime:0.011193s ]
INFO: [ view_parse ] --END-- [ RunTime:0.011249s ]
INFO: [ view_filter ] --START--
INFO: Run Behavior\WriteHtmlCacheBehavior [ RunTime:0.000401s ]
INFO: [ view_filter ] --END-- [ RunTime:0.000439s ]
INFO: [ app_end ] --START--
INFO: Run Behavior\ShowPageTraceBehavior [ RunTime:0.000663s ]
INFO: [ app_end ] --END-- [ RunTime:0.000726s ]

[ 2016-06-08T15:03:24+08:00 ] ::1 /leader/Ledtech/Goods/index.html?order=desc&sort=0&table_search=
INFO: [ app_init ] --START--
INFO: Run Behavior\BuildLiteBehavior [ RunTime:0.000012s ]
INFO: [ app_init ] --END-- [ RunTime:0.000375s ]
INFO: [ app_begin ] --START--
INFO: Run Behavior\ReadHtmlCacheBehavior [ RunTime:0.000563s ]
INFO: [ app_begin ] --END-- [ RunTime:0.000619s ]
SQL: SHOW COLUMNS FROM `zz_goods` [ RunTime:0.0067s ]
NOTIC: [8] Undefined variable: count C:\PHPstudy\WWW\leader\App\Ledtech\Controller\GoodsController.class.php 第 15 行.
SQL: SELECT COUNT(*) AS tp_count FROM `zz_goods` WHERE `sort` = 0 LIMIT 1   [ RunTime:0.0006s ]
SQL: SELECT * FROM `zz_goods` WHERE `sort` = 0 LIMIT 0,8   [ RunTime:0.0006s ]
INFO: [ view_parse ] --START--
INFO: [ template_filter ] --START--
INFO: Run Behavior\ContentReplaceBehavior [ RunTime:0.000223s ]
INFO: [ template_filter ] --END-- [ RunTime:0.000370s ]
INFO: Run Behavior\ParseTemplateBehavior [ RunTime:0.023082s ]
INFO: [ view_parse ] --END-- [ RunTime:0.023200s ]
INFO: [ view_filter ] --START--
INFO: Run Behavior\WriteHtmlCacheBehavior [ RunTime:0.000644s ]
INFO: [ view_filter ] --END-- [ RunTime:0.000708s ]
INFO: [ app_end ] --START--
INFO: Run Behavior\ShowPageTraceBehavior [ RunTime:0.001043s ]
INFO: [ app_end ] --END-- [ RunTime:0.001141s ]

[ 2016-06-08T15:04:03+08:00 ] ::1 /leader/Ledtech/Goods/index.html?order=desc&sort=0&table_search=
INFO: [ app_init ] --START--
INFO: Run Behavior\BuildLiteBehavior [ RunTime:0.000024s ]
INFO: [ app_init ] --END-- [ RunTime:0.000731s ]
INFO: [ app_begin ] --START--
INFO: Run Behavior\ReadHtmlCacheBehavior [ RunTime:0.000672s ]
INFO: [ app_begin ] --END-- [ RunTime:0.000736s ]
SQL: SHOW COLUMNS FROM `zz_goods` [ RunTime:0.0129s ]

[ 2016-06-08T15:04:06+08:00 ] ::1 /leader/Ledtech/Goods/index.html
INFO: [ app_init ] --START--
INFO: Run Behavior\BuildLiteBehavior [ RunTime:0.000012s ]
INFO: [ app_init ] --END-- [ RunTime:0.000371s ]
INFO: [ app_begin ] --START--
INFO: Run Behavior\ReadHtmlCacheBehavior [ RunTime:0.000605s ]
INFO: [ app_begin ] --END-- [ RunTime:0.000661s ]
SQL: SHOW COLUMNS FROM `zz_goods` [ RunTime:0.0141s ]

[ 2016-06-08T15:04:13+08:00 ] ::1 /leader/Ledtech/Goods/index.html
INFO: [ app_init ] --START--
INFO: Run Behavior\BuildLiteBehavior [ RunTime:0.000036s ]
INFO: [ app_init ] --END-- [ RunTime:0.000613s ]
INFO: [ app_begin ] --START--
INFO: Run Behavior\ReadHtmlCacheBehavior [ RunTime:0.000619s ]
INFO: [ app_begin ] --END-- [ RunTime:0.000684s ]
SQL: SHOW COLUMNS FROM `zz_goods` [ RunTime:0.0151s ]
SQL: SELECT COUNT(*) AS tp_count FROM `zz_goods` LIMIT 1   [ RunTime:0.0009s ]
SQL: SELECT * FROM `zz_goods` ORDER BY time desc LIMIT 0,8   [ RunTime:0.0012s ]
INFO: [ view_parse ] --START--
INFO: [ template_filter ] --START--
INFO: Run Behavior\ContentReplaceBehavior [ RunTime:0.000196s ]
INFO: [ template_filter ] --END-- [ RunTime:0.000312s ]
INFO: Run Behavior\ParseTemplateBehavior [ RunTime:0.039011s ]
INFO: [ view_parse ] --END-- [ RunTime:0.039181s ]
INFO: [ view_filter ] --START--
INFO: Run Behavior\WriteHtmlCacheBehavior [ RunTime:0.001187s ]
INFO: [ view_filter ] --END-- [ RunTime:0.001283s ]
INFO: [ app_end ] --START--
INFO: Run Behavior\ShowPageTraceBehavior [ RunTime:0.002176s ]
INFO: [ app_end ] --END-- [ RunTime:0.002341s ]

[ 2016-06-08T15:04:17+08:00 ] ::1 /leader/Ledtech/Goods/index.html?order=adc&sort=3&table_search=
INFO: [ app_init ] --START--
INFO: Run Behavior\BuildLiteBehavior [ RunTime:0.000071s ]
INFO: [ app_init ] --END-- [ RunTime:0.000989s ]
INFO: [ app_begin ] --START--
INFO: Run Behavior\ReadHtmlCacheBehavior [ RunTime:0.000600s ]
INFO: [ app_begin ] --END-- [ RunTime:0.000652s ]
SQL: SHOW COLUMNS FROM `zz_goods` [ RunTime:0.0131s ]
NOTIC: [8] Undefined variable: count C:\PHPstudy\WWW\leader\App\Ledtech\Controller\GoodsController.class.php 第 14 行.
SQL: SELECT COUNT(*) AS tp_count FROM `zz_goods` WHERE `sort` = 3 LIMIT 1   [ RunTime:0.0010s ]
SQL: SELECT * FROM `zz_goods` WHERE `sort` = 3 LIMIT 0,8   [ RunTime:0.0006s ]
INFO: [ view_parse ] --START--
INFO: [ template_filter ] --START--
INFO: Run Behavior\ContentReplaceBehavior [ RunTime:0.000223s ]
INFO: [ template_filter ] --END-- [ RunTime:0.000349s ]
INFO: Run Behavior\ParseTemplateBehavior [ RunTime:0.025146s ]
INFO: [ view_parse ] --END-- [ RunTime:0.025272s ]
INFO: [ view_filter ] --START--
INFO: Run Behavior\WriteHtmlCacheBehavior [ RunTime:0.001108s ]
INFO: [ view_filter ] --END-- [ RunTime:0.001212s ]
INFO: [ app_end ] --START--
INFO: Run Behavior\ShowPageTraceBehavior [ RunTime:0.002497s ]
INFO: [ app_end ] --END-- [ RunTime:0.002656s ]

[ 2016-06-08T15:04:24+08:00 ] ::1 /leader/Ledtech/Goods/index.html?order=adc&sort=3&table_search=
INFO: [ app_init ] --START--
INFO: Run Behavior\BuildLiteBehavior [ RunTime:0.000049s ]
INFO: [ app_init ] --END-- [ RunTime:0.000685s ]
INFO: [ app_begin ] --START--
INFO: Run Behavior\ReadHtmlCacheBehavior [ RunTime:0.000661s ]
INFO: [ app_begin ] --END-- [ RunTime:0.000721s ]
SQL: SHOW COLUMNS FROM `zz_goods` [ RunTime:0.0068s ]

[ 2016-06-08T15:04:34+08:00 ] ::1 /leader/Ledtech/Goods/index.html
INFO: [ app_init ] --START--
INFO: Run Behavior\BuildLiteBehavior [ RunTime:0.000025s ]
INFO: [ app_init ] --END-- [ RunTime:0.000660s ]
INFO: [ app_begin ] --START--
INFO: Run Behavior\ReadHtmlCacheBehavior [ RunTime:0.000811s ]
INFO: [ app_begin ] --END-- [ RunTime:0.000927s ]
SQL: SHOW COLUMNS FROM `zz_goods` [ RunTime:0.0028s ]
SQL: SELECT COUNT(*) AS tp_count FROM `zz_goods` LIMIT 1   [ RunTime:0.0002s ]
SQL: SELECT * FROM `zz_goods` ORDER BY time desc LIMIT 0,8   [ RunTime:0.0003s ]
INFO: [ view_parse ] --START--
INFO: [ template_filter ] --START--
INFO: Run Behavior\ContentReplaceBehavior [ RunTime:0.000090s ]
INFO: [ template_filter ] --END-- [ RunTime:0.000149s ]
INFO: Run Behavior\ParseTemplateBehavior [ RunTime:0.010210s ]
INFO: [ view_parse ] --END-- [ RunTime:0.010279s ]
INFO: [ view_filter ] --START--
INFO: Run Behavior\WriteHtmlCacheBehavior [ RunTime:0.000432s ]
INFO: [ view_filter ] --END-- [ RunTime:0.000475s ]
INFO: [ app_end ] --START--
INFO: Run Behavior\ShowPageTraceBehavior [ RunTime:0.000610s ]
INFO: [ app_end ] --END-- [ RunTime:0.000679s ]

[ 2016-06-08T15:04:44+08:00 ] ::1 /leader/Ledtech/Goods/index.html
INFO: [ app_init ] --START--
INFO: Run Behavior\BuildLiteBehavior [ RunTime:0.000034s ]
INFO: [ app_init ] --END-- [ RunTime:0.000766s ]
INFO: [ app_begin ] --START--
INFO: Run Behavior\ReadHtmlCacheBehavior [ RunTime:0.000967s ]
INFO: [ app_begin ] --END-- [ RunTime:0.001068s ]
SQL: SHOW COLUMNS FROM `zz_goods` [ RunTime:0.0105s ]
SQL: SELECT COUNT(*) AS tp_count FROM `zz_goods` LIMIT 1   [ RunTime:0.0007s ]
SQL: SELECT * FROM `zz_goods` ORDER BY time desc LIMIT 0,8   [ RunTime:0.0011s ]
INFO: [ view_parse ] --START--
INFO: [ template_filter ] --START--
INFO: Run Behavior\ContentReplaceBehavior [ RunTime:0.000154s ]
INFO: [ template_filter ] --END-- [ RunTime:0.000242s ]
INFO: Run Behavior\ParseTemplateBehavior [ RunTime:0.029710s ]
INFO: [ view_parse ] --END-- [ RunTime:0.029852s ]
INFO: [ view_filter ] --START--
INFO: Run Behavior\WriteHtmlCacheBehavior [ RunTime:0.000734s ]
INFO: [ view_filter ] --END-- [ RunTime:0.000819s ]
INFO: [ app_end ] --START--
INFO: Run Behavior\ShowPageTraceBehavior [ RunTime:0.001044s ]
INFO: [ app_end ] --END-- [ RunTime:0.001156s ]

[ 2016-06-08T15:04:47+08:00 ] ::1 /leader/Ledtech/Goods/index.html?order=adc&sort=1&table_search=
INFO: [ app_init ] --START--
INFO: Run Behavior\BuildLiteBehavior [ RunTime:0.000013s ]
INFO: [ app_init ] --END-- [ RunTime:0.000356s ]
INFO: [ app_begin ] --START--
INFO: Run Behavior\ReadHtmlCacheBehavior [ RunTime:0.000608s ]
INFO: [ app_begin ] --END-- [ RunTime:0.000670s ]
SQL: SHOW COLUMNS FROM `zz_goods` [ RunTime:0.0152s ]
NOTIC: [8] Undefined variable: count C:\PHPstudy\WWW\leader\App\Ledtech\Controller\GoodsController.class.php 第 14 行.
SQL: SELECT COUNT(*) AS tp_count FROM `zz_goods` WHERE `sort` = 1 LIMIT 1   [ RunTime:0.0006s ]
SQL: SELECT * FROM `zz_goods` WHERE `sort` = 1 LIMIT 0,8   [ RunTime:0.0007s ]
INFO: [ view_parse ] --START--
INFO: [ template_filter ] --START--
INFO: Run Behavior\ContentReplaceBehavior [ RunTime:0.000319s ]
INFO: [ template_filter ] --END-- [ RunTime:0.000500s ]
INFO: Run Behavior\ParseTemplateBehavior [ RunTime:0.022820s ]
INFO: [ view_parse ] --END-- [ RunTime:0.022954s ]
INFO: [ view_filter ] --START--
INFO: Run Behavior\WriteHtmlCacheBehavior [ RunTime:0.001010s ]
INFO: [ view_filter ] --END-- [ RunTime:0.001101s ]
INFO: [ app_end ] --START--
INFO: Run Behavior\ShowPageTraceBehavior [ RunTime:0.001159s ]
INFO: [ app_end ] --END-- [ RunTime:0.001258s ]

[ 2016-06-08T15:04:57+08:00 ] ::1 /leader/Ledtech/Goods/index.html?order=adc&sort=1&table_search=
INFO: [ app_init ] --START--
INFO: Run Behavior\BuildLiteBehavior [ RunTime:0.000012s ]
INFO: [ app_init ] --END-- [ RunTime:0.000360s ]
INFO: [ app_begin ] --START--
INFO: Run Behavior\ReadHtmlCacheBehavior [ RunTime:0.000573s ]
INFO: [ app_begin ] --END-- [ RunTime:0.000618s ]
SQL: SHOW COLUMNS FROM `zz_goods` [ RunTime:0.0091s ]
NOTIC: [8] Undefined variable: count C:\PHPstudy\WWW\leader\App\Ledtech\Controller\GoodsController.class.php 第 14 行.
SQL: SELECT COUNT(*) AS tp_count FROM `zz_goods` WHERE `sort` = 1 LIMIT 1   [ RunTime:0.0005s ]
SQL: SELECT * FROM `zz_goods` WHERE `sort` = 1 LIMIT 0,8   [ RunTime:0.0005s ]
INFO: [ view_parse ] --START--
INFO: [ template_filter ] --START--
INFO: Run Behavior\ContentReplaceBehavior [ RunTime:0.000200s ]
INFO: [ template_filter ] --END-- [ RunTime:0.000309s ]
INFO: Run Behavior\ParseTemplateBehavior [ RunTime:0.021279s ]
INFO: [ view_parse ] --END-- [ RunTime:0.021363s ]
INFO: [ view_filter ] --START--
INFO: Run Behavior\WriteHtmlCacheBehavior [ RunTime:0.000562s ]
INFO: [ view_filter ] --END-- [ RunTime:0.000610s ]
INFO: [ app_end ] --START--
INFO: Run Behavior\ShowPageTraceBehavior [ RunTime:0.000820s ]
INFO: [ app_end ] --END-- [ RunTime:0.000910s ]

[ 2016-06-08T15:05:42+08:00 ] ::1 /leader/Ledtech/Goods/index.html?order=adc&sort=1&table_search=
INFO: [ app_init ] --START--
INFO: Run Behavior\BuildLiteBehavior [ RunTime:0.000048s ]
INFO: [ app_init ] --END-- [ RunTime:0.000789s ]
INFO: [ app_begin ] --START--
INFO: Run Behavior\ReadHtmlCacheBehavior [ RunTime:0.000932s ]
INFO: [ app_begin ] --END-- [ RunTime:0.001096s ]
SQL: SHOW COLUMNS FROM `zz_goods` [ RunTime:0.0023s ]
NOTIC: [8] Undefined variable: count C:\PHPstudy\WWW\leader\App\Ledtech\Controller\GoodsController.class.php 第 14 行.
SQL: SELECT COUNT(*) AS tp_count FROM `zz_goods` WHERE `sort` = 1 LIMIT 1   [ RunTime:0.0003s ]
SQL: SELECT * FROM `zz_goods` WHERE `sort` = 1 LIMIT 0,8   [ RunTime:0.0004s ]
INFO: [ view_parse ] --START--
INFO: [ template_filter ] --START--
INFO: Run Behavior\ContentReplaceBehavior [ RunTime:0.000088s ]
INFO: [ template_filter ] --END-- [ RunTime:0.000139s ]
INFO: Run Behavior\ParseTemplateBehavior [ RunTime:0.009667s ]
INFO: [ view_parse ] --END-- [ RunTime:0.009730s ]
INFO: [ view_filter ] --START--
INFO: Run Behavior\WriteHtmlCacheBehavior [ RunTime:0.000423s ]
INFO: [ view_filter ] --END-- [ RunTime:0.000462s ]
INFO: [ app_end ] --START--
INFO: Run Behavior\ShowPageTraceBehavior [ RunTime:0.000572s ]
INFO: [ app_end ] --END-- [ RunTime:0.000621s ]

[ 2016-06-08T15:06:05+08:00 ] ::1 /leader/Ledtech/Goods/index.html?order=adc&sort=1&table_search=
INFO: [ app_init ] --START--
INFO: Run Behavior\BuildLiteBehavior [ RunTime:0.000022s ]
INFO: [ app_init ] --END-- [ RunTime:0.000490s ]
INFO: [ app_begin ] --START--
INFO: Run Behavior\ReadHtmlCacheBehavior [ RunTime:0.001048s ]
INFO: [ app_begin ] --END-- [ RunTime:0.001218s ]
SQL: SHOW COLUMNS FROM `zz_goods` [ RunTime:0.0127s ]
NOTIC: [8] Undefined variable: count C:\PHPstudy\WWW\leader\App\Ledtech\Controller\GoodsController.class.php 第 14 行.
SQL: SELECT COUNT(*) AS tp_count FROM `zz_goods` WHERE `sort` = 1 LIMIT 1   [ RunTime:0.0012s ]
SQL: SELECT * FROM `zz_goods` WHERE `sort` = 1 LIMIT 0,8   [ RunTime:0.0015s ]
INFO: [ view_parse ] --START--
INFO: [ template_filter ] --START--
INFO: Run Behavior\ContentReplaceBehavior [ RunTime:0.000199s ]
INFO: [ template_filter ] --END-- [ RunTime:0.000320s ]
INFO: Run Behavior\ParseTemplateBehavior [ RunTime:0.030042s ]
INFO: [ view_parse ] --END-- [ RunTime:0.030274s ]
INFO: [ view_filter ] --START--
INFO: Run Behavior\WriteHtmlCacheBehavior [ RunTime:0.001070s ]
INFO: [ view_filter ] --END-- [ RunTime:0.001178s ]
INFO: [ app_end ] --START--
INFO: Run Behavior\ShowPageTraceBehavior [ RunTime:0.002686s ]
INFO: [ app_end ] --END-- [ RunTime:0.002944s ]

[ 2016-06-08T15:06:13+08:00 ] ::1 /leader/Ledtech/Goods/index.html?order=adc&sort=1&table_search=
INFO: [ app_init ] --START--
INFO: Run Behavior\BuildLiteBehavior [ RunTime:0.000023s ]
INFO: [ app_init ] --END-- [ RunTime:0.000627s ]
INFO: [ app_begin ] --START--
INFO: Run Behavior\ReadHtmlCacheBehavior [ RunTime:0.000570s ]
INFO: [ app_begin ] --END-- [ RunTime:0.000627s ]
SQL: SHOW COLUMNS FROM `zz_goods` [ RunTime:0.0043s ]
NOTIC: [8] Undefined variable: count C:\PHPstudy\WWW\leader\App\Ledtech\Controller\GoodsController.class.php 第 14 行.
SQL: SELECT COUNT(*) AS tp_count FROM `zz_goods` WHERE `sort` = 1 LIMIT 1   [ RunTime:0.0008s ]
SQL: SELECT * FROM `zz_goods` WHERE `sort` = 1 LIMIT 0,8   [ RunTime:0.0004s ]
INFO: [ view_parse ] --START--
INFO: [ template_filter ] --START--
INFO: Run Behavior\ContentReplaceBehavior [ RunTime:0.000088s ]
INFO: [ template_filter ] --END-- [ RunTime:0.000140s ]
INFO: Run Behavior\ParseTemplateBehavior [ RunTime:0.015071s ]
INFO: [ view_parse ] --END-- [ RunTime:0.015163s ]
INFO: [ view_filter ] --START--
INFO: Run Behavior\WriteHtmlCacheBehavior [ RunTime:0.000482s ]
INFO: [ view_filter ] --END-- [ RunTime:0.000528s ]
INFO: [ app_end ] --START--
INFO: Run Behavior\ShowPageTraceBehavior [ RunTime:0.001213s ]
INFO: [ app_end ] --END-- [ RunTime:0.001302s ]

[ 2016-06-08T15:06:17+08:00 ] ::1 /leader/Ledtech/Goods/index.html
INFO: [ app_init ] --START--
INFO: Run Behavior\BuildLiteBehavior [ RunTime:0.000012s ]
INFO: [ app_init ] --END-- [ RunTime:0.000331s ]
INFO: [ app_begin ] --START--
INFO: Run Behavior\ReadHtmlCacheBehavior [ RunTime:0.001080s ]
INFO: [ app_begin ] --END-- [ RunTime:0.001169s ]
SQL: SHOW COLUMNS FROM `zz_goods` [ RunTime:0.0063s ]
NOTIC: [8] Undefined variable: count C:\PHPstudy\WWW\leader\App\Ledtech\Controller\GoodsController.class.php 第 14 行.
SQL: SELECT COUNT(*) AS tp_count FROM `zz_goods` WHERE `sort` = 0 LIMIT 1   [ RunTime:0.0007s ]
SQL: SELECT * FROM `zz_goods` WHERE `sort` = 0 LIMIT 0,8   [ RunTime:0.0008s ]
INFO: [ view_parse ] --START--
INFO: [ template_filter ] --START--
INFO: Run Behavior\ContentReplaceBehavior [ RunTime:0.000208s ]
INFO: [ template_filter ] --END-- [ RunTime:0.000322s ]
INFO: Run Behavior\ParseTemplateBehavior [ RunTime:0.023982s ]
INFO: [ view_parse ] --END-- [ RunTime:0.024142s ]
INFO: [ view_filter ] --START--
INFO: Run Behavior\WriteHtmlCacheBehavior [ RunTime:0.000482s ]
INFO: [ view_filter ] --END-- [ RunTime:0.000529s ]
INFO: [ app_end ] --START--
INFO: Run Behavior\ShowPageTraceBehavior [ RunTime:0.001048s ]
INFO: [ app_end ] --END-- [ RunTime:0.001172s ]

[ 2016-06-08T15:06:21+08:00 ] ::1 /leader/Ledtech/Goods/index.html?order=adc&sort=1&table_search=
INFO: [ app_init ] --START--
INFO: Run Behavior\BuildLiteBehavior [ RunTime:0.000016s ]
INFO: [ app_init ] --END-- [ RunTime:0.000677s ]
INFO: [ app_begin ] --START--
INFO: Run Behavior\ReadHtmlCacheBehavior [ RunTime:0.000556s ]
INFO: [ app_begin ] --END-- [ RunTime:0.000619s ]
SQL: SHOW COLUMNS FROM `zz_goods` [ RunTime:0.0196s ]
NOTIC: [8] Undefined variable: count C:\PHPstudy\WWW\leader\App\Ledtech\Controller\GoodsController.class.php 第 14 行.
SQL: SELECT COUNT(*) AS tp_count FROM `zz_goods` WHERE `sort` = 1 LIMIT 1   [ RunTime:0.0005s ]
SQL: SELECT * FROM `zz_goods` WHERE `sort` = 1 LIMIT 0,8   [ RunTime:0.0006s ]
INFO: [ view_parse ] --START--
INFO: [ template_filter ] --START--
INFO: Run Behavior\ContentReplaceBehavior [ RunTime:0.000205s ]
INFO: [ template_filter ] --END-- [ RunTime:0.000346s ]
INFO: Run Behavior\ParseTemplateBehavior [ RunTime:0.024541s ]
INFO: [ view_parse ] --END-- [ RunTime:0.024658s ]
INFO: [ view_filter ] --START--
INFO: Run Behavior\WriteHtmlCacheBehavior [ RunTime:0.000920s ]
INFO: [ view_filter ] --END-- [ RunTime:0.001008s ]
INFO: [ app_end ] --START--
INFO: Run Behavior\ShowPageTraceBehavior [ RunTime:0.001247s ]
INFO: [ app_end ] --END-- [ RunTime:0.001351s ]

[ 2016-06-08T15:06:25+08:00 ] ::1 /leader/Ledtech/Goods/index.html?order=adc&sort=1&table_search=
INFO: [ app_init ] --START--
INFO: Run Behavior\BuildLiteBehavior [ RunTime:0.000075s ]
INFO: [ app_init ] --END-- [ RunTime:0.001140s ]
INFO: [ app_begin ] --START--
INFO: Run Behavior\ReadHtmlCacheBehavior [ RunTime:0.000568s ]
INFO: [ app_begin ] --END-- [ RunTime:0.000619s ]
SQL: SHOW COLUMNS FROM `zz_goods` [ RunTime:0.0045s ]
NOTIC: [8] Undefined variable: count C:\PHPstudy\WWW\leader\App\Ledtech\Controller\GoodsController.class.php 第 14 行.
SQL: SELECT COUNT(*) AS tp_count FROM `zz_goods` WHERE `sort` = 1 LIMIT 1   [ RunTime:0.0004s ]
SQL: SELECT * FROM `zz_goods` WHERE `sort` = 1 LIMIT 0,8   [ RunTime:0.0003s ]
INFO: [ view_parse ] --START--
INFO: [ template_filter ] --START--
INFO: Run Behavior\ContentReplaceBehavior [ RunTime:0.000139s ]
INFO: [ template_filter ] --END-- [ RunTime:0.000254s ]
INFO: Run Behavior\ParseTemplateBehavior [ RunTime:0.014267s ]
INFO: [ view_parse ] --END-- [ RunTime:0.014372s ]
INFO: [ view_filter ] --START--
INFO: Run Behavior\WriteHtmlCacheBehavior [ RunTime:0.000579s ]
INFO: [ view_filter ] --END-- [ RunTime:0.000637s ]
INFO: [ app_end ] --START--
INFO: Run Behavior\ShowPageTraceBehavior [ RunTime:0.001092s ]
INFO: [ app_end ] --END-- [ RunTime:0.001189s ]

[ 2016-06-08T15:06:36+08:00 ] ::1 /leader/Ledtech/Goods/index.html?order=adc&sort=1&table_search=
INFO: [ app_init ] --START--
INFO: Run Behavior\BuildLiteBehavior [ RunTime:0.000036s ]
INFO: [ app_init ] --END-- [ RunTime:0.000728s ]
INFO: [ app_begin ] --START--
INFO: Run Behavior\ReadHtmlCacheBehavior [ RunTime:0.001312s ]
INFO: [ app_begin ] --END-- [ RunTime:0.001434s ]
SQL: SHOW COLUMNS FROM `zz_goods` [ RunTime:0.0041s ]
NOTIC: [8] Undefined variable: count C:\PHPstudy\WWW\leader\App\Ledtech\Controller\GoodsController.class.php 第 14 行.
SQL: SELECT COUNT(*) AS tp_count FROM `zz_goods` WHERE `sort` = 1 LIMIT 1   [ RunTime:0.0005s ]
SQL: SELECT * FROM `zz_goods` WHERE `sort` = 1 LIMIT 0,8   [ RunTime:0.0007s ]
INFO: [ view_parse ] --START--
INFO: [ template_filter ] --START--
INFO: Run Behavior\ContentReplaceBehavior [ RunTime:0.000157s ]
INFO: [ template_filter ] --END-- [ RunTime:0.000245s ]
INFO: Run Behavior\ParseTemplateBehavior [ RunTime:0.018510s ]
INFO: [ view_parse ] --END-- [ RunTime:0.018609s ]
INFO: [ view_filter ] --START--
INFO: Run Behavior\WriteHtmlCacheBehavior [ RunTime:0.000968s ]
INFO: [ view_filter ] --END-- [ RunTime:0.001053s ]
INFO: [ app_end ] --START--
INFO: Run Behavior\ShowPageTraceBehavior [ RunTime:0.001768s ]
INFO: [ app_end ] --END-- [ RunTime:0.001891s ]

[ 2016-06-08T15:06:39+08:00 ] ::1 /leader/Ledtech/Goods/index.html
INFO: [ app_init ] --START--
INFO: Run Behavior\BuildLiteBehavior [ RunTime:0.000014s ]
INFO: [ app_init ] --END-- [ RunTime:0.000394s ]
INFO: [ app_begin ] --START--
INFO: Run Behavior\ReadHtmlCacheBehavior [ RunTime:0.000627s ]
INFO: [ app_begin ] --END-- [ RunTime:0.000682s ]
SQL: SHOW COLUMNS FROM `zz_goods` [ RunTime:0.0037s ]
NOTIC: [8] Undefined variable: count C:\PHPstudy\WWW\leader\App\Ledtech\Controller\GoodsController.class.php 第 14 行.
SQL: SELECT COUNT(*) AS tp_count FROM `zz_goods` WHERE `sort` = 0 LIMIT 1   [ RunTime:0.0004s ]
SQL: SELECT * FROM `zz_goods` WHERE `sort` = 0 LIMIT 0,8   [ RunTime:0.0003s ]
INFO: [ view_parse ] --START--
INFO: [ template_filter ] --START--
INFO: Run Behavior\ContentReplaceBehavior [ RunTime:0.000120s ]
INFO: [ template_filter ] --END-- [ RunTime:0.000204s ]
INFO: Run Behavior\ParseTemplateBehavior [ RunTime:0.011989s ]
INFO: [ view_parse ] --END-- [ RunTime:0.012070s ]
INFO: [ view_filter ] --START--
INFO: Run Behavior\WriteHtmlCacheBehavior [ RunTime:0.000646s ]
INFO: [ view_filter ] --END-- [ RunTime:0.000713s ]
INFO: [ app_end ] --START--
INFO: Run Behavior\ShowPageTraceBehavior [ RunTime:0.001238s ]
INFO: [ app_end ] --END-- [ RunTime:0.001342s ]

[ 2016-06-08T15:06:57+08:00 ] ::1 /leader/Ledtech/Goods/index.html
INFO: [ app_init ] --START--
INFO: Run Behavior\BuildLiteBehavior [ RunTime:0.000017s ]
INFO: [ app_init ] --END-- [ RunTime:0.000595s ]
INFO: [ app_begin ] --START--
INFO: Run Behavior\ReadHtmlCacheBehavior [ RunTime:0.001398s ]
INFO: [ app_begin ] --END-- [ RunTime:0.001577s ]
SQL: SHOW COLUMNS FROM `zz_goods` [ RunTime:0.0082s ]
NOTIC: [8] Undefined variable: count C:\PHPstudy\WWW\leader\App\Ledtech\Controller\GoodsController.class.php 第 14 行.
SQL: SELECT COUNT(*) AS tp_count FROM `zz_goods` WHERE `sort` = 0 LIMIT 1   [ RunTime:0.0006s ]
SQL: SELECT * FROM `zz_goods` WHERE `sort` = 0 LIMIT 0,8   [ RunTime:0.0005s ]
INFO: [ view_parse ] --START--
INFO: [ template_filter ] --START--
INFO: Run Behavior\ContentReplaceBehavior [ RunTime:0.000124s ]
INFO: [ template_filter ] --END-- [ RunTime:0.000198s ]
INFO: Run Behavior\ParseTemplateBehavior [ RunTime:0.022676s ]
INFO: [ view_parse ] --END-- [ RunTime:0.022765s ]
INFO: [ view_filter ] --START--
INFO: Run Behavior\WriteHtmlCacheBehavior [ RunTime:0.000666s ]
INFO: [ view_filter ] --END-- [ RunTime:0.000734s ]
INFO: [ app_end ] --START--
INFO: Run Behavior\ShowPageTraceBehavior [ RunTime:0.001343s ]
INFO: [ app_end ] --END-- [ RunTime:0.001468s ]

